[1.374s] Invoking command in '/home/daniel/projects/tomauto_robot/src/dm': DEBUGINFOD_URLS=https://debuginfod.ubuntu.com PYTHONPATH=/home/daniel/projects/tomauto_robot/build/dm/prefix_override:/usr/lib/python3/dist-packages/colcon_core/task/python/colcon_distutils_commands:/home/daniel/projects/tomauto_robot/install/dm/lib/python3.12/site-packages:${PYTHONPATH} /usr/bin/python3 -W ignore:setup.py install is deprecated -W ignore:easy_install command is deprecated setup.py egg_info --egg-base ../../build/dm build --build-base /home/daniel/projects/tomauto_robot/build/dm/build install --record /home/daniel/projects/tomauto_robot/build/dm/install.log --single-version-externally-managed install_data
[1.798s] running egg_info
[1.823s] writing ../../build/dm/dm.egg-info/PKG-INFO
[1.823s] writing dependency_links to ../../build/dm/dm.egg-info/dependency_links.txt
[1.823s] writing entry points to ../../build/dm/dm.egg-info/entry_points.txt
[1.824s] writing requirements to ../../build/dm/dm.egg-info/requires.txt
[1.824s] writing top-level names to ../../build/dm/dm.egg-info/top_level.txt
[1.876s] reading manifest file '../../build/dm/dm.egg-info/SOURCES.txt'
[1.876s] writing manifest file '../../build/dm/dm.egg-info/SOURCES.txt'
[1.877s] running build
[1.877s] running build_py
[1.877s] copying dm/mock_dc_motors.py -> /home/daniel/projects/tomauto_robot/build/dm/build/lib/dm
[1.877s] running install
[1.887s] running install_lib
[1.912s] copying /home/daniel/projects/tomauto_robot/build/dm/build/lib/dm/mock_dc_motors.py -> /home/daniel/projects/tomauto_robot/install/dm/lib/python3.12/site-packages/dm
[1.913s] byte-compiling /home/daniel/projects/tomauto_robot/install/dm/lib/python3.12/site-packages/dm/mock_dc_motors.py to mock_dc_motors.cpython-312.pyc
[1.915s] running install_data
[1.915s] running install_egg_info
[1.945s] removing '/home/daniel/projects/tomauto_robot/install/dm/lib/python3.12/site-packages/dm-0.0.0-py3.12.egg-info' (and everything under it)
[1.945s] Copying ../../build/dm/dm.egg-info to /home/daniel/projects/tomauto_robot/install/dm/lib/python3.12/site-packages/dm-0.0.0-py3.12.egg-info
[1.946s] running install_scripts
[2.135s] Installing mock_dc_motors script to /home/daniel/projects/tomauto_robot/install/dm/lib/dm
[2.135s] writing list of installed files to '/home/daniel/projects/tomauto_robot/build/dm/install.log'
[2.199s] Invoked command in '/home/daniel/projects/tomauto_robot/src/dm' returned '0': DEBUGINFOD_URLS=https://debuginfod.ubuntu.com PYTHONPATH=/home/daniel/projects/tomauto_robot/build/dm/prefix_override:/usr/lib/python3/dist-packages/colcon_core/task/python/colcon_distutils_commands:/home/daniel/projects/tomauto_robot/install/dm/lib/python3.12/site-packages:${PYTHONPATH} /usr/bin/python3 -W ignore:setup.py install is deprecated -W ignore:easy_install command is deprecated setup.py egg_info --egg-base ../../build/dm build --build-base /home/daniel/projects/tomauto_robot/build/dm/build install --record /home/daniel/projects/tomauto_robot/build/dm/install.log --single-version-externally-managed install_data
