[0.357s] Invoking command in '/home/daniel/projects/tomauto_robot/dc_motors': DEBUGINFOD_URLS=https://debuginfod.ubuntu.com PYTHONPATH=/home/daniel/projects/tomauto_robot/build/dc_motors/prefix_override:/usr/lib/python3/dist-packages/colcon_core/task/python/colcon_distutils_commands:/home/daniel/projects/tomauto_robot/install/dc_motors/lib/python3.12/site-packages:${PYTHONPATH} /usr/bin/python3 -W ignore:setup.py install is deprecated -W ignore:easy_install command is deprecated setup.py egg_info --egg-base ../build/dc_motors build --build-base /home/daniel/projects/tomauto_robot/build/dc_motors/build install --record /home/daniel/projects/tomauto_robot/build/dc_motors/install.log --single-version-externally-managed install_data
[0.478s] running egg_info
[0.484s] writing ../build/dc_motors/dc_motors.egg-info/PKG-INFO
[0.485s] writing dependency_links to ../build/dc_motors/dc_motors.egg-info/dependency_links.txt
[0.485s] writing entry points to ../build/dc_motors/dc_motors.egg-info/entry_points.txt
[0.485s] writing requirements to ../build/dc_motors/dc_motors.egg-info/requires.txt
[0.485s] writing top-level names to ../build/dc_motors/dc_motors.egg-info/top_level.txt
[0.492s] reading manifest file '../build/dc_motors/dc_motors.egg-info/SOURCES.txt'
[0.492s] writing manifest file '../build/dc_motors/dc_motors.egg-info/SOURCES.txt'
[0.492s] running build
[0.492s] running install
[0.495s] running install_data
[0.495s] copying package.xml -> /home/daniel/projects/tomauto_robot/install/dc_motors/share/dc_motors
[0.495s] running install_egg_info
[0.509s] removing '/home/daniel/projects/tomauto_robot/install/dc_motors/lib/python3.12/site-packages/dc_motors-0.0.0-py3.12.egg-info' (and everything under it)
[0.510s] Copying ../build/dc_motors/dc_motors.egg-info to /home/daniel/projects/tomauto_robot/install/dc_motors/lib/python3.12/site-packages/dc_motors-0.0.0-py3.12.egg-info
[0.510s] running install_scripts
[0.561s] Installing mock_dc_motors script to /home/daniel/projects/tomauto_robot/install/dc_motors/lib/dc_motors
[0.561s] writing list of installed files to '/home/daniel/projects/tomauto_robot/build/dc_motors/install.log'
[0.573s] Invoked command in '/home/daniel/projects/tomauto_robot/dc_motors' returned '0': DEBUGINFOD_URLS=https://debuginfod.ubuntu.com PYTHONPATH=/home/daniel/projects/tomauto_robot/build/dc_motors/prefix_override:/usr/lib/python3/dist-packages/colcon_core/task/python/colcon_distutils_commands:/home/daniel/projects/tomauto_robot/install/dc_motors/lib/python3.12/site-packages:${PYTHONPATH} /usr/bin/python3 -W ignore:setup.py install is deprecated -W ignore:easy_install command is deprecated setup.py egg_info --egg-base ../build/dc_motors build --build-base /home/daniel/projects/tomauto_robot/build/dc_motors/build install --record /home/daniel/projects/tomauto_robot/build/dc_motors/install.log --single-version-externally-managed install_data
