[0.091s] DEBUG:colcon:Command line arguments: ['/usr/bin/colcon', 'build', '--packages-select', 'dm', 'controller', 'tomauto_interfaces']
[0.091s] DEBUG:colcon:Parsed command line arguments: Namespace(log_base=None, log_level=None, verb_name='build', build_base='build', install_base='install', merge_install=False, symlink_install=False, test_result_base=None, continue_on_error=False, executor='parallel', parallel_workers=8, event_handlers=None, ignore_user_meta=False, metas=['./colcon.meta'], base_paths=['.'], packages_ignore=None, packages_ignore_regex=None, paths=None, packages_up_to=None, packages_up_to_regex=None, packages_above=None, packages_above_and_dependencies=None, packages_above_depth=None, packages_select_by_dep=None, packages_skip_by_dep=None, packages_skip_up_to=None, packages_select_build_failed=False, packages_skip_build_finished=False, packages_select_test_failures=False, packages_skip_test_passed=False, packages_select=['dm', 'controller', 'tomauto_interfaces'], packages_skip=None, packages_select_regex=None, packages_skip_regex=None, packages_start=None, packages_end=None, allow_overriding=[], cmake_args=None, cmake_target=None, cmake_target_skip_unavailable=False, cmake_clean_cache=False, cmake_clean_first=False, cmake_force_configure=False, ament_cmake_args=None, catkin_cmake_args=None, catkin_skip_building_tests=False, mixin_files=None, mixin=None, verb_parser=<colcon_mixin.mixin.mixin_argument.MixinArgumentDecorator object at 0x71d74289d850>, verb_extension=<colcon_core.verb.build.BuildVerb object at 0x71d74289d550>, main=<bound method BuildVerb.main of <colcon_core.verb.build.BuildVerb object at 0x71d74289d550>>, mixin_verb=('build',))
[0.125s] Level 1:colcon.colcon_core.package_discovery:discover_packages(colcon_meta) check parameters
[0.125s] Level 1:colcon.colcon_core.package_discovery:discover_packages(recursive) check parameters
[0.125s] Level 1:colcon.colcon_core.package_discovery:discover_packages(ignore) check parameters
[0.125s] Level 1:colcon.colcon_core.package_discovery:discover_packages(path) check parameters
[0.125s] Level 1:colcon.colcon_core.package_discovery:discover_packages(colcon_meta) discover
[0.125s] Level 1:colcon.colcon_core.package_discovery:discover_packages(recursive) discover
[0.125s] INFO:colcon.colcon_core.package_discovery:Crawling recursively for packages in '/home/daniel/projects/tomauto_robot'
[0.125s] Level 1:colcon.colcon_core.package_identification:_identify(.) by extensions ['ignore', 'ignore_ament_install']
[0.125s] Level 1:colcon.colcon_core.package_identification:_identify(.) by extension 'ignore'
[0.125s] Level 1:colcon.colcon_core.package_identification:_identify(.) by extension 'ignore_ament_install'
[0.125s] Level 1:colcon.colcon_core.package_identification:_identify(.) by extensions ['colcon_pkg']
[0.125s] Level 1:colcon.colcon_core.package_identification:_identify(.) by extension 'colcon_pkg'
[0.125s] Level 1:colcon.colcon_core.package_identification:_identify(.) by extensions ['colcon_meta']
[0.125s] Level 1:colcon.colcon_core.package_identification:_identify(.) by extension 'colcon_meta'
[0.125s] Level 1:colcon.colcon_core.package_identification:_identify(.) by extensions ['ros']
[0.125s] Level 1:colcon.colcon_core.package_identification:_identify(.) by extension 'ros'
[0.148s] Level 1:colcon.colcon_core.package_identification:_identify(.) by extensions ['cmake', 'python']
[0.148s] Level 1:colcon.colcon_core.package_identification:_identify(.) by extension 'cmake'
[0.148s] Level 1:colcon.colcon_core.package_identification:_identify(.) by extension 'python'
[0.148s] Level 1:colcon.colcon_core.package_identification:_identify(.) by extensions ['python_setup_py']
[0.148s] Level 1:colcon.colcon_core.package_identification:_identify(.) by extension 'python_setup_py'
[0.148s] Level 1:colcon.colcon_core.package_identification:_identify(build) by extensions ['ignore', 'ignore_ament_install']
[0.148s] Level 1:colcon.colcon_core.package_identification:_identify(build) by extension 'ignore'
[0.148s] Level 1:colcon.colcon_core.package_identification:_identify(build) ignored
[0.148s] Level 1:colcon.colcon_core.package_identification:_identify(install) by extensions ['ignore', 'ignore_ament_install']
[0.149s] Level 1:colcon.colcon_core.package_identification:_identify(install) by extension 'ignore'
[0.149s] Level 1:colcon.colcon_core.package_identification:_identify(install) ignored
[0.149s] Level 1:colcon.colcon_core.package_identification:_identify(log) by extensions ['ignore', 'ignore_ament_install']
[0.149s] Level 1:colcon.colcon_core.package_identification:_identify(log) by extension 'ignore'
[0.149s] Level 1:colcon.colcon_core.package_identification:_identify(log) ignored
[0.149s] Level 1:colcon.colcon_core.package_identification:_identify(src) by extensions ['ignore', 'ignore_ament_install']
[0.149s] Level 1:colcon.colcon_core.package_identification:_identify(src) by extension 'ignore'
[0.149s] Level 1:colcon.colcon_core.package_identification:_identify(src) by extension 'ignore_ament_install'
[0.149s] Level 1:colcon.colcon_core.package_identification:_identify(src) by extensions ['colcon_pkg']
[0.149s] Level 1:colcon.colcon_core.package_identification:_identify(src) by extension 'colcon_pkg'
[0.149s] Level 1:colcon.colcon_core.package_identification:_identify(src) by extensions ['colcon_meta']
[0.149s] Level 1:colcon.colcon_core.package_identification:_identify(src) by extension 'colcon_meta'
[0.149s] Level 1:colcon.colcon_core.package_identification:_identify(src) by extensions ['ros']
[0.149s] Level 1:colcon.colcon_core.package_identification:_identify(src) by extension 'ros'
[0.149s] Level 1:colcon.colcon_core.package_identification:_identify(src) by extensions ['cmake', 'python']
[0.149s] Level 1:colcon.colcon_core.package_identification:_identify(src) by extension 'cmake'
[0.149s] Level 1:colcon.colcon_core.package_identification:_identify(src) by extension 'python'
[0.149s] Level 1:colcon.colcon_core.package_identification:_identify(src) by extensions ['python_setup_py']
[0.149s] Level 1:colcon.colcon_core.package_identification:_identify(src) by extension 'python_setup_py'
[0.149s] Level 1:colcon.colcon_core.package_identification:_identify(src/build) by extensions ['ignore', 'ignore_ament_install']
[0.149s] Level 1:colcon.colcon_core.package_identification:_identify(src/build) by extension 'ignore'
[0.149s] Level 1:colcon.colcon_core.package_identification:_identify(src/build) ignored
[0.149s] Level 1:colcon.colcon_core.package_identification:_identify(src/controller) by extensions ['ignore', 'ignore_ament_install']
[0.150s] Level 1:colcon.colcon_core.package_identification:_identify(src/controller) by extension 'ignore'
[0.150s] Level 1:colcon.colcon_core.package_identification:_identify(src/controller) by extension 'ignore_ament_install'
[0.150s] Level 1:colcon.colcon_core.package_identification:_identify(src/controller) by extensions ['colcon_pkg']
[0.150s] Level 1:colcon.colcon_core.package_identification:_identify(src/controller) by extension 'colcon_pkg'
[0.150s] Level 1:colcon.colcon_core.package_identification:_identify(src/controller) by extensions ['colcon_meta']
[0.150s] Level 1:colcon.colcon_core.package_identification:_identify(src/controller) by extension 'colcon_meta'
[0.150s] Level 1:colcon.colcon_core.package_identification:_identify(src/controller) by extensions ['ros']
[0.150s] Level 1:colcon.colcon_core.package_identification:_identify(src/controller) by extension 'ros'
[0.152s] DEBUG:colcon.colcon_core.package_identification:Package 'src/controller' with type 'ros.ament_python' and name 'controller'
[0.152s] Level 1:colcon.colcon_core.package_identification:_identify(src/dm) by extensions ['ignore', 'ignore_ament_install']
[0.152s] Level 1:colcon.colcon_core.package_identification:_identify(src/dm) by extension 'ignore'
[0.152s] Level 1:colcon.colcon_core.package_identification:_identify(src/dm) by extension 'ignore_ament_install'
[0.152s] Level 1:colcon.colcon_core.package_identification:_identify(src/dm) by extensions ['colcon_pkg']
[0.152s] Level 1:colcon.colcon_core.package_identification:_identify(src/dm) by extension 'colcon_pkg'
[0.152s] Level 1:colcon.colcon_core.package_identification:_identify(src/dm) by extensions ['colcon_meta']
[0.152s] Level 1:colcon.colcon_core.package_identification:_identify(src/dm) by extension 'colcon_meta'
[0.152s] Level 1:colcon.colcon_core.package_identification:_identify(src/dm) by extensions ['ros']
[0.152s] Level 1:colcon.colcon_core.package_identification:_identify(src/dm) by extension 'ros'
[0.153s] DEBUG:colcon.colcon_core.package_identification:Package 'src/dm' with type 'ros.ament_python' and name 'dm'
[0.153s] Level 1:colcon.colcon_core.package_identification:_identify(src/install) by extensions ['ignore', 'ignore_ament_install']
[0.153s] Level 1:colcon.colcon_core.package_identification:_identify(src/install) by extension 'ignore'
[0.153s] Level 1:colcon.colcon_core.package_identification:_identify(src/install) ignored
[0.153s] Level 1:colcon.colcon_core.package_identification:_identify(src/log) by extensions ['ignore', 'ignore_ament_install']
[0.153s] Level 1:colcon.colcon_core.package_identification:_identify(src/log) by extension 'ignore'
[0.153s] Level 1:colcon.colcon_core.package_identification:_identify(src/log) ignored
[0.153s] Level 1:colcon.colcon_core.package_identification:_identify(src/test) by extensions ['ignore', 'ignore_ament_install']
[0.153s] Level 1:colcon.colcon_core.package_identification:_identify(src/test) by extension 'ignore'
[0.153s] Level 1:colcon.colcon_core.package_identification:_identify(src/test) by extension 'ignore_ament_install'
[0.153s] Level 1:colcon.colcon_core.package_identification:_identify(src/test) by extensions ['colcon_pkg']
[0.153s] Level 1:colcon.colcon_core.package_identification:_identify(src/test) by extension 'colcon_pkg'
[0.153s] Level 1:colcon.colcon_core.package_identification:_identify(src/test) by extensions ['colcon_meta']
[0.153s] Level 1:colcon.colcon_core.package_identification:_identify(src/test) by extension 'colcon_meta'
[0.154s] Level 1:colcon.colcon_core.package_identification:_identify(src/test) by extensions ['ros']
[0.154s] Level 1:colcon.colcon_core.package_identification:_identify(src/test) by extension 'ros'
[0.154s] Level 1:colcon.colcon_core.package_identification:_identify(src/test) by extensions ['cmake', 'python']
[0.154s] Level 1:colcon.colcon_core.package_identification:_identify(src/test) by extension 'cmake'
[0.154s] Level 1:colcon.colcon_core.package_identification:_identify(src/test) by extension 'python'
[0.154s] Level 1:colcon.colcon_core.package_identification:_identify(src/test) by extensions ['python_setup_py']
[0.154s] Level 1:colcon.colcon_core.package_identification:_identify(src/test) by extension 'python_setup_py'
[0.154s] Level 1:colcon.colcon_core.package_identification:_identify(src/test/integration) by extensions ['ignore', 'ignore_ament_install']
[0.154s] Level 1:colcon.colcon_core.package_identification:_identify(src/test/integration) by extension 'ignore'
[0.154s] Level 1:colcon.colcon_core.package_identification:_identify(src/test/integration) by extension 'ignore_ament_install'
[0.154s] Level 1:colcon.colcon_core.package_identification:_identify(src/test/integration) by extensions ['colcon_pkg']
[0.154s] Level 1:colcon.colcon_core.package_identification:_identify(src/test/integration) by extension 'colcon_pkg'
[0.154s] Level 1:colcon.colcon_core.package_identification:_identify(src/test/integration) by extensions ['colcon_meta']
[0.154s] Level 1:colcon.colcon_core.package_identification:_identify(src/test/integration) by extension 'colcon_meta'
[0.154s] Level 1:colcon.colcon_core.package_identification:_identify(src/test/integration) by extensions ['ros']
[0.154s] Level 1:colcon.colcon_core.package_identification:_identify(src/test/integration) by extension 'ros'
[0.154s] Level 1:colcon.colcon_core.package_identification:_identify(src/test/integration) by extensions ['cmake', 'python']
[0.154s] Level 1:colcon.colcon_core.package_identification:_identify(src/test/integration) by extension 'cmake'
[0.154s] Level 1:colcon.colcon_core.package_identification:_identify(src/test/integration) by extension 'python'
[0.154s] Level 1:colcon.colcon_core.package_identification:_identify(src/test/integration) by extensions ['python_setup_py']
[0.154s] Level 1:colcon.colcon_core.package_identification:_identify(src/test/integration) by extension 'python_setup_py'
[0.154s] Level 1:colcon.colcon_core.package_identification:_identify(src/test/unit) by extensions ['ignore', 'ignore_ament_install']
[0.154s] Level 1:colcon.colcon_core.package_identification:_identify(src/test/unit) by extension 'ignore'
[0.154s] Level 1:colcon.colcon_core.package_identification:_identify(src/test/unit) by extension 'ignore_ament_install'
[0.154s] Level 1:colcon.colcon_core.package_identification:_identify(src/test/unit) by extensions ['colcon_pkg']
[0.154s] Level 1:colcon.colcon_core.package_identification:_identify(src/test/unit) by extension 'colcon_pkg'
[0.154s] Level 1:colcon.colcon_core.package_identification:_identify(src/test/unit) by extensions ['colcon_meta']
[0.154s] Level 1:colcon.colcon_core.package_identification:_identify(src/test/unit) by extension 'colcon_meta'
[0.154s] Level 1:colcon.colcon_core.package_identification:_identify(src/test/unit) by extensions ['ros']
[0.154s] Level 1:colcon.colcon_core.package_identification:_identify(src/test/unit) by extension 'ros'
[0.155s] Level 1:colcon.colcon_core.package_identification:_identify(src/test/unit) by extensions ['cmake', 'python']
[0.155s] Level 1:colcon.colcon_core.package_identification:_identify(src/test/unit) by extension 'cmake'
[0.155s] Level 1:colcon.colcon_core.package_identification:_identify(src/test/unit) by extension 'python'
[0.155s] Level 1:colcon.colcon_core.package_identification:_identify(src/test/unit) by extensions ['python_setup_py']
[0.155s] Level 1:colcon.colcon_core.package_identification:_identify(src/test/unit) by extension 'python_setup_py'
[0.155s] Level 1:colcon.colcon_core.package_identification:_identify(src/tomauto_interfaces) by extensions ['ignore', 'ignore_ament_install']
[0.155s] Level 1:colcon.colcon_core.package_identification:_identify(src/tomauto_interfaces) by extension 'ignore'
[0.155s] Level 1:colcon.colcon_core.package_identification:_identify(src/tomauto_interfaces) by extension 'ignore_ament_install'
[0.155s] Level 1:colcon.colcon_core.package_identification:_identify(src/tomauto_interfaces) by extensions ['colcon_pkg']
[0.155s] Level 1:colcon.colcon_core.package_identification:_identify(src/tomauto_interfaces) by extension 'colcon_pkg'
[0.155s] Level 1:colcon.colcon_core.package_identification:_identify(src/tomauto_interfaces) by extensions ['colcon_meta']
[0.155s] Level 1:colcon.colcon_core.package_identification:_identify(src/tomauto_interfaces) by extension 'colcon_meta'
[0.155s] Level 1:colcon.colcon_core.package_identification:_identify(src/tomauto_interfaces) by extensions ['ros']
[0.155s] Level 1:colcon.colcon_core.package_identification:_identify(src/tomauto_interfaces) by extension 'ros'
[0.155s] DEBUG:colcon.colcon_core.package_identification:Package 'src/tomauto_interfaces' with type 'ros.ament_cmake' and name 'tomauto_interfaces'
[0.155s] Level 1:colcon.colcon_core.package_discovery:discover_packages(recursive) using defaults
[0.155s] Level 1:colcon.colcon_core.package_discovery:discover_packages(ignore) discover
[0.155s] Level 1:colcon.colcon_core.package_discovery:discover_packages(ignore) using defaults
[0.155s] Level 1:colcon.colcon_core.package_discovery:discover_packages(path) discover
[0.155s] Level 1:colcon.colcon_core.package_discovery:discover_packages(path) using defaults
[0.172s] Level 1:colcon.colcon_core.package_discovery:discover_packages(prefix_path) check parameters
[0.172s] Level 1:colcon.colcon_core.package_discovery:discover_packages(prefix_path) discover
[0.173s] DEBUG:colcon.colcon_installed_package_information.package_discovery:Found 3 installed packages in /home/daniel/projects/tomauto_robot/install
[0.174s] DEBUG:colcon.colcon_installed_package_information.package_discovery:Found 2 installed packages in /home/daniel/projects/ros/install
[0.174s] DEBUG:colcon.colcon_installed_package_information.package_discovery:Found 1 installed packages in /home/daniel/projects/tomauto_robot/src/install
[0.175s] DEBUG:colcon.colcon_installed_package_information.package_discovery:Found 285 installed packages in /opt/ros/jazzy
[0.176s] Level 1:colcon.colcon_core.package_discovery:discover_packages(prefix_path) using defaults
[0.207s] Level 5:colcon.colcon_core.verb:set package 'controller' build argument 'cmake_args' from command line to 'None'
[0.207s] Level 5:colcon.colcon_core.verb:set package 'controller' build argument 'cmake_target' from command line to 'None'
[0.207s] Level 5:colcon.colcon_core.verb:set package 'controller' build argument 'cmake_target_skip_unavailable' from command line to 'False'
[0.207s] Level 5:colcon.colcon_core.verb:set package 'controller' build argument 'cmake_clean_cache' from command line to 'False'
[0.207s] Level 5:colcon.colcon_core.verb:set package 'controller' build argument 'cmake_clean_first' from command line to 'False'
[0.207s] Level 5:colcon.colcon_core.verb:set package 'controller' build argument 'cmake_force_configure' from command line to 'False'
[0.207s] Level 5:colcon.colcon_core.verb:set package 'controller' build argument 'ament_cmake_args' from command line to 'None'
[0.207s] Level 5:colcon.colcon_core.verb:set package 'controller' build argument 'catkin_cmake_args' from command line to 'None'
[0.207s] Level 5:colcon.colcon_core.verb:set package 'controller' build argument 'catkin_skip_building_tests' from command line to 'False'
[0.207s] DEBUG:colcon.colcon_core.verb:Building package 'controller' with the following arguments: {'ament_cmake_args': None, 'build_base': '/home/daniel/projects/tomauto_robot/build/controller', 'catkin_cmake_args': None, 'catkin_skip_building_tests': False, 'cmake_args': None, 'cmake_clean_cache': False, 'cmake_clean_first': False, 'cmake_force_configure': False, 'cmake_target': None, 'cmake_target_skip_unavailable': False, 'install_base': '/home/daniel/projects/tomauto_robot/install/controller', 'merge_install': False, 'path': '/home/daniel/projects/tomauto_robot/src/controller', 'symlink_install': False, 'test_result_base': None}
[0.207s] Level 5:colcon.colcon_core.verb:set package 'dm' build argument 'cmake_args' from command line to 'None'
[0.207s] Level 5:colcon.colcon_core.verb:set package 'dm' build argument 'cmake_target' from command line to 'None'
[0.207s] Level 5:colcon.colcon_core.verb:set package 'dm' build argument 'cmake_target_skip_unavailable' from command line to 'False'
[0.207s] Level 5:colcon.colcon_core.verb:set package 'dm' build argument 'cmake_clean_cache' from command line to 'False'
[0.207s] Level 5:colcon.colcon_core.verb:set package 'dm' build argument 'cmake_clean_first' from command line to 'False'
[0.207s] Level 5:colcon.colcon_core.verb:set package 'dm' build argument 'cmake_force_configure' from command line to 'False'
[0.207s] Level 5:colcon.colcon_core.verb:set package 'dm' build argument 'ament_cmake_args' from command line to 'None'
[0.207s] Level 5:colcon.colcon_core.verb:set package 'dm' build argument 'catkin_cmake_args' from command line to 'None'
[0.207s] Level 5:colcon.colcon_core.verb:set package 'dm' build argument 'catkin_skip_building_tests' from command line to 'False'
[0.207s] DEBUG:colcon.colcon_core.verb:Building package 'dm' with the following arguments: {'ament_cmake_args': None, 'build_base': '/home/daniel/projects/tomauto_robot/build/dm', 'catkin_cmake_args': None, 'catkin_skip_building_tests': False, 'cmake_args': None, 'cmake_clean_cache': False, 'cmake_clean_first': False, 'cmake_force_configure': False, 'cmake_target': None, 'cmake_target_skip_unavailable': False, 'install_base': '/home/daniel/projects/tomauto_robot/install/dm', 'merge_install': False, 'path': '/home/daniel/projects/tomauto_robot/src/dm', 'symlink_install': False, 'test_result_base': None}
[0.207s] Level 5:colcon.colcon_core.verb:set package 'tomauto_interfaces' build argument 'cmake_args' from command line to 'None'
[0.207s] Level 5:colcon.colcon_core.verb:set package 'tomauto_interfaces' build argument 'cmake_target' from command line to 'None'
[0.207s] Level 5:colcon.colcon_core.verb:set package 'tomauto_interfaces' build argument 'cmake_target_skip_unavailable' from command line to 'False'
[0.207s] Level 5:colcon.colcon_core.verb:set package 'tomauto_interfaces' build argument 'cmake_clean_cache' from command line to 'False'
[0.207s] Level 5:colcon.colcon_core.verb:set package 'tomauto_interfaces' build argument 'cmake_clean_first' from command line to 'False'
[0.207s] Level 5:colcon.colcon_core.verb:set package 'tomauto_interfaces' build argument 'cmake_force_configure' from command line to 'False'
[0.207s] Level 5:colcon.colcon_core.verb:set package 'tomauto_interfaces' build argument 'ament_cmake_args' from command line to 'None'
[0.207s] Level 5:colcon.colcon_core.verb:set package 'tomauto_interfaces' build argument 'catkin_cmake_args' from command line to 'None'
[0.207s] Level 5:colcon.colcon_core.verb:set package 'tomauto_interfaces' build argument 'catkin_skip_building_tests' from command line to 'False'
[0.208s] DEBUG:colcon.colcon_core.verb:Building package 'tomauto_interfaces' with the following arguments: {'ament_cmake_args': None, 'build_base': '/home/daniel/projects/tomauto_robot/build/tomauto_interfaces', 'catkin_cmake_args': None, 'catkin_skip_building_tests': False, 'cmake_args': None, 'cmake_clean_cache': False, 'cmake_clean_first': False, 'cmake_force_configure': False, 'cmake_target': None, 'cmake_target_skip_unavailable': False, 'install_base': '/home/daniel/projects/tomauto_robot/install/tomauto_interfaces', 'merge_install': False, 'path': '/home/daniel/projects/tomauto_robot/src/tomauto_interfaces', 'symlink_install': False, 'test_result_base': None}
[0.208s] INFO:colcon.colcon_core.executor:Executing jobs using 'parallel' executor
[0.209s] DEBUG:colcon.colcon_parallel_executor.executor.parallel:run_until_complete
[0.209s] INFO:colcon.colcon_ros.task.ament_python.build:Building ROS package in '/home/daniel/projects/tomauto_robot/src/controller' with build type 'ament_python'
[0.209s] Level 1:colcon.colcon_core.shell:create_environment_hook('controller', 'ament_prefix_path')
[0.211s] INFO:colcon.colcon_core.plugin_system:Skipping extension 'colcon_core.shell.bat': Not used on non-Windows systems
[0.211s] INFO:colcon.colcon_core.shell:Creating environment hook '/home/daniel/projects/tomauto_robot/install/controller/share/controller/hook/ament_prefix_path.ps1'
[0.212s] INFO:colcon.colcon_core.shell:Creating environment descriptor '/home/daniel/projects/tomauto_robot/install/controller/share/controller/hook/ament_prefix_path.dsv'
[0.212s] INFO:colcon.colcon_core.shell:Creating environment hook '/home/daniel/projects/tomauto_robot/install/controller/share/controller/hook/ament_prefix_path.sh'
[0.213s] INFO:colcon.colcon_core.shell:Skip shell extension 'powershell' for command environment: Not usable outside of PowerShell
[0.213s] DEBUG:colcon.colcon_core.shell:Skip shell extension 'dsv' for command environment
[0.216s] INFO:colcon.colcon_ros.task.ament_python.build:Building ROS package in '/home/daniel/projects/tomauto_robot/src/dm' with build type 'ament_python'
[0.216s] Level 1:colcon.colcon_core.shell:create_environment_hook('dm', 'ament_prefix_path')
[0.216s] INFO:colcon.colcon_core.shell:Creating environment hook '/home/daniel/projects/tomauto_robot/install/dm/share/dm/hook/ament_prefix_path.ps1'
[0.217s] INFO:colcon.colcon_core.shell:Creating environment descriptor '/home/daniel/projects/tomauto_robot/install/dm/share/dm/hook/ament_prefix_path.dsv'
[0.217s] INFO:colcon.colcon_core.shell:Creating environment hook '/home/daniel/projects/tomauto_robot/install/dm/share/dm/hook/ament_prefix_path.sh'
[0.217s] INFO:colcon.colcon_core.shell:Skip shell extension 'powershell' for command environment: Not usable outside of PowerShell
[0.217s] DEBUG:colcon.colcon_core.shell:Skip shell extension 'dsv' for command environment
[0.220s] INFO:colcon.colcon_ros.task.ament_cmake.build:Building ROS package in '/home/daniel/projects/tomauto_robot/src/tomauto_interfaces' with build type 'ament_cmake'
[0.220s] INFO:colcon.colcon_cmake.task.cmake.build:Building CMake package in '/home/daniel/projects/tomauto_robot/src/tomauto_interfaces'
[0.221s] INFO:colcon.colcon_core.shell:Skip shell extension 'powershell' for command environment: Not usable outside of PowerShell
[0.221s] DEBUG:colcon.colcon_core.shell:Skip shell extension 'dsv' for command environment
[0.419s] INFO:colcon.colcon_core.task.python.build:Building Python package in '/home/daniel/projects/tomauto_robot/src/controller'
[0.419s] INFO:colcon.colcon_core.shell:Skip shell extension 'powershell' for command environment: Not usable outside of PowerShell
[0.419s] DEBUG:colcon.colcon_core.shell:Skip shell extension 'dsv' for command environment
[0.609s] INFO:colcon.colcon_core.task.python.build:Building Python package in '/home/daniel/projects/tomauto_robot/src/dm'
[0.610s] INFO:colcon.colcon_core.shell:Skip shell extension 'powershell' for command environment: Not usable outside of PowerShell
[0.610s] DEBUG:colcon.colcon_core.shell:Skip shell extension 'dsv' for command environment
[0.617s] DEBUG:colcon.colcon_core.event_handler.log_command:Invoking command in '/home/daniel/projects/tomauto_robot/build/tomauto_interfaces': CMAKE_PREFIX_PATH=${CMAKE_PREFIX_PATH}:/home/daniel/projects/tomauto_robot/install/dm:/home/daniel/projects/tomauto_robot/src/install/dm:/home/daniel/projects/ros/install/my_py_pkg:/opt/ros/jazzy DEBUGINFOD_URLS=https://debuginfod.ubuntu.com /usr/bin/cmake --build /home/daniel/projects/tomauto_robot/build/tomauto_interfaces -- -j8 -l8
[1.013s] DEBUG:colcon.colcon_core.event_handler.log_command:Invoked command in '/home/daniel/projects/tomauto_robot/build/tomauto_interfaces' returned '0': CMAKE_PREFIX_PATH=${CMAKE_PREFIX_PATH}:/home/daniel/projects/tomauto_robot/install/dm:/home/daniel/projects/tomauto_robot/src/install/dm:/home/daniel/projects/ros/install/my_py_pkg:/opt/ros/jazzy DEBUGINFOD_URLS=https://debuginfod.ubuntu.com /usr/bin/cmake --build /home/daniel/projects/tomauto_robot/build/tomauto_interfaces -- -j8 -l8
[1.029s] DEBUG:colcon.colcon_core.event_handler.log_command:Invoking command in '/home/daniel/projects/tomauto_robot/build/tomauto_interfaces': CMAKE_PREFIX_PATH=${CMAKE_PREFIX_PATH}:/home/daniel/projects/tomauto_robot/install/dm:/home/daniel/projects/tomauto_robot/src/install/dm:/home/daniel/projects/ros/install/my_py_pkg:/opt/ros/jazzy DEBUGINFOD_URLS=https://debuginfod.ubuntu.com /usr/bin/cmake --install /home/daniel/projects/tomauto_robot/build/tomauto_interfaces
[1.093s] Level 1:colcon.colcon_core.environment:create_environment_scripts_only(tomauto_interfaces)
[1.093s] DEBUG:colcon.colcon_core.event_handler.log_command:Invoked command in '/home/daniel/projects/tomauto_robot/build/tomauto_interfaces' returned '0': CMAKE_PREFIX_PATH=${CMAKE_PREFIX_PATH}:/home/daniel/projects/tomauto_robot/install/dm:/home/daniel/projects/tomauto_robot/src/install/dm:/home/daniel/projects/ros/install/my_py_pkg:/opt/ros/jazzy DEBUGINFOD_URLS=https://debuginfod.ubuntu.com /usr/bin/cmake --install /home/daniel/projects/tomauto_robot/build/tomauto_interfaces
[1.095s] Level 1:colcon.colcon_core.environment:checking '/home/daniel/projects/tomauto_robot/install/tomauto_interfaces' for CMake module files
[1.096s] Level 1:colcon.colcon_core.environment:checking '/home/daniel/projects/tomauto_robot/install/tomauto_interfaces' for CMake config files
[1.096s] Level 1:colcon.colcon_core.shell:create_environment_hook('tomauto_interfaces', 'cmake_prefix_path')
[1.096s] INFO:colcon.colcon_core.shell:Creating environment hook '/home/daniel/projects/tomauto_robot/install/tomauto_interfaces/share/tomauto_interfaces/hook/cmake_prefix_path.ps1'
[1.096s] INFO:colcon.colcon_core.shell:Creating environment descriptor '/home/daniel/projects/tomauto_robot/install/tomauto_interfaces/share/tomauto_interfaces/hook/cmake_prefix_path.dsv'
[1.097s] INFO:colcon.colcon_core.shell:Creating environment hook '/home/daniel/projects/tomauto_robot/install/tomauto_interfaces/share/tomauto_interfaces/hook/cmake_prefix_path.sh'
[1.097s] Level 1:colcon.colcon_core.environment:checking '/home/daniel/projects/tomauto_robot/install/tomauto_interfaces/lib'
[1.097s] Level 1:colcon.colcon_core.shell:create_environment_hook('tomauto_interfaces', 'ld_library_path_lib')
[1.097s] INFO:colcon.colcon_core.shell:Creating environment hook '/home/daniel/projects/tomauto_robot/install/tomauto_interfaces/share/tomauto_interfaces/hook/ld_library_path_lib.ps1'
[1.098s] INFO:colcon.colcon_core.shell:Creating environment descriptor '/home/daniel/projects/tomauto_robot/install/tomauto_interfaces/share/tomauto_interfaces/hook/ld_library_path_lib.dsv'
[1.098s] INFO:colcon.colcon_core.shell:Creating environment hook '/home/daniel/projects/tomauto_robot/install/tomauto_interfaces/share/tomauto_interfaces/hook/ld_library_path_lib.sh'
[1.098s] Level 1:colcon.colcon_core.environment:checking '/home/daniel/projects/tomauto_robot/install/tomauto_interfaces/bin'
[1.098s] Level 1:colcon.colcon_core.environment:checking '/home/daniel/projects/tomauto_robot/install/tomauto_interfaces/lib/pkgconfig/tomauto_interfaces.pc'
[1.098s] Level 1:colcon.colcon_core.environment:checking '/home/daniel/projects/tomauto_robot/install/tomauto_interfaces/lib/python3.12/site-packages'
[1.099s] Level 1:colcon.colcon_core.shell:create_environment_hook('tomauto_interfaces', 'pythonpath')
[1.099s] INFO:colcon.colcon_core.shell:Creating environment hook '/home/daniel/projects/tomauto_robot/install/tomauto_interfaces/share/tomauto_interfaces/hook/pythonpath.ps1'
[1.099s] INFO:colcon.colcon_core.shell:Creating environment descriptor '/home/daniel/projects/tomauto_robot/install/tomauto_interfaces/share/tomauto_interfaces/hook/pythonpath.dsv'
[1.099s] INFO:colcon.colcon_core.shell:Creating environment hook '/home/daniel/projects/tomauto_robot/install/tomauto_interfaces/share/tomauto_interfaces/hook/pythonpath.sh'
[1.100s] Level 1:colcon.colcon_core.environment:checking '/home/daniel/projects/tomauto_robot/install/tomauto_interfaces/bin'
[1.100s] INFO:colcon.colcon_core.shell:Creating package script '/home/daniel/projects/tomauto_robot/install/tomauto_interfaces/share/tomauto_interfaces/package.ps1'
[1.100s] INFO:colcon.colcon_core.shell:Creating package descriptor '/home/daniel/projects/tomauto_robot/install/tomauto_interfaces/share/tomauto_interfaces/package.dsv'
[1.101s] INFO:colcon.colcon_core.shell:Creating package script '/home/daniel/projects/tomauto_robot/install/tomauto_interfaces/share/tomauto_interfaces/package.sh'
[1.101s] INFO:colcon.colcon_core.shell:Creating package script '/home/daniel/projects/tomauto_robot/install/tomauto_interfaces/share/tomauto_interfaces/package.bash'
[1.102s] INFO:colcon.colcon_core.shell:Creating package script '/home/daniel/projects/tomauto_robot/install/tomauto_interfaces/share/tomauto_interfaces/package.zsh'
[1.102s] Level 1:colcon.colcon_core.environment:create_file_with_runtime_dependencies(/home/daniel/projects/tomauto_robot/install/tomauto_interfaces/share/colcon-core/packages/tomauto_interfaces)
[1.103s] Level 1:colcon.colcon_core.environment:create_environment_scripts_only(tomauto_interfaces)
[1.103s] Level 1:colcon.colcon_core.environment:checking '/home/daniel/projects/tomauto_robot/install/tomauto_interfaces' for CMake module files
[1.103s] Level 1:colcon.colcon_core.environment:checking '/home/daniel/projects/tomauto_robot/install/tomauto_interfaces' for CMake config files
[1.103s] Level 1:colcon.colcon_core.shell:create_environment_hook('tomauto_interfaces', 'cmake_prefix_path')
[1.103s] INFO:colcon.colcon_core.shell:Creating environment hook '/home/daniel/projects/tomauto_robot/install/tomauto_interfaces/share/tomauto_interfaces/hook/cmake_prefix_path.ps1'
[1.104s] INFO:colcon.colcon_core.shell:Creating environment descriptor '/home/daniel/projects/tomauto_robot/install/tomauto_interfaces/share/tomauto_interfaces/hook/cmake_prefix_path.dsv'
[1.104s] INFO:colcon.colcon_core.shell:Creating environment hook '/home/daniel/projects/tomauto_robot/install/tomauto_interfaces/share/tomauto_interfaces/hook/cmake_prefix_path.sh'
[1.105s] Level 1:colcon.colcon_core.environment:checking '/home/daniel/projects/tomauto_robot/install/tomauto_interfaces/lib'
[1.105s] Level 1:colcon.colcon_core.shell:create_environment_hook('tomauto_interfaces', 'ld_library_path_lib')
[1.105s] INFO:colcon.colcon_core.shell:Creating environment hook '/home/daniel/projects/tomauto_robot/install/tomauto_interfaces/share/tomauto_interfaces/hook/ld_library_path_lib.ps1'
[1.105s] INFO:colcon.colcon_core.shell:Creating environment descriptor '/home/daniel/projects/tomauto_robot/install/tomauto_interfaces/share/tomauto_interfaces/hook/ld_library_path_lib.dsv'
[1.105s] INFO:colcon.colcon_core.shell:Creating environment hook '/home/daniel/projects/tomauto_robot/install/tomauto_interfaces/share/tomauto_interfaces/hook/ld_library_path_lib.sh'
[1.105s] Level 1:colcon.colcon_core.environment:checking '/home/daniel/projects/tomauto_robot/install/tomauto_interfaces/bin'
[1.106s] Level 1:colcon.colcon_core.environment:checking '/home/daniel/projects/tomauto_robot/install/tomauto_interfaces/lib/pkgconfig/tomauto_interfaces.pc'
[1.106s] Level 1:colcon.colcon_core.environment:checking '/home/daniel/projects/tomauto_robot/install/tomauto_interfaces/lib/python3.12/site-packages'
[1.106s] Level 1:colcon.colcon_core.shell:create_environment_hook('tomauto_interfaces', 'pythonpath')
[1.106s] INFO:colcon.colcon_core.shell:Creating environment hook '/home/daniel/projects/tomauto_robot/install/tomauto_interfaces/share/tomauto_interfaces/hook/pythonpath.ps1'
[1.106s] INFO:colcon.colcon_core.shell:Creating environment descriptor '/home/daniel/projects/tomauto_robot/install/tomauto_interfaces/share/tomauto_interfaces/hook/pythonpath.dsv'
[1.107s] INFO:colcon.colcon_core.shell:Creating environment hook '/home/daniel/projects/tomauto_robot/install/tomauto_interfaces/share/tomauto_interfaces/hook/pythonpath.sh'
[1.107s] Level 1:colcon.colcon_core.environment:checking '/home/daniel/projects/tomauto_robot/install/tomauto_interfaces/bin'
[1.107s] INFO:colcon.colcon_core.shell:Creating package script '/home/daniel/projects/tomauto_robot/install/tomauto_interfaces/share/tomauto_interfaces/package.ps1'
[1.108s] INFO:colcon.colcon_core.shell:Creating package descriptor '/home/daniel/projects/tomauto_robot/install/tomauto_interfaces/share/tomauto_interfaces/package.dsv'
[1.108s] INFO:colcon.colcon_core.shell:Creating package script '/home/daniel/projects/tomauto_robot/install/tomauto_interfaces/share/tomauto_interfaces/package.sh'
[1.108s] INFO:colcon.colcon_core.shell:Creating package script '/home/daniel/projects/tomauto_robot/install/tomauto_interfaces/share/tomauto_interfaces/package.bash'
[1.109s] INFO:colcon.colcon_core.shell:Creating package script '/home/daniel/projects/tomauto_robot/install/tomauto_interfaces/share/tomauto_interfaces/package.zsh'
[1.109s] Level 1:colcon.colcon_core.environment:create_file_with_runtime_dependencies(/home/daniel/projects/tomauto_robot/install/tomauto_interfaces/share/colcon-core/packages/tomauto_interfaces)
[1.174s] DEBUG:colcon.colcon_core.event_handler.log_command:Invoking command in '/home/daniel/projects/tomauto_robot/src/dm': DEBUGINFOD_URLS=https://debuginfod.ubuntu.com PYTHONPATH=/home/daniel/projects/tomauto_robot/build/dm/prefix_override:/usr/lib/python3/dist-packages/colcon_core/task/python/colcon_distutils_commands:/home/daniel/projects/tomauto_robot/install/dm/lib/python3.12/site-packages:${PYTHONPATH} /usr/bin/python3 -W ignore:setup.py install is deprecated -W ignore:easy_install command is deprecated setup.py egg_info --egg-base ../../build/dm build --build-base /home/daniel/projects/tomauto_robot/build/dm/build install --record /home/daniel/projects/tomauto_robot/build/dm/install.log --single-version-externally-managed install_data
[1.183s] DEBUG:colcon.colcon_core.event_handler.log_command:Invoking command in '/home/daniel/projects/tomauto_robot/src/controller': DEBUGINFOD_URLS=https://debuginfod.ubuntu.com PYTHONPATH=/home/daniel/projects/tomauto_robot/build/controller/prefix_override:/usr/lib/python3/dist-packages/colcon_core/task/python/colcon_distutils_commands:/home/daniel/projects/tomauto_robot/install/controller/lib/python3.12/site-packages:${PYTHONPATH} /usr/bin/python3 -W ignore:setup.py install is deprecated -W ignore:easy_install command is deprecated setup.py egg_info --egg-base ../../build/controller build --build-base /home/daniel/projects/tomauto_robot/build/controller/build install --record /home/daniel/projects/tomauto_robot/build/controller/install.log --single-version-externally-managed install_data
[1.618s] Level 1:colcon.colcon_core.environment:checking '/home/daniel/projects/tomauto_robot/install/controller' for CMake module files
[1.619s] DEBUG:colcon.colcon_core.event_handler.log_command:Invoked command in '/home/daniel/projects/tomauto_robot/src/controller' returned '0': DEBUGINFOD_URLS=https://debuginfod.ubuntu.com PYTHONPATH=/home/daniel/projects/tomauto_robot/build/controller/prefix_override:/usr/lib/python3/dist-packages/colcon_core/task/python/colcon_distutils_commands:/home/daniel/projects/tomauto_robot/install/controller/lib/python3.12/site-packages:${PYTHONPATH} /usr/bin/python3 -W ignore:setup.py install is deprecated -W ignore:easy_install command is deprecated setup.py egg_info --egg-base ../../build/controller build --build-base /home/daniel/projects/tomauto_robot/build/controller/build install --record /home/daniel/projects/tomauto_robot/build/controller/install.log --single-version-externally-managed install_data
[1.619s] Level 1:colcon.colcon_core.environment:checking '/home/daniel/projects/tomauto_robot/install/controller' for CMake config files
[1.620s] Level 1:colcon.colcon_core.environment:checking '/home/daniel/projects/tomauto_robot/install/controller/lib'
[1.620s] Level 1:colcon.colcon_core.environment:checking '/home/daniel/projects/tomauto_robot/install/controller/bin'
[1.620s] Level 1:colcon.colcon_core.environment:checking '/home/daniel/projects/tomauto_robot/install/controller/lib/pkgconfig/controller.pc'
[1.620s] Level 1:colcon.colcon_core.environment:checking '/home/daniel/projects/tomauto_robot/install/controller/lib/python3.12/site-packages'
[1.621s] Level 1:colcon.colcon_core.shell:create_environment_hook('controller', 'pythonpath')
[1.621s] INFO:colcon.colcon_core.shell:Creating environment hook '/home/daniel/projects/tomauto_robot/install/controller/share/controller/hook/pythonpath.ps1'
[1.622s] INFO:colcon.colcon_core.shell:Creating environment descriptor '/home/daniel/projects/tomauto_robot/install/controller/share/controller/hook/pythonpath.dsv'
[1.622s] INFO:colcon.colcon_core.shell:Creating environment hook '/home/daniel/projects/tomauto_robot/install/controller/share/controller/hook/pythonpath.sh'
[1.623s] Level 1:colcon.colcon_core.environment:checking '/home/daniel/projects/tomauto_robot/install/controller/bin'
[1.623s] Level 1:colcon.colcon_core.environment:create_environment_scripts_only(controller)
[1.624s] INFO:colcon.colcon_core.shell:Creating package script '/home/daniel/projects/tomauto_robot/install/controller/share/controller/package.ps1'
[1.625s] INFO:colcon.colcon_core.shell:Creating package descriptor '/home/daniel/projects/tomauto_robot/install/controller/share/controller/package.dsv'
[1.625s] INFO:colcon.colcon_core.shell:Creating package script '/home/daniel/projects/tomauto_robot/install/controller/share/controller/package.sh'
[1.626s] INFO:colcon.colcon_core.shell:Creating package script '/home/daniel/projects/tomauto_robot/install/controller/share/controller/package.bash'
[1.626s] INFO:colcon.colcon_core.shell:Creating package script '/home/daniel/projects/tomauto_robot/install/controller/share/controller/package.zsh'
[1.627s] Level 1:colcon.colcon_core.environment:create_file_with_runtime_dependencies(/home/daniel/projects/tomauto_robot/install/controller/share/colcon-core/packages/controller)
[1.627s] Level 1:colcon.colcon_core.environment:checking '/home/daniel/projects/tomauto_robot/install/dm' for CMake module files
[1.629s] Level 1:colcon.colcon_core.environment:checking '/home/daniel/projects/tomauto_robot/install/dm' for CMake config files
[1.630s] DEBUG:colcon.colcon_core.event_handler.log_command:Invoked command in '/home/daniel/projects/tomauto_robot/src/dm' returned '0': DEBUGINFOD_URLS=https://debuginfod.ubuntu.com PYTHONPATH=/home/daniel/projects/tomauto_robot/build/dm/prefix_override:/usr/lib/python3/dist-packages/colcon_core/task/python/colcon_distutils_commands:/home/daniel/projects/tomauto_robot/install/dm/lib/python3.12/site-packages:${PYTHONPATH} /usr/bin/python3 -W ignore:setup.py install is deprecated -W ignore:easy_install command is deprecated setup.py egg_info --egg-base ../../build/dm build --build-base /home/daniel/projects/tomauto_robot/build/dm/build install --record /home/daniel/projects/tomauto_robot/build/dm/install.log --single-version-externally-managed install_data
[1.631s] Level 1:colcon.colcon_core.environment:checking '/home/daniel/projects/tomauto_robot/install/dm/lib'
[1.631s] Level 1:colcon.colcon_core.environment:checking '/home/daniel/projects/tomauto_robot/install/dm/bin'
[1.631s] Level 1:colcon.colcon_core.environment:checking '/home/daniel/projects/tomauto_robot/install/dm/lib/pkgconfig/dm.pc'
[1.631s] Level 1:colcon.colcon_core.environment:checking '/home/daniel/projects/tomauto_robot/install/dm/lib/python3.12/site-packages'
[1.632s] Level 1:colcon.colcon_core.shell:create_environment_hook('dm', 'pythonpath')
[1.632s] INFO:colcon.colcon_core.shell:Creating environment hook '/home/daniel/projects/tomauto_robot/install/dm/share/dm/hook/pythonpath.ps1'
[1.633s] INFO:colcon.colcon_core.shell:Creating environment descriptor '/home/daniel/projects/tomauto_robot/install/dm/share/dm/hook/pythonpath.dsv'
[1.633s] INFO:colcon.colcon_core.shell:Creating environment hook '/home/daniel/projects/tomauto_robot/install/dm/share/dm/hook/pythonpath.sh'
[1.634s] Level 1:colcon.colcon_core.environment:checking '/home/daniel/projects/tomauto_robot/install/dm/bin'
[1.634s] Level 1:colcon.colcon_core.environment:create_environment_scripts_only(dm)
[1.634s] INFO:colcon.colcon_core.shell:Creating package script '/home/daniel/projects/tomauto_robot/install/dm/share/dm/package.ps1'
[1.635s] INFO:colcon.colcon_core.shell:Creating package descriptor '/home/daniel/projects/tomauto_robot/install/dm/share/dm/package.dsv'
[1.635s] INFO:colcon.colcon_core.shell:Creating package script '/home/daniel/projects/tomauto_robot/install/dm/share/dm/package.sh'
[1.636s] INFO:colcon.colcon_core.shell:Creating package script '/home/daniel/projects/tomauto_robot/install/dm/share/dm/package.bash'
[1.636s] INFO:colcon.colcon_core.shell:Creating package script '/home/daniel/projects/tomauto_robot/install/dm/share/dm/package.zsh'
[1.637s] Level 1:colcon.colcon_core.environment:create_file_with_runtime_dependencies(/home/daniel/projects/tomauto_robot/install/dm/share/colcon-core/packages/dm)
[1.637s] DEBUG:colcon.colcon_parallel_executor.executor.parallel:closing loop
[1.638s] DEBUG:colcon.colcon_parallel_executor.executor.parallel:loop closed
[1.638s] DEBUG:colcon.colcon_parallel_executor.executor.parallel:run_until_complete finished with '0'
[1.638s] DEBUG:colcon.colcon_core.event_reactor:joining thread
[1.644s] INFO:colcon.colcon_core.plugin_system:Skipping extension 'colcon_notification.desktop_notification.terminal_notifier': Not used on non-Darwin systems
[1.644s] INFO:colcon.colcon_core.plugin_system:Skipping extension 'colcon_notification.desktop_notification.win32': Not used on non-Windows systems
[1.644s] INFO:colcon.colcon_notification.desktop_notification:Sending desktop notification using 'notify2'
[1.672s] DEBUG:colcon.colcon_core.event_reactor:joined thread
[1.673s] INFO:colcon.colcon_core.shell:Creating prefix script '/home/daniel/projects/tomauto_robot/install/local_setup.ps1'
[1.675s] INFO:colcon.colcon_core.shell:Creating prefix util module '/home/daniel/projects/tomauto_robot/install/_local_setup_util_ps1.py'
[1.677s] INFO:colcon.colcon_core.shell:Creating prefix chain script '/home/daniel/projects/tomauto_robot/install/setup.ps1'
[1.679s] INFO:colcon.colcon_core.shell:Creating prefix script '/home/daniel/projects/tomauto_robot/install/local_setup.sh'
[1.680s] INFO:colcon.colcon_core.shell:Creating prefix util module '/home/daniel/projects/tomauto_robot/install/_local_setup_util_sh.py'
[1.681s] INFO:colcon.colcon_core.shell:Creating prefix chain script '/home/daniel/projects/tomauto_robot/install/setup.sh'
[1.683s] INFO:colcon.colcon_core.shell:Creating prefix script '/home/daniel/projects/tomauto_robot/install/local_setup.bash'
[1.684s] INFO:colcon.colcon_core.shell:Creating prefix chain script '/home/daniel/projects/tomauto_robot/install/setup.bash'
[1.686s] INFO:colcon.colcon_core.shell:Creating prefix script '/home/daniel/projects/tomauto_robot/install/local_setup.zsh'
[1.687s] INFO:colcon.colcon_core.shell:Creating prefix chain script '/home/daniel/projects/tomauto_robot/install/setup.zsh'
