[0.411s] Invoking command in '/home/daniel/projects/tomauto_robot/build/tomauto_interfaces': CMAKE_PREFIX_PATH=${CMAKE_PREFIX_PATH}:/home/daniel/projects/tomauto_robot/install/dm:/home/daniel/projects/tomauto_robot/src/install/dm:/home/daniel/projects/ros/install/my_py_pkg:/opt/ros/jazzy DEBUGINFOD_URLS=https://debuginfod.ubuntu.com /usr/bin/cmake /home/daniel/projects/tomauto_robot/src/tomauto_interfaces -DCMAKE_INSTALL_PREFIX=/home/daniel/projects/tomauto_robot/install/tomauto_interfaces
[0.434s] -- Found ament_cmake: 2.5.4 (/opt/ros/jazzy/share/ament_cmake/cmake)
[0.718s] -- Found rosidl_default_generators: 1.6.0 (/opt/ros/jazzy/share/rosidl_default_generators/cmake)
[0.721s] -- Using all available rosidl_typesupport_c: rosidl_typesupport_fastrtps_c;rosidl_typesupport_introspection_c
[0.771s] -- Using all available rosidl_typesupport_cpp: rosidl_typesupport_fastrtps_cpp;rosidl_typesupport_introspection_cpp
[0.811s] -- Found rosidl_adapter: 4.6.6 (/opt/ros/jazzy/share/rosidl_adapter/cmake)
[1.554s] -- Found ament_cmake_ros: 0.12.0 (/opt/ros/jazzy/share/ament_cmake_ros/cmake)
[2.125s] -- Using all available rosidl_typesupport_c: rosidl_typesupport_fastrtps_c;rosidl_typesupport_introspection_c
[2.975s] -- Using all available rosidl_typesupport_cpp: rosidl_typesupport_fastrtps_cpp;rosidl_typesupport_introspection_cpp
[2.983s] -- Found python_cmake_module: 0.11.1 (/opt/ros/jazzy/share/python_cmake_module/cmake)
[3.205s] -- Found PythonExtra: /home/daniel/projects/tomauto_robot/.venv/bin/python3  
[3.576s] [31mCMake Error at /usr/share/cmake-3.28/Modules/FindPackageHandleStandardArgs.cmake:230 (message):
[3.576s]   Could NOT find Python3 (missing: Python3_NumPy_INCLUDE_DIRS NumPy) (found
[3.576s]   version "3.12.3")
[3.576s] Call Stack (most recent call first):
[3.576s]   /usr/share/cmake-3.28/Modules/FindPackageHandleStandardArgs.cmake:600 (_FPHSA_FAILURE_MESSAGE)
[3.576s]   /usr/share/cmake-3.28/Modules/FindPython/Support.cmake:3862 (find_package_handle_standard_args)
[3.576s]   /usr/share/cmake-3.28/Modules/FindPython3.cmake:545 (include)
[3.576s]   /opt/ros/jazzy/share/rosidl_generator_py/cmake/rosidl_generator_py_generate_interfaces.cmake:22 (find_package)
[3.576s]   /opt/ros/jazzy/share/ament_cmake_core/cmake/core/ament_execute_extensions.cmake:48 (include)
[3.577s]   /opt/ros/jazzy/share/rosidl_cmake/cmake/rosidl_generate_interfaces.cmake:280 (ament_execute_extensions)
[3.577s]   CMakeLists.txt:12 (rosidl_generate_interfaces)
[3.577s] 
[3.577s] [0m
[3.577s] -- Configuring incomplete, errors occurred!
[3.587s] Invoked command in '/home/daniel/projects/tomauto_robot/build/tomauto_interfaces' returned '1': CMAKE_PREFIX_PATH=${CMAKE_PREFIX_PATH}:/home/daniel/projects/tomauto_robot/install/dm:/home/daniel/projects/tomauto_robot/src/install/dm:/home/daniel/projects/ros/install/my_py_pkg:/opt/ros/jazzy DEBUGINFOD_URLS=https://debuginfod.ubuntu.com /usr/bin/cmake /home/daniel/projects/tomauto_robot/src/tomauto_interfaces -DCMAKE_INSTALL_PREFIX=/home/daniel/projects/tomauto_robot/install/tomauto_interfaces
