[0.013s] Invoking command in '/home/daniel/projects/tomauto_robot/build/tomauto_interfaces': CMAKE_PREFIX_PATH=${CMAKE_PREFIX_PATH}:/home/daniel/projects/tomauto_robot/install/dm:/home/daniel/projects/tomauto_robot/src/install/dm:/home/daniel/projects/ros/install/my_py_pkg:/opt/ros/jazzy DEBUGINFOD_URLS=https://debuginfod.ubuntu.com /usr/bin/cmake --build /home/daniel/projects/tomauto_robot/build/tomauto_interfaces -- -j8 -l8
[0.098s] [  2%] Built target tomauto_interfaces__rosidl_generator_type_description
[0.113s] [  2%] Built target ament_cmake_python_copy_tomauto_interfaces
[0.119s] [  5%] Built target tomauto_interfaces__cpp
[0.128s] [ 20%] Built target tomauto_interfaces__rosidl_generator_c
[0.156s] [ 44%] Built target tomauto_interfaces__rosidl_typesupport_c
[0.156s] [ 47%] Built target tomauto_interfaces__rosidl_typesupport_cpp
[0.156s] [ 47%] Built target tomauto_interfaces__rosidl_typesupport_introspection_c
[0.163s] [ 55%] Built target tomauto_interfaces__rosidl_typesupport_fastrtps_c
[0.166s] [ 73%] Built target tomauto_interfaces__rosidl_typesupport_fastrtps_cpp
[0.166s] [ 73%] Built target tomauto_interfaces__rosidl_typesupport_introspection_cpp
[0.187s] [ 73%] Built target tomauto_interfaces
[0.214s] [ 76%] Built target tomauto_interfaces__py
[0.241s] [ 82%] Built target tomauto_interfaces__rosidl_generator_py
[0.276s] [ 94%] Built target tomauto_interfaces_s__rosidl_typesupport_c
[0.276s] [ 94%] Built target tomauto_interfaces_s__rosidl_typesupport_introspection_c
[0.276s] [100%] Built target tomauto_interfaces_s__rosidl_typesupport_fastrtps_c
[0.328s] running egg_info
[0.338s] writing tomauto_interfaces.egg-info/PKG-INFO
[0.338s] writing dependency_links to tomauto_interfaces.egg-info/dependency_links.txt
[0.338s] writing top-level names to tomauto_interfaces.egg-info/top_level.txt
[0.366s] reading manifest file 'tomauto_interfaces.egg-info/SOURCES.txt'
[0.367s] writing manifest file 'tomauto_interfaces.egg-info/SOURCES.txt'
[0.396s] [100%] Built target ament_cmake_python_build_tomauto_interfaces_egg
[0.413s] Invoked command in '/home/daniel/projects/tomauto_robot/build/tomauto_interfaces' returned '0': CMAKE_PREFIX_PATH=${CMAKE_PREFIX_PATH}:/home/daniel/projects/tomauto_robot/install/dm:/home/daniel/projects/tomauto_robot/src/install/dm:/home/daniel/projects/ros/install/my_py_pkg:/opt/ros/jazzy DEBUGINFOD_URLS=https://debuginfod.ubuntu.com /usr/bin/cmake --build /home/daniel/projects/tomauto_robot/build/tomauto_interfaces -- -j8 -l8
[0.428s] Invoking command in '/home/daniel/projects/tomauto_robot/build/tomauto_interfaces': CMAKE_PREFIX_PATH=${CMAKE_PREFIX_PATH}:/home/daniel/projects/tomauto_robot/install/dm:/home/daniel/projects/tomauto_robot/src/install/dm:/home/daniel/projects/ros/install/my_py_pkg:/opt/ros/jazzy DEBUGINFOD_URLS=https://debuginfod.ubuntu.com /usr/bin/cmake --install /home/daniel/projects/tomauto_robot/build/tomauto_interfaces
[0.436s] -- Install configuration: ""
[0.436s] -- Up-to-date: /home/daniel/projects/tomauto_robot/install/tomauto_interfaces/share/ament_index/resource_index/rosidl_interfaces/tomauto_interfaces
[0.436s] -- Up-to-date: /home/daniel/projects/tomauto_robot/install/tomauto_interfaces/share/tomauto_interfaces/msg/DriveCamera.json
[0.436s] -- Up-to-date: /home/daniel/projects/tomauto_robot/install/tomauto_interfaces/include/tomauto_interfaces/tomauto_interfaces
[0.436s] -- Up-to-date: /home/daniel/projects/tomauto_robot/install/tomauto_interfaces/include/tomauto_interfaces/tomauto_interfaces/msg
[0.436s] -- Up-to-date: /home/daniel/projects/tomauto_robot/install/tomauto_interfaces/include/tomauto_interfaces/tomauto_interfaces/msg/rosidl_generator_c__visibility_control.h
[0.436s] -- Up-to-date: /home/daniel/projects/tomauto_robot/install/tomauto_interfaces/include/tomauto_interfaces/tomauto_interfaces/msg/drive_camera.h
[0.437s] -- Up-to-date: /home/daniel/projects/tomauto_robot/install/tomauto_interfaces/include/tomauto_interfaces/tomauto_interfaces/msg/detail
[0.437s] -- Up-to-date: /home/daniel/projects/tomauto_robot/install/tomauto_interfaces/include/tomauto_interfaces/tomauto_interfaces/msg/detail/drive_camera__functions.h
[0.437s] -- Up-to-date: /home/daniel/projects/tomauto_robot/install/tomauto_interfaces/include/tomauto_interfaces/tomauto_interfaces/msg/detail/drive_camera__description.c
[0.437s] -- Up-to-date: /home/daniel/projects/tomauto_robot/install/tomauto_interfaces/include/tomauto_interfaces/tomauto_interfaces/msg/detail/drive_camera__functions.c
[0.437s] -- Up-to-date: /home/daniel/projects/tomauto_robot/install/tomauto_interfaces/include/tomauto_interfaces/tomauto_interfaces/msg/detail/drive_camera__type_support.c
[0.437s] -- Up-to-date: /home/daniel/projects/tomauto_robot/install/tomauto_interfaces/include/tomauto_interfaces/tomauto_interfaces/msg/detail/drive_camera__struct.h
[0.437s] -- Up-to-date: /home/daniel/projects/tomauto_robot/install/tomauto_interfaces/include/tomauto_interfaces/tomauto_interfaces/msg/detail/drive_camera__type_support.h
[0.437s] -- Up-to-date: /home/daniel/projects/tomauto_robot/install/tomauto_interfaces/share/tomauto_interfaces/environment/library_path.sh
[0.437s] -- Up-to-date: /home/daniel/projects/tomauto_robot/install/tomauto_interfaces/share/tomauto_interfaces/environment/library_path.dsv
[0.437s] -- Up-to-date: /home/daniel/projects/tomauto_robot/install/tomauto_interfaces/lib/libtomauto_interfaces__rosidl_generator_c.so
[0.438s] -- Up-to-date: /home/daniel/projects/tomauto_robot/install/tomauto_interfaces/include/tomauto_interfaces/tomauto_interfaces
[0.438s] -- Up-to-date: /home/daniel/projects/tomauto_robot/install/tomauto_interfaces/include/tomauto_interfaces/tomauto_interfaces/msg
[0.438s] -- Up-to-date: /home/daniel/projects/tomauto_robot/install/tomauto_interfaces/include/tomauto_interfaces/tomauto_interfaces/msg/rosidl_typesupport_fastrtps_c__visibility_control.h
[0.438s] -- Up-to-date: /home/daniel/projects/tomauto_robot/install/tomauto_interfaces/include/tomauto_interfaces/tomauto_interfaces/msg/detail
[0.438s] -- Up-to-date: /home/daniel/projects/tomauto_robot/install/tomauto_interfaces/include/tomauto_interfaces/tomauto_interfaces/msg/detail/drive_camera__rosidl_typesupport_fastrtps_c.h
[0.438s] -- Up-to-date: /home/daniel/projects/tomauto_robot/install/tomauto_interfaces/lib/libtomauto_interfaces__rosidl_typesupport_fastrtps_c.so
[0.438s] -- Up-to-date: /home/daniel/projects/tomauto_robot/install/tomauto_interfaces/include/tomauto_interfaces/tomauto_interfaces
[0.438s] -- Up-to-date: /home/daniel/projects/tomauto_robot/install/tomauto_interfaces/include/tomauto_interfaces/tomauto_interfaces/msg
[0.438s] -- Up-to-date: /home/daniel/projects/tomauto_robot/install/tomauto_interfaces/include/tomauto_interfaces/tomauto_interfaces/msg/rosidl_typesupport_introspection_c__visibility_control.h
[0.438s] -- Up-to-date: /home/daniel/projects/tomauto_robot/install/tomauto_interfaces/include/tomauto_interfaces/tomauto_interfaces/msg/detail
[0.438s] -- Up-to-date: /home/daniel/projects/tomauto_robot/install/tomauto_interfaces/include/tomauto_interfaces/tomauto_interfaces/msg/detail/drive_camera__rosidl_typesupport_introspection_c.h
[0.439s] -- Up-to-date: /home/daniel/projects/tomauto_robot/install/tomauto_interfaces/include/tomauto_interfaces/tomauto_interfaces/msg/detail/drive_camera__type_support.c
[0.439s] -- Up-to-date: /home/daniel/projects/tomauto_robot/install/tomauto_interfaces/lib/libtomauto_interfaces__rosidl_typesupport_introspection_c.so
[0.439s] -- Up-to-date: /home/daniel/projects/tomauto_robot/install/tomauto_interfaces/lib/libtomauto_interfaces__rosidl_typesupport_c.so
[0.439s] -- Up-to-date: /home/daniel/projects/tomauto_robot/install/tomauto_interfaces/include/tomauto_interfaces/tomauto_interfaces
[0.439s] -- Up-to-date: /home/daniel/projects/tomauto_robot/install/tomauto_interfaces/include/tomauto_interfaces/tomauto_interfaces/msg
[0.439s] -- Up-to-date: /home/daniel/projects/tomauto_robot/install/tomauto_interfaces/include/tomauto_interfaces/tomauto_interfaces/msg/rosidl_generator_cpp__visibility_control.hpp
[0.439s] -- Up-to-date: /home/daniel/projects/tomauto_robot/install/tomauto_interfaces/include/tomauto_interfaces/tomauto_interfaces/msg/detail
[0.439s] -- Up-to-date: /home/daniel/projects/tomauto_robot/install/tomauto_interfaces/include/tomauto_interfaces/tomauto_interfaces/msg/detail/drive_camera__struct.hpp
[0.439s] -- Up-to-date: /home/daniel/projects/tomauto_robot/install/tomauto_interfaces/include/tomauto_interfaces/tomauto_interfaces/msg/detail/drive_camera__traits.hpp
[0.439s] -- Up-to-date: /home/daniel/projects/tomauto_robot/install/tomauto_interfaces/include/tomauto_interfaces/tomauto_interfaces/msg/detail/drive_camera__builder.hpp
[0.439s] -- Up-to-date: /home/daniel/projects/tomauto_robot/install/tomauto_interfaces/include/tomauto_interfaces/tomauto_interfaces/msg/detail/drive_camera__type_support.hpp
[0.439s] -- Up-to-date: /home/daniel/projects/tomauto_robot/install/tomauto_interfaces/include/tomauto_interfaces/tomauto_interfaces/msg/drive_camera.hpp
[0.440s] -- Up-to-date: /home/daniel/projects/tomauto_robot/install/tomauto_interfaces/include/tomauto_interfaces/tomauto_interfaces
[0.440s] -- Up-to-date: /home/daniel/projects/tomauto_robot/install/tomauto_interfaces/include/tomauto_interfaces/tomauto_interfaces/msg
[0.440s] -- Up-to-date: /home/daniel/projects/tomauto_robot/install/tomauto_interfaces/include/tomauto_interfaces/tomauto_interfaces/msg/detail
[0.440s] -- Up-to-date: /home/daniel/projects/tomauto_robot/install/tomauto_interfaces/include/tomauto_interfaces/tomauto_interfaces/msg/detail/drive_camera__rosidl_typesupport_fastrtps_cpp.hpp
[0.440s] -- Up-to-date: /home/daniel/projects/tomauto_robot/install/tomauto_interfaces/include/tomauto_interfaces/tomauto_interfaces/msg/detail/dds_fastrtps
[0.440s] -- Up-to-date: /home/daniel/projects/tomauto_robot/install/tomauto_interfaces/include/tomauto_interfaces/tomauto_interfaces/msg/rosidl_typesupport_fastrtps_cpp__visibility_control.h
[0.440s] -- Up-to-date: /home/daniel/projects/tomauto_robot/install/tomauto_interfaces/lib/libtomauto_interfaces__rosidl_typesupport_fastrtps_cpp.so
[0.440s] -- Up-to-date: /home/daniel/projects/tomauto_robot/install/tomauto_interfaces/include/tomauto_interfaces/tomauto_interfaces
[0.440s] -- Up-to-date: /home/daniel/projects/tomauto_robot/install/tomauto_interfaces/include/tomauto_interfaces/tomauto_interfaces/msg
[0.440s] -- Up-to-date: /home/daniel/projects/tomauto_robot/install/tomauto_interfaces/include/tomauto_interfaces/tomauto_interfaces/msg/detail
[0.440s] -- Up-to-date: /home/daniel/projects/tomauto_robot/install/tomauto_interfaces/include/tomauto_interfaces/tomauto_interfaces/msg/detail/drive_camera__rosidl_typesupport_introspection_cpp.hpp
[0.440s] -- Up-to-date: /home/daniel/projects/tomauto_robot/install/tomauto_interfaces/include/tomauto_interfaces/tomauto_interfaces/msg/detail/drive_camera__type_support.cpp
[0.440s] -- Up-to-date: /home/daniel/projects/tomauto_robot/install/tomauto_interfaces/lib/libtomauto_interfaces__rosidl_typesupport_introspection_cpp.so
[0.441s] -- Up-to-date: /home/daniel/projects/tomauto_robot/install/tomauto_interfaces/lib/libtomauto_interfaces__rosidl_typesupport_cpp.so
[0.441s] -- Up-to-date: /home/daniel/projects/tomauto_robot/install/tomauto_interfaces/share/tomauto_interfaces/environment/pythonpath.sh
[0.441s] -- Up-to-date: /home/daniel/projects/tomauto_robot/install/tomauto_interfaces/share/tomauto_interfaces/environment/pythonpath.dsv
[0.441s] -- Up-to-date: /home/daniel/projects/tomauto_robot/install/tomauto_interfaces/lib/python3.12/site-packages/tomauto_interfaces-0.0.0-py3.12.egg-info
[0.441s] -- Installing: /home/daniel/projects/tomauto_robot/install/tomauto_interfaces/lib/python3.12/site-packages/tomauto_interfaces-0.0.0-py3.12.egg-info/dependency_links.txt
[0.441s] -- Installing: /home/daniel/projects/tomauto_robot/install/tomauto_interfaces/lib/python3.12/site-packages/tomauto_interfaces-0.0.0-py3.12.egg-info/top_level.txt
[0.441s] -- Installing: /home/daniel/projects/tomauto_robot/install/tomauto_interfaces/lib/python3.12/site-packages/tomauto_interfaces-0.0.0-py3.12.egg-info/PKG-INFO
[0.441s] -- Installing: /home/daniel/projects/tomauto_robot/install/tomauto_interfaces/lib/python3.12/site-packages/tomauto_interfaces-0.0.0-py3.12.egg-info/SOURCES.txt
[0.441s] -- Up-to-date: /home/daniel/projects/tomauto_robot/install/tomauto_interfaces/lib/python3.12/site-packages/tomauto_interfaces
[0.441s] -- Up-to-date: /home/daniel/projects/tomauto_robot/install/tomauto_interfaces/lib/python3.12/site-packages/tomauto_interfaces/tomauto_interfaces_s__rosidl_typesupport_fastrtps_c.so
[0.441s] -- Up-to-date: /home/daniel/projects/tomauto_robot/install/tomauto_interfaces/lib/python3.12/site-packages/tomauto_interfaces/_tomauto_interfaces_s.ep.rosidl_typesupport_c.c
[0.441s] -- Up-to-date: /home/daniel/projects/tomauto_robot/install/tomauto_interfaces/lib/python3.12/site-packages/tomauto_interfaces/__init__.py
[0.442s] -- Up-to-date: /home/daniel/projects/tomauto_robot/install/tomauto_interfaces/lib/python3.12/site-packages/tomauto_interfaces/tomauto_interfaces_s__rosidl_typesupport_c.so
[0.442s] -- Up-to-date: /home/daniel/projects/tomauto_robot/install/tomauto_interfaces/lib/python3.12/site-packages/tomauto_interfaces/msg
[0.442s] -- Up-to-date: /home/daniel/projects/tomauto_robot/install/tomauto_interfaces/lib/python3.12/site-packages/tomauto_interfaces/msg/_drive_camera_s.c
[0.442s] -- Up-to-date: /home/daniel/projects/tomauto_robot/install/tomauto_interfaces/lib/python3.12/site-packages/tomauto_interfaces/msg/__init__.py
[0.442s] -- Up-to-date: /home/daniel/projects/tomauto_robot/install/tomauto_interfaces/lib/python3.12/site-packages/tomauto_interfaces/msg/_drive_camera.py
[0.442s] -- Up-to-date: /home/daniel/projects/tomauto_robot/install/tomauto_interfaces/lib/python3.12/site-packages/tomauto_interfaces/tomauto_interfaces_s__rosidl_typesupport_introspection_c.so
[0.442s] -- Up-to-date: /home/daniel/projects/tomauto_robot/install/tomauto_interfaces/lib/python3.12/site-packages/tomauto_interfaces/_tomauto_interfaces_s.ep.rosidl_typesupport_introspection_c.c
[0.442s] -- Up-to-date: /home/daniel/projects/tomauto_robot/install/tomauto_interfaces/lib/python3.12/site-packages/tomauto_interfaces/_tomauto_interfaces_s.ep.rosidl_typesupport_fastrtps_c.c
[0.495s] Listing '/home/daniel/projects/tomauto_robot/install/tomauto_interfaces/lib/python3.12/site-packages/tomauto_interfaces'...
[0.495s] Listing '/home/daniel/projects/tomauto_robot/install/tomauto_interfaces/lib/python3.12/site-packages/tomauto_interfaces/msg'...
[0.502s] -- Up-to-date: /home/daniel/projects/tomauto_robot/install/tomauto_interfaces/lib/python3.12/site-packages/tomauto_interfaces/tomauto_interfaces_s__rosidl_typesupport_fastrtps_c.so
[0.502s] -- Up-to-date: /home/daniel/projects/tomauto_robot/install/tomauto_interfaces/lib/python3.12/site-packages/tomauto_interfaces/tomauto_interfaces_s__rosidl_typesupport_introspection_c.so
[0.502s] -- Up-to-date: /home/daniel/projects/tomauto_robot/install/tomauto_interfaces/lib/python3.12/site-packages/tomauto_interfaces/tomauto_interfaces_s__rosidl_typesupport_c.so
[0.503s] -- Up-to-date: /home/daniel/projects/tomauto_robot/install/tomauto_interfaces/lib/libtomauto_interfaces__rosidl_generator_py.so
[0.503s] -- Up-to-date: /home/daniel/projects/tomauto_robot/install/tomauto_interfaces/share/tomauto_interfaces/msg/DriveCamera.idl
[0.503s] -- Up-to-date: /home/daniel/projects/tomauto_robot/install/tomauto_interfaces/share/tomauto_interfaces/msg/DriveCamera.msg
[0.503s] -- Up-to-date: /home/daniel/projects/tomauto_robot/install/tomauto_interfaces/share/ament_index/resource_index/package_run_dependencies/tomauto_interfaces
[0.503s] -- Up-to-date: /home/daniel/projects/tomauto_robot/install/tomauto_interfaces/share/ament_index/resource_index/parent_prefix_path/tomauto_interfaces
[0.503s] -- Up-to-date: /home/daniel/projects/tomauto_robot/install/tomauto_interfaces/share/tomauto_interfaces/environment/ament_prefix_path.sh
[0.504s] -- Up-to-date: /home/daniel/projects/tomauto_robot/install/tomauto_interfaces/share/tomauto_interfaces/environment/ament_prefix_path.dsv
[0.504s] -- Up-to-date: /home/daniel/projects/tomauto_robot/install/tomauto_interfaces/share/tomauto_interfaces/environment/path.sh
[0.504s] -- Up-to-date: /home/daniel/projects/tomauto_robot/install/tomauto_interfaces/share/tomauto_interfaces/environment/path.dsv
[0.504s] -- Up-to-date: /home/daniel/projects/tomauto_robot/install/tomauto_interfaces/share/tomauto_interfaces/local_setup.bash
[0.504s] -- Up-to-date: /home/daniel/projects/tomauto_robot/install/tomauto_interfaces/share/tomauto_interfaces/local_setup.sh
[0.504s] -- Up-to-date: /home/daniel/projects/tomauto_robot/install/tomauto_interfaces/share/tomauto_interfaces/local_setup.zsh
[0.504s] -- Up-to-date: /home/daniel/projects/tomauto_robot/install/tomauto_interfaces/share/tomauto_interfaces/local_setup.dsv
[0.504s] -- Installing: /home/daniel/projects/tomauto_robot/install/tomauto_interfaces/share/tomauto_interfaces/package.dsv
[0.504s] -- Up-to-date: /home/daniel/projects/tomauto_robot/install/tomauto_interfaces/share/ament_index/resource_index/packages/tomauto_interfaces
[0.504s] -- Up-to-date: /home/daniel/projects/tomauto_robot/install/tomauto_interfaces/share/tomauto_interfaces/cmake/export_tomauto_interfaces__rosidl_generator_cExport.cmake
[0.504s] -- Up-to-date: /home/daniel/projects/tomauto_robot/install/tomauto_interfaces/share/tomauto_interfaces/cmake/export_tomauto_interfaces__rosidl_generator_cExport-noconfig.cmake
[0.505s] -- Up-to-date: /home/daniel/projects/tomauto_robot/install/tomauto_interfaces/share/tomauto_interfaces/cmake/export_tomauto_interfaces__rosidl_typesupport_fastrtps_cExport.cmake
[0.505s] -- Up-to-date: /home/daniel/projects/tomauto_robot/install/tomauto_interfaces/share/tomauto_interfaces/cmake/export_tomauto_interfaces__rosidl_typesupport_fastrtps_cExport-noconfig.cmake
[0.505s] -- Up-to-date: /home/daniel/projects/tomauto_robot/install/tomauto_interfaces/share/tomauto_interfaces/cmake/tomauto_interfaces__rosidl_typesupport_introspection_cExport.cmake
[0.505s] -- Up-to-date: /home/daniel/projects/tomauto_robot/install/tomauto_interfaces/share/tomauto_interfaces/cmake/tomauto_interfaces__rosidl_typesupport_introspection_cExport-noconfig.cmake
[0.505s] -- Up-to-date: /home/daniel/projects/tomauto_robot/install/tomauto_interfaces/share/tomauto_interfaces/cmake/tomauto_interfaces__rosidl_typesupport_cExport.cmake
[0.505s] -- Up-to-date: /home/daniel/projects/tomauto_robot/install/tomauto_interfaces/share/tomauto_interfaces/cmake/tomauto_interfaces__rosidl_typesupport_cExport-noconfig.cmake
[0.505s] -- Up-to-date: /home/daniel/projects/tomauto_robot/install/tomauto_interfaces/share/tomauto_interfaces/cmake/export_tomauto_interfaces__rosidl_generator_cppExport.cmake
[0.505s] -- Up-to-date: /home/daniel/projects/tomauto_robot/install/tomauto_interfaces/share/tomauto_interfaces/cmake/export_tomauto_interfaces__rosidl_typesupport_fastrtps_cppExport.cmake
[0.505s] -- Up-to-date: /home/daniel/projects/tomauto_robot/install/tomauto_interfaces/share/tomauto_interfaces/cmake/export_tomauto_interfaces__rosidl_typesupport_fastrtps_cppExport-noconfig.cmake
[0.506s] -- Up-to-date: /home/daniel/projects/tomauto_robot/install/tomauto_interfaces/share/tomauto_interfaces/cmake/tomauto_interfaces__rosidl_typesupport_introspection_cppExport.cmake
[0.506s] -- Up-to-date: /home/daniel/projects/tomauto_robot/install/tomauto_interfaces/share/tomauto_interfaces/cmake/tomauto_interfaces__rosidl_typesupport_introspection_cppExport-noconfig.cmake
[0.506s] -- Up-to-date: /home/daniel/projects/tomauto_robot/install/tomauto_interfaces/share/tomauto_interfaces/cmake/tomauto_interfaces__rosidl_typesupport_cppExport.cmake
[0.506s] -- Up-to-date: /home/daniel/projects/tomauto_robot/install/tomauto_interfaces/share/tomauto_interfaces/cmake/tomauto_interfaces__rosidl_typesupport_cppExport-noconfig.cmake
[0.506s] -- Up-to-date: /home/daniel/projects/tomauto_robot/install/tomauto_interfaces/share/tomauto_interfaces/cmake/export_tomauto_interfaces__rosidl_generator_pyExport.cmake
[0.506s] -- Up-to-date: /home/daniel/projects/tomauto_robot/install/tomauto_interfaces/share/tomauto_interfaces/cmake/export_tomauto_interfaces__rosidl_generator_pyExport-noconfig.cmake
[0.506s] -- Up-to-date: /home/daniel/projects/tomauto_robot/install/tomauto_interfaces/share/tomauto_interfaces/cmake/rosidl_cmake-extras.cmake
[0.506s] -- Up-to-date: /home/daniel/projects/tomauto_robot/install/tomauto_interfaces/share/tomauto_interfaces/cmake/ament_cmake_export_include_directories-extras.cmake
[0.506s] -- Up-to-date: /home/daniel/projects/tomauto_robot/install/tomauto_interfaces/share/tomauto_interfaces/cmake/ament_cmake_export_libraries-extras.cmake
[0.507s] -- Up-to-date: /home/daniel/projects/tomauto_robot/install/tomauto_interfaces/share/tomauto_interfaces/cmake/ament_cmake_export_targets-extras.cmake
[0.507s] -- Up-to-date: /home/daniel/projects/tomauto_robot/install/tomauto_interfaces/share/tomauto_interfaces/cmake/rosidl_cmake_export_typesupport_targets-extras.cmake
[0.507s] -- Up-to-date: /home/daniel/projects/tomauto_robot/install/tomauto_interfaces/share/tomauto_interfaces/cmake/ament_cmake_export_dependencies-extras.cmake
[0.507s] -- Up-to-date: /home/daniel/projects/tomauto_robot/install/tomauto_interfaces/share/tomauto_interfaces/cmake/rosidl_cmake_export_typesupport_libraries-extras.cmake
[0.507s] -- Up-to-date: /home/daniel/projects/tomauto_robot/install/tomauto_interfaces/share/tomauto_interfaces/cmake/tomauto_interfacesConfig.cmake
[0.507s] -- Up-to-date: /home/daniel/projects/tomauto_robot/install/tomauto_interfaces/share/tomauto_interfaces/cmake/tomauto_interfacesConfig-version.cmake
[0.507s] -- Up-to-date: /home/daniel/projects/tomauto_robot/install/tomauto_interfaces/share/tomauto_interfaces/package.xml
[0.510s] Invoked command in '/home/daniel/projects/tomauto_robot/build/tomauto_interfaces' returned '0': CMAKE_PREFIX_PATH=${CMAKE_PREFIX_PATH}:/home/daniel/projects/tomauto_robot/install/dm:/home/daniel/projects/tomauto_robot/src/install/dm:/home/daniel/projects/ros/install/my_py_pkg:/opt/ros/jazzy DEBUGINFOD_URLS=https://debuginfod.ubuntu.com /usr/bin/cmake --install /home/daniel/projects/tomauto_robot/build/tomauto_interfaces
