[1.331s] Invoking command in '/home/daniel/projects/tomauto_robot/src/controller': DEBUGINFOD_URLS=https://debuginfod.ubuntu.com PYTHONPATH=/home/daniel/projects/tomauto_robot/build/controller/prefix_override:/usr/lib/python3/dist-packages/colcon_core/task/python/colcon_distutils_commands:/home/daniel/projects/tomauto_robot/install/controller/lib/python3.12/site-packages:/home/daniel/projects/tomauto_robot/install/tomauto_interfaces/lib/python3.12/site-packages:/home/daniel/projects/tomauto_robot/install/controller/lib/python3.12/site-packages:/home/daniel/projects/tomauto_robot/install/dm/lib/python3.12/site-packages:/home/daniel/projects/tomauto_robot/src/install/dm/lib/python3.12/site-packages:/home/daniel/projects/ros/install/my_py_pkg/lib/python3.12/site-packages:/home/daniel/projects/ros/install/my_robot_interfaces/lib/python3.12/site-packages:/opt/ros/jazzy/lib/python3.12/site-packages /usr/bin/python3 -W ignore:setup.py install is deprecated -W ignore:easy_install command is deprecated setup.py egg_info --egg-base ../../build/controller build --build-base /home/daniel/projects/tomauto_robot/build/controller/build install --record /home/daniel/projects/tomauto_robot/build/controller/install.log --single-version-externally-managed install_data
[1.747s] running egg_info
[1.773s] writing ../../build/controller/controller.egg-info/PKG-INFO
[1.774s] writing dependency_links to ../../build/controller/controller.egg-info/dependency_links.txt
[1.774s] writing entry points to ../../build/controller/controller.egg-info/entry_points.txt
[1.774s] writing requirements to ../../build/controller/controller.egg-info/requires.txt
[1.774s] writing top-level names to ../../build/controller/controller.egg-info/top_level.txt
[1.829s] reading manifest file '../../build/controller/controller.egg-info/SOURCES.txt'
[1.831s] writing manifest file '../../build/controller/controller.egg-info/SOURCES.txt'
[1.831s] running build
[1.831s] running build_py
[1.832s] copying controller/controller.py -> /home/daniel/projects/tomauto_robot/build/controller/build/lib/controller
[1.832s] running install
[1.842s] running install_lib
[1.871s] copying /home/daniel/projects/tomauto_robot/build/controller/build/lib/controller/controller.py -> /home/daniel/projects/tomauto_robot/install/controller/lib/python3.12/site-packages/controller
[1.872s] byte-compiling /home/daniel/projects/tomauto_robot/install/controller/lib/python3.12/site-packages/controller/controller.py to controller.cpython-312.pyc
[1.874s] running install_data
[1.874s] running install_egg_info
[1.907s] removing '/home/daniel/projects/tomauto_robot/install/controller/lib/python3.12/site-packages/controller-0.0.0-py3.12.egg-info' (and everything under it)
[1.908s] Copying ../../build/controller/controller.egg-info to /home/daniel/projects/tomauto_robot/install/controller/lib/python3.12/site-packages/controller-0.0.0-py3.12.egg-info
[1.909s] running install_scripts
[2.124s] Installing controller script to /home/daniel/projects/tomauto_robot/install/controller/lib/controller
[2.125s] writing list of installed files to '/home/daniel/projects/tomauto_robot/build/controller/install.log'
[2.198s] Invoked command in '/home/daniel/projects/tomauto_robot/src/controller' returned '0': DEBUGINFOD_URLS=https://debuginfod.ubuntu.com PYTHONPATH=/home/daniel/projects/tomauto_robot/build/controller/prefix_override:/usr/lib/python3/dist-packages/colcon_core/task/python/colcon_distutils_commands:/home/daniel/projects/tomauto_robot/install/controller/lib/python3.12/site-packages:/home/daniel/projects/tomauto_robot/install/tomauto_interfaces/lib/python3.12/site-packages:/home/daniel/projects/tomauto_robot/install/controller/lib/python3.12/site-packages:/home/daniel/projects/tomauto_robot/install/dm/lib/python3.12/site-packages:/home/daniel/projects/tomauto_robot/src/install/dm/lib/python3.12/site-packages:/home/daniel/projects/ros/install/my_py_pkg/lib/python3.12/site-packages:/home/daniel/projects/ros/install/my_robot_interfaces/lib/python3.12/site-packages:/opt/ros/jazzy/lib/python3.12/site-packages /usr/bin/python3 -W ignore:setup.py install is deprecated -W ignore:easy_install command is deprecated setup.py egg_info --egg-base ../../build/controller build --build-base /home/daniel/projects/tomauto_robot/build/controller/build install --record /home/daniel/projects/tomauto_robot/build/controller/install.log --single-version-externally-managed install_data
