running egg_info
writing ../../build/dc_motors/dc_motors.egg-info/PKG-INFO
writing dependency_links to ../../build/dc_motors/dc_motors.egg-info/dependency_links.txt
writing entry points to ../../build/dc_motors/dc_motors.egg-info/entry_points.txt
writing requirements to ../../build/dc_motors/dc_motors.egg-info/requires.txt
writing top-level names to ../../build/dc_motors/dc_motors.egg-info/top_level.txt
reading manifest file '../../build/dc_motors/dc_motors.egg-info/SOURCES.txt'
writing manifest file '../../build/dc_motors/dc_motors.egg-info/SOURCES.txt'
running build
running build_py
running install
running install_lib
byte-compiling /home/daniel/projects/tomauto_robot/install/dc_motors/lib/python3.12/site-packages/dc_motors/mock_dc_motors.py to mock_dc_motors.cpython-312.pyc
running install_data
running install_egg_info
removing '/home/daniel/projects/tomauto_robot/install/dc_motors/lib/python3.12/site-packages/dc_motors-0.0.0-py3.12.egg-info' (and everything under it)
Copying ../../build/dc_motors/dc_motors.egg-info to /home/daniel/projects/tomauto_robot/install/dc_motors/lib/python3.12/site-packages/dc_motors-0.0.0-py3.12.egg-info
running install_scripts
Installing mock_dc_motors script to /home/daniel/projects/tomauto_robot/install/dc_motors/lib/dc_motors
writing list of installed files to '/home/daniel/projects/tomauto_robot/build/dc_motors/install.log'
