[0.350s] Invoking command in '/home/daniel/projects/tomauto_robot/src/dc_motors': DEBUGINFOD_URLS=https://debuginfod.ubuntu.com PYTHONPATH=/home/daniel/projects/tomauto_robot/build/dc_motors/prefix_override:/usr/lib/python3/dist-packages/colcon_core/task/python/colcon_distutils_commands:/home/daniel/projects/tomauto_robot/install/dc_motors/lib/python3.12/site-packages:${PYTHONPATH} /usr/bin/python3 -W ignore:setup.py install is deprecated -W ignore:easy_install command is deprecated setup.py egg_info --egg-base ../../build/dc_motors build --build-base /home/daniel/projects/tomauto_robot/build/dc_motors/build install --record /home/daniel/projects/tomauto_robot/build/dc_motors/install.log --single-version-externally-managed install_data
[0.466s] running egg_info
[0.473s] writing ../../build/dc_motors/dc_motors.egg-info/PKG-INFO
[0.473s] writing dependency_links to ../../build/dc_motors/dc_motors.egg-info/dependency_links.txt
[0.473s] writing entry points to ../../build/dc_motors/dc_motors.egg-info/entry_points.txt
[0.473s] writing requirements to ../../build/dc_motors/dc_motors.egg-info/requires.txt
[0.473s] writing top-level names to ../../build/dc_motors/dc_motors.egg-info/top_level.txt
[0.487s] reading manifest file '../../build/dc_motors/dc_motors.egg-info/SOURCES.txt'
[0.487s] writing manifest file '../../build/dc_motors/dc_motors.egg-info/SOURCES.txt'
[0.488s] running build
[0.488s] running build_py
[0.488s] running install
[0.490s] running install_lib
[0.498s] byte-compiling /home/daniel/projects/tomauto_robot/install/dc_motors/lib/python3.12/site-packages/dc_motors/mock_dc_motors.py to mock_dc_motors.cpython-312.pyc
[0.498s] running install_data
[0.498s] running install_egg_info
[0.506s] removing '/home/daniel/projects/tomauto_robot/install/dc_motors/lib/python3.12/site-packages/dc_motors-0.0.0-py3.12.egg-info' (and everything under it)
[0.506s] Copying ../../build/dc_motors/dc_motors.egg-info to /home/daniel/projects/tomauto_robot/install/dc_motors/lib/python3.12/site-packages/dc_motors-0.0.0-py3.12.egg-info
[0.507s] running install_scripts
[0.559s] Installing mock_dc_motors script to /home/daniel/projects/tomauto_robot/install/dc_motors/lib/dc_motors
[0.559s] writing list of installed files to '/home/daniel/projects/tomauto_robot/build/dc_motors/install.log'
[0.571s] Invoked command in '/home/daniel/projects/tomauto_robot/src/dc_motors' returned '0': DEBUGINFOD_URLS=https://debuginfod.ubuntu.com PYTHONPATH=/home/daniel/projects/tomauto_robot/build/dc_motors/prefix_override:/usr/lib/python3/dist-packages/colcon_core/task/python/colcon_distutils_commands:/home/daniel/projects/tomauto_robot/install/dc_motors/lib/python3.12/site-packages:${PYTHONPATH} /usr/bin/python3 -W ignore:setup.py install is deprecated -W ignore:easy_install command is deprecated setup.py egg_info --egg-base ../../build/dc_motors build --build-base /home/daniel/projects/tomauto_robot/build/dc_motors/build install --record /home/daniel/projects/tomauto_robot/build/dc_motors/install.log --single-version-externally-managed install_data
