[0.711s] Invoking command in '/home/daniel/projects/tomauto_robot/src/controller': DEBUGINFOD_URLS=https://debuginfod.ubuntu.com PYTHONPATH=/home/daniel/projects/tomauto_robot/build/controller/prefix_override:/usr/lib/python3/dist-packages/colcon_core/task/python/colcon_distutils_commands:/home/daniel/projects/tomauto_robot/install/controller/lib/python3.12/site-packages:/home/daniel/projects/tomauto_robot/install/tomauto_interfaces/lib/python3.12/site-packages:/home/daniel/projects/tomauto_robot/install/controller/lib/python3.12/site-packages:/home/daniel/projects/tomauto_robot/install/dm/lib/python3.12/site-packages:/home/daniel/projects/tomauto_robot/src/install/dm/lib/python3.12/site-packages:/home/daniel/projects/ros/install/my_py_pkg/lib/python3.12/site-packages:/home/daniel/projects/ros/install/my_robot_interfaces/lib/python3.12/site-packages:/opt/ros/jazzy/lib/python3.12/site-packages /usr/bin/python3 -W ignore:setup.py install is deprecated -W ignore:easy_install command is deprecated setup.py egg_info --egg-base ../../build/controller build --build-base /home/daniel/projects/tomauto_robot/build/controller/build install --record /home/daniel/projects/tomauto_robot/build/controller/install.log --single-version-externally-managed install_data
[0.927s] running egg_info
[0.941s] writing ../../build/controller/controller.egg-info/PKG-INFO
[0.941s] writing dependency_links to ../../build/controller/controller.egg-info/dependency_links.txt
[0.941s] writing requirements to ../../build/controller/controller.egg-info/requires.txt
[0.941s] writing top-level names to ../../build/controller/controller.egg-info/top_level.txt
[0.970s] reading manifest file '../../build/controller/controller.egg-info/SOURCES.txt'
[0.971s] writing manifest file '../../build/controller/controller.egg-info/SOURCES.txt'
[0.971s] running build
[0.971s] running build_py
[0.971s] copying controller/controller.py -> /home/daniel/projects/tomauto_robot/build/controller/build/lib/controller
[0.972s] running install
[0.977s] running install_lib
[0.992s] copying /home/daniel/projects/tomauto_robot/build/controller/build/lib/controller/controller.py -> /home/daniel/projects/tomauto_robot/install/controller/lib/python3.12/site-packages/controller
[0.993s] byte-compiling /home/daniel/projects/tomauto_robot/install/controller/lib/python3.12/site-packages/controller/controller.py to controller.cpython-312.pyc
[0.993s] running install_data
[0.993s] running install_egg_info
[1.010s] removing '/home/daniel/projects/tomauto_robot/install/controller/lib/python3.12/site-packages/controller-0.0.0-py3.12.egg-info' (and everything under it)
[1.010s] Copying ../../build/controller/controller.egg-info to /home/daniel/projects/tomauto_robot/install/controller/lib/python3.12/site-packages/controller-0.0.0-py3.12.egg-info
[1.010s] running install_scripts
[1.115s] writing list of installed files to '/home/daniel/projects/tomauto_robot/build/controller/install.log'
[1.141s] Invoked command in '/home/daniel/projects/tomauto_robot/src/controller' returned '0': DEBUGINFOD_URLS=https://debuginfod.ubuntu.com PYTHONPATH=/home/daniel/projects/tomauto_robot/build/controller/prefix_override:/usr/lib/python3/dist-packages/colcon_core/task/python/colcon_distutils_commands:/home/daniel/projects/tomauto_robot/install/controller/lib/python3.12/site-packages:/home/daniel/projects/tomauto_robot/install/tomauto_interfaces/lib/python3.12/site-packages:/home/daniel/projects/tomauto_robot/install/controller/lib/python3.12/site-packages:/home/daniel/projects/tomauto_robot/install/dm/lib/python3.12/site-packages:/home/daniel/projects/tomauto_robot/src/install/dm/lib/python3.12/site-packages:/home/daniel/projects/ros/install/my_py_pkg/lib/python3.12/site-packages:/home/daniel/projects/ros/install/my_robot_interfaces/lib/python3.12/site-packages:/opt/ros/jazzy/lib/python3.12/site-packages /usr/bin/python3 -W ignore:setup.py install is deprecated -W ignore:easy_install command is deprecated setup.py egg_info --egg-base ../../build/controller build --build-base /home/daniel/projects/tomauto_robot/build/controller/build install --record /home/daniel/projects/tomauto_robot/build/controller/install.log --single-version-externally-managed install_data
