[0.945s] Invoking command in '/home/daniel/projects/tomauto_robot/src/dm': DEBUGINFOD_URLS=https://debuginfod.ubuntu.com PYTHONPATH=/home/daniel/projects/tomauto_robot/build/dm/prefix_override:/usr/lib/python3/dist-packages/colcon_core/task/python/colcon_distutils_commands:/home/daniel/projects/tomauto_robot/install/dm/lib/python3.12/site-packages:${PYTHONPATH} /usr/bin/python3 -W ignore:setup.py install is deprecated -W ignore:easy_install command is deprecated setup.py egg_info --egg-base ../../build/dm build --build-base /home/daniel/projects/tomauto_robot/build/dm/build install --record /home/daniel/projects/tomauto_robot/build/dm/install.log --single-version-externally-managed install_data
[1.164s] running egg_info
[1.179s] writing ../../build/dm/dm.egg-info/PKG-INFO
[1.179s] writing dependency_links to ../../build/dm/dm.egg-info/dependency_links.txt
[1.179s] writing entry points to ../../build/dm/dm.egg-info/entry_points.txt
[1.179s] writing requirements to ../../build/dm/dm.egg-info/requires.txt
[1.179s] writing top-level names to ../../build/dm/dm.egg-info/top_level.txt
[1.209s] reading manifest file '../../build/dm/dm.egg-info/SOURCES.txt'
[1.210s] writing manifest file '../../build/dm/dm.egg-info/SOURCES.txt'
[1.210s] running build
[1.210s] running build_py
[1.210s] running install
[1.215s] running install_lib
[1.231s] running install_data
[1.231s] running install_egg_info
[1.248s] removing '/home/daniel/projects/tomauto_robot/install/dm/lib/python3.12/site-packages/dm-0.0.0-py3.12.egg-info' (and everything under it)
[1.248s] Copying ../../build/dm/dm.egg-info to /home/daniel/projects/tomauto_robot/install/dm/lib/python3.12/site-packages/dm-0.0.0-py3.12.egg-info
[1.249s] running install_scripts
[1.355s] Installing mock_dc_motors script to /home/daniel/projects/tomauto_robot/install/dm/lib/dm
[1.355s] writing list of installed files to '/home/daniel/projects/tomauto_robot/build/dm/install.log'
