[0.718s] Invoking command in '/home/daniel/projects/tomauto_robot/src/controller': AMENT_PREFIX_PATH=/home/daniel/projects/tomauto_robot/install/tomauto_interfaces:${AMENT_PREFIX_PATH} CMAKE_PREFIX_PATH=/home/daniel/projects/tomauto_robot/install/tomauto_interfaces:${CMAKE_PREFIX_PATH} DEBUGINFOD_URLS=https://debuginfod.ubuntu.com LD_LIBRARY_PATH=/home/daniel/projects/tomauto_robot/install/tomauto_interfaces/lib:${LD_LIBRARY_PATH} PYTHONPATH=/home/daniel/projects/tomauto_robot/build/controller/prefix_override:/usr/lib/python3/dist-packages/colcon_core/task/python/colcon_distutils_commands:/home/daniel/projects/tomauto_robot/install/controller/lib/python3.12/site-packages:/home/daniel/projects/tomauto_robot/install/tomauto_interfaces/lib/python3.12/site-packages:${PYTHONPATH} /usr/bin/python3 -W ignore:setup.py install is deprecated -W ignore:easy_install command is deprecated setup.py egg_info --egg-base ../../build/controller build --build-base /home/daniel/projects/tomauto_robot/build/controller/build install --record /home/daniel/projects/tomauto_robot/build/controller/install.log --single-version-externally-managed install_data
[0.935s] running egg_info
[0.950s] writing ../../build/controller/controller.egg-info/PKG-INFO
[0.950s] writing dependency_links to ../../build/controller/controller.egg-info/dependency_links.txt
[0.950s] writing requirements to ../../build/controller/controller.egg-info/requires.txt
[0.950s] writing top-level names to ../../build/controller/controller.egg-info/top_level.txt
[0.980s] reading manifest file '../../build/controller/controller.egg-info/SOURCES.txt'
[0.980s] writing manifest file '../../build/controller/controller.egg-info/SOURCES.txt'
[0.980s] running build
[0.980s] running build_py
[0.981s] running install
[0.987s] running install_lib
[1.002s] running install_data
[1.002s] copying package.xml -> /home/daniel/projects/tomauto_robot/install/controller/share/controller
[1.002s] running install_egg_info
[1.019s] removing '/home/daniel/projects/tomauto_robot/install/controller/lib/python3.12/site-packages/controller-0.0.0-py3.12.egg-info' (and everything under it)
[1.019s] Copying ../../build/controller/controller.egg-info to /home/daniel/projects/tomauto_robot/install/controller/lib/python3.12/site-packages/controller-0.0.0-py3.12.egg-info
[1.019s] running install_scripts
[1.125s] writing list of installed files to '/home/daniel/projects/tomauto_robot/build/controller/install.log'
[1.147s] Invoked command in '/home/daniel/projects/tomauto_robot/src/controller' returned '0': AMENT_PREFIX_PATH=/home/daniel/projects/tomauto_robot/install/tomauto_interfaces:${AMENT_PREFIX_PATH} CMAKE_PREFIX_PATH=/home/daniel/projects/tomauto_robot/install/tomauto_interfaces:${CMAKE_PREFIX_PATH} DEBUGINFOD_URLS=https://debuginfod.ubuntu.com LD_LIBRARY_PATH=/home/daniel/projects/tomauto_robot/install/tomauto_interfaces/lib:${LD_LIBRARY_PATH} PYTHONPATH=/home/daniel/projects/tomauto_robot/build/controller/prefix_override:/usr/lib/python3/dist-packages/colcon_core/task/python/colcon_distutils_commands:/home/daniel/projects/tomauto_robot/install/controller/lib/python3.12/site-packages:/home/daniel/projects/tomauto_robot/install/tomauto_interfaces/lib/python3.12/site-packages:${PYTHONPATH} /usr/bin/python3 -W ignore:setup.py install is deprecated -W ignore:easy_install command is deprecated setup.py egg_info --egg-base ../../build/controller build --build-base /home/daniel/projects/tomauto_robot/build/controller/build install --record /home/daniel/projects/tomauto_robot/build/controller/install.log --single-version-externally-managed install_data
