[1.191s] Invoking command in '/home/daniel/projects/tomauto_robot/src/controller': DEBUGINFOD_URLS=https://debuginfod.ubuntu.com PYTHONPATH=/home/daniel/projects/tomauto_robot/build/controller/prefix_override:/usr/lib/python3/dist-packages/colcon_core/task/python/colcon_distutils_commands:/home/daniel/projects/tomauto_robot/install/controller/lib/python3.12/site-packages:${PYTHONPATH} /usr/bin/python3 -W ignore:setup.py install is deprecated -W ignore:easy_install command is deprecated setup.py egg_info --egg-base ../../build/controller build --build-base /home/daniel/projects/tomauto_robot/build/controller/build install --record /home/daniel/projects/tomauto_robot/build/controller/install.log --single-version-externally-managed install_data
[1.412s] running egg_info
[1.412s] creating ../../build/controller/controller.egg-info
[1.427s] writing ../../build/controller/controller.egg-info/PKG-INFO
[1.428s] writing dependency_links to ../../build/controller/controller.egg-info/dependency_links.txt
[1.428s] writing requirements to ../../build/controller/controller.egg-info/requires.txt
[1.428s] writing top-level names to ../../build/controller/controller.egg-info/top_level.txt
[1.428s] writing manifest file '../../build/controller/controller.egg-info/SOURCES.txt'
[1.459s] reading manifest file '../../build/controller/controller.egg-info/SOURCES.txt'
[1.460s] writing manifest file '../../build/controller/controller.egg-info/SOURCES.txt'
[1.460s] running build
[1.460s] running build_py
[1.460s] creating /home/daniel/projects/tomauto_robot/build/controller/build
[1.460s] creating /home/daniel/projects/tomauto_robot/build/controller/build/lib
[1.461s] creating /home/daniel/projects/tomauto_robot/build/controller/build/lib/controller
[1.461s] copying controller/__init__.py -> /home/daniel/projects/tomauto_robot/build/controller/build/lib/controller
[1.461s] copying controller/controller.py -> /home/daniel/projects/tomauto_robot/build/controller/build/lib/controller
[1.461s] running install
[1.466s] running install_lib
[1.481s] creating /home/daniel/projects/tomauto_robot/install/controller/lib/python3.12/site-packages/controller
[1.481s] copying /home/daniel/projects/tomauto_robot/build/controller/build/lib/controller/__init__.py -> /home/daniel/projects/tomauto_robot/install/controller/lib/python3.12/site-packages/controller
[1.481s] copying /home/daniel/projects/tomauto_robot/build/controller/build/lib/controller/controller.py -> /home/daniel/projects/tomauto_robot/install/controller/lib/python3.12/site-packages/controller
[1.481s] byte-compiling /home/daniel/projects/tomauto_robot/install/controller/lib/python3.12/site-packages/controller/__init__.py to __init__.cpython-312.pyc
[1.481s] byte-compiling /home/daniel/projects/tomauto_robot/install/controller/lib/python3.12/site-packages/controller/controller.py to controller.cpython-312.pyc
[1.482s] running install_data
[1.482s] creating /home/daniel/projects/tomauto_robot/install/controller/share/ament_index
[1.482s] creating /home/daniel/projects/tomauto_robot/install/controller/share/ament_index/resource_index
[1.482s] creating /home/daniel/projects/tomauto_robot/install/controller/share/ament_index/resource_index/packages
[1.482s] copying resource/controller -> /home/daniel/projects/tomauto_robot/install/controller/share/ament_index/resource_index/packages
[1.482s] copying package.xml -> /home/daniel/projects/tomauto_robot/install/controller/share/controller
[1.482s] running install_egg_info
[1.499s] Copying ../../build/controller/controller.egg-info to /home/daniel/projects/tomauto_robot/install/controller/lib/python3.12/site-packages/controller-0.0.0-py3.12.egg-info
[1.500s] running install_scripts
[1.607s] writing list of installed files to '/home/daniel/projects/tomauto_robot/build/controller/install.log'
