[0.396s] Invoking command in '/home/daniel/projects/tomauto_robot/build/tomauto_interfaces': CMAKE_PREFIX_PATH=${CMAKE_PREFIX_PATH}:/home/daniel/projects/tomauto_robot/install/dm:/home/daniel/projects/tomauto_robot/src/install/dm:/home/daniel/projects/ros/install/my_py_pkg:/opt/ros/jazzy DEBUGINFOD_URLS=https://debuginfod.ubuntu.com /usr/bin/cmake --build /home/daniel/projects/tomauto_robot/build/tomauto_interfaces -- -j8 -l8
[0.468s] [  2%] Built target tomauto_interfaces__rosidl_generator_type_description
[0.481s] [  2%] Built target ament_cmake_python_copy_tomauto_interfaces
[0.495s] [  5%] Built target tomauto_interfaces__cpp
[0.499s] [ 20%] Built target tomauto_interfaces__rosidl_generator_c
[0.524s] [ 38%] Built target tomauto_interfaces__rosidl_typesupport_introspection_cpp
[0.524s] [ 35%] Built target tomauto_interfaces__rosidl_typesupport_fastrtps_c
[0.532s] [ 47%] Built target tomauto_interfaces__rosidl_typesupport_c
[0.535s] [ 55%] Built target tomauto_interfaces__rosidl_typesupport_introspection_c
[0.539s] [ 64%] Built target tomauto_interfaces__rosidl_typesupport_cpp
[0.541s] [ 73%] Built target tomauto_interfaces__rosidl_typesupport_fastrtps_cpp
[0.572s] [ 73%] Built target tomauto_interfaces
[0.604s] [ 76%] Built target tomauto_interfaces__py
[0.640s] [ 82%] Built target tomauto_interfaces__rosidl_generator_py
[0.674s] [ 94%] Built target tomauto_interfaces_s__rosidl_typesupport_introspection_c
[0.674s] [ 94%] Built target tomauto_interfaces_s__rosidl_typesupport_fastrtps_c
[0.674s] [100%] Built target tomauto_interfaces_s__rosidl_typesupport_c
[0.678s] running egg_info
[0.688s] writing tomauto_interfaces.egg-info/PKG-INFO
[0.688s] writing dependency_links to tomauto_interfaces.egg-info/dependency_links.txt
[0.689s] writing top-level names to tomauto_interfaces.egg-info/top_level.txt
[0.716s] reading manifest file 'tomauto_interfaces.egg-info/SOURCES.txt'
[0.717s] writing manifest file 'tomauto_interfaces.egg-info/SOURCES.txt'
[0.746s] [100%] Built target ament_cmake_python_build_tomauto_interfaces_egg
[0.765s] Invoked command in '/home/daniel/projects/tomauto_robot/build/tomauto_interfaces' returned '0': CMAKE_PREFIX_PATH=${CMAKE_PREFIX_PATH}:/home/daniel/projects/tomauto_robot/install/dm:/home/daniel/projects/tomauto_robot/src/install/dm:/home/daniel/projects/ros/install/my_py_pkg:/opt/ros/jazzy DEBUGINFOD_URLS=https://debuginfod.ubuntu.com /usr/bin/cmake --build /home/daniel/projects/tomauto_robot/build/tomauto_interfaces -- -j8 -l8
[0.782s] Invoking command in '/home/daniel/projects/tomauto_robot/build/tomauto_interfaces': CMAKE_PREFIX_PATH=${CMAKE_PREFIX_PATH}:/home/daniel/projects/tomauto_robot/install/dm:/home/daniel/projects/tomauto_robot/src/install/dm:/home/daniel/projects/ros/install/my_py_pkg:/opt/ros/jazzy DEBUGINFOD_URLS=https://debuginfod.ubuntu.com /usr/bin/cmake --install /home/daniel/projects/tomauto_robot/build/tomauto_interfaces
[0.797s] -- Install configuration: ""
[0.797s] -- Up-to-date: /home/daniel/projects/tomauto_robot/install/tomauto_interfaces/share/ament_index/resource_index/rosidl_interfaces/tomauto_interfaces
[0.797s] -- Up-to-date: /home/daniel/projects/tomauto_robot/install/tomauto_interfaces/share/tomauto_interfaces/msg/DriveCamera.json
[0.797s] -- Up-to-date: /home/daniel/projects/tomauto_robot/install/tomauto_interfaces/include/tomauto_interfaces/tomauto_interfaces
[0.797s] -- Up-to-date: /home/daniel/projects/tomauto_robot/install/tomauto_interfaces/include/tomauto_interfaces/tomauto_interfaces/msg
[0.797s] -- Up-to-date: /home/daniel/projects/tomauto_robot/install/tomauto_interfaces/include/tomauto_interfaces/tomauto_interfaces/msg/rosidl_generator_c__visibility_control.h
[0.797s] -- Up-to-date: /home/daniel/projects/tomauto_robot/install/tomauto_interfaces/include/tomauto_interfaces/tomauto_interfaces/msg/drive_camera.h
[0.797s] -- Up-to-date: /home/daniel/projects/tomauto_robot/install/tomauto_interfaces/include/tomauto_interfaces/tomauto_interfaces/msg/detail
[0.798s] -- Up-to-date: /home/daniel/projects/tomauto_robot/install/tomauto_interfaces/include/tomauto_interfaces/tomauto_interfaces/msg/detail/drive_camera__functions.h
[0.798s] -- Up-to-date: /home/daniel/projects/tomauto_robot/install/tomauto_interfaces/include/tomauto_interfaces/tomauto_interfaces/msg/detail/drive_camera__description.c
[0.798s] -- Up-to-date: /home/daniel/projects/tomauto_robot/install/tomauto_interfaces/include/tomauto_interfaces/tomauto_interfaces/msg/detail/drive_camera__functions.c
[0.798s] -- Up-to-date: /home/daniel/projects/tomauto_robot/install/tomauto_interfaces/include/tomauto_interfaces/tomauto_interfaces/msg/detail/drive_camera__type_support.c
[0.798s] -- Up-to-date: /home/daniel/projects/tomauto_robot/install/tomauto_interfaces/include/tomauto_interfaces/tomauto_interfaces/msg/detail/drive_camera__struct.h
[0.798s] -- Up-to-date: /home/daniel/projects/tomauto_robot/install/tomauto_interfaces/include/tomauto_interfaces/tomauto_interfaces/msg/detail/drive_camera__type_support.h
[0.798s] -- Up-to-date: /home/daniel/projects/tomauto_robot/install/tomauto_interfaces/share/tomauto_interfaces/environment/library_path.sh
[0.798s] -- Up-to-date: /home/daniel/projects/tomauto_robot/install/tomauto_interfaces/share/tomauto_interfaces/environment/library_path.dsv
[0.798s] -- Up-to-date: /home/daniel/projects/tomauto_robot/install/tomauto_interfaces/lib/libtomauto_interfaces__rosidl_generator_c.so
[0.798s] -- Up-to-date: /home/daniel/projects/tomauto_robot/install/tomauto_interfaces/include/tomauto_interfaces/tomauto_interfaces
[0.799s] -- Up-to-date: /home/daniel/projects/tomauto_robot/install/tomauto_interfaces/include/tomauto_interfaces/tomauto_interfaces/msg
[0.799s] -- Up-to-date: /home/daniel/projects/tomauto_robot/install/tomauto_interfaces/include/tomauto_interfaces/tomauto_interfaces/msg/rosidl_typesupport_fastrtps_c__visibility_control.h
[0.799s] -- Up-to-date: /home/daniel/projects/tomauto_robot/install/tomauto_interfaces/include/tomauto_interfaces/tomauto_interfaces/msg/detail
[0.799s] -- Up-to-date: /home/daniel/projects/tomauto_robot/install/tomauto_interfaces/include/tomauto_interfaces/tomauto_interfaces/msg/detail/drive_camera__rosidl_typesupport_fastrtps_c.h
[0.799s] -- Up-to-date: /home/daniel/projects/tomauto_robot/install/tomauto_interfaces/lib/libtomauto_interfaces__rosidl_typesupport_fastrtps_c.so
[0.799s] -- Up-to-date: /home/daniel/projects/tomauto_robot/install/tomauto_interfaces/include/tomauto_interfaces/tomauto_interfaces
[0.799s] -- Up-to-date: /home/daniel/projects/tomauto_robot/install/tomauto_interfaces/include/tomauto_interfaces/tomauto_interfaces/msg
[0.799s] -- Up-to-date: /home/daniel/projects/tomauto_robot/install/tomauto_interfaces/include/tomauto_interfaces/tomauto_interfaces/msg/rosidl_typesupport_introspection_c__visibility_control.h
[0.799s] -- Up-to-date: /home/daniel/projects/tomauto_robot/install/tomauto_interfaces/include/tomauto_interfaces/tomauto_interfaces/msg/detail
[0.800s] -- Up-to-date: /home/daniel/projects/tomauto_robot/install/tomauto_interfaces/include/tomauto_interfaces/tomauto_interfaces/msg/detail/drive_camera__rosidl_typesupport_introspection_c.h
[0.800s] -- Up-to-date: /home/daniel/projects/tomauto_robot/install/tomauto_interfaces/include/tomauto_interfaces/tomauto_interfaces/msg/detail/drive_camera__type_support.c
[0.800s] -- Up-to-date: /home/daniel/projects/tomauto_robot/install/tomauto_interfaces/lib/libtomauto_interfaces__rosidl_typesupport_introspection_c.so
[0.800s] -- Up-to-date: /home/daniel/projects/tomauto_robot/install/tomauto_interfaces/lib/libtomauto_interfaces__rosidl_typesupport_c.so
[0.800s] -- Up-to-date: /home/daniel/projects/tomauto_robot/install/tomauto_interfaces/include/tomauto_interfaces/tomauto_interfaces
[0.800s] -- Up-to-date: /home/daniel/projects/tomauto_robot/install/tomauto_interfaces/include/tomauto_interfaces/tomauto_interfaces/msg
[0.800s] -- Up-to-date: /home/daniel/projects/tomauto_robot/install/tomauto_interfaces/include/tomauto_interfaces/tomauto_interfaces/msg/rosidl_generator_cpp__visibility_control.hpp
[0.800s] -- Up-to-date: /home/daniel/projects/tomauto_robot/install/tomauto_interfaces/include/tomauto_interfaces/tomauto_interfaces/msg/detail
[0.800s] -- Up-to-date: /home/daniel/projects/tomauto_robot/install/tomauto_interfaces/include/tomauto_interfaces/tomauto_interfaces/msg/detail/drive_camera__struct.hpp
[0.800s] -- Up-to-date: /home/daniel/projects/tomauto_robot/install/tomauto_interfaces/include/tomauto_interfaces/tomauto_interfaces/msg/detail/drive_camera__traits.hpp
[0.800s] -- Up-to-date: /home/daniel/projects/tomauto_robot/install/tomauto_interfaces/include/tomauto_interfaces/tomauto_interfaces/msg/detail/drive_camera__builder.hpp
[0.801s] -- Up-to-date: /home/daniel/projects/tomauto_robot/install/tomauto_interfaces/include/tomauto_interfaces/tomauto_interfaces/msg/detail/drive_camera__type_support.hpp
[0.801s] -- Up-to-date: /home/daniel/projects/tomauto_robot/install/tomauto_interfaces/include/tomauto_interfaces/tomauto_interfaces/msg/drive_camera.hpp
[0.801s] -- Up-to-date: /home/daniel/projects/tomauto_robot/install/tomauto_interfaces/include/tomauto_interfaces/tomauto_interfaces
[0.801s] -- Up-to-date: /home/daniel/projects/tomauto_robot/install/tomauto_interfaces/include/tomauto_interfaces/tomauto_interfaces/msg
[0.801s] -- Up-to-date: /home/daniel/projects/tomauto_robot/install/tomauto_interfaces/include/tomauto_interfaces/tomauto_interfaces/msg/detail
[0.801s] -- Up-to-date: /home/daniel/projects/tomauto_robot/install/tomauto_interfaces/include/tomauto_interfaces/tomauto_interfaces/msg/detail/drive_camera__rosidl_typesupport_fastrtps_cpp.hpp
[0.801s] -- Up-to-date: /home/daniel/projects/tomauto_robot/install/tomauto_interfaces/include/tomauto_interfaces/tomauto_interfaces/msg/detail/dds_fastrtps
[0.801s] -- Up-to-date: /home/daniel/projects/tomauto_robot/install/tomauto_interfaces/include/tomauto_interfaces/tomauto_interfaces/msg/rosidl_typesupport_fastrtps_cpp__visibility_control.h
[0.801s] -- Up-to-date: /home/daniel/projects/tomauto_robot/install/tomauto_interfaces/lib/libtomauto_interfaces__rosidl_typesupport_fastrtps_cpp.so
[0.801s] -- Up-to-date: /home/daniel/projects/tomauto_robot/install/tomauto_interfaces/include/tomauto_interfaces/tomauto_interfaces
[0.801s] -- Up-to-date: /home/daniel/projects/tomauto_robot/install/tomauto_interfaces/include/tomauto_interfaces/tomauto_interfaces/msg
[0.802s] -- Up-to-date: /home/daniel/projects/tomauto_robot/install/tomauto_interfaces/include/tomauto_interfaces/tomauto_interfaces/msg/detail
[0.802s] -- Up-to-date: /home/daniel/projects/tomauto_robot/install/tomauto_interfaces/include/tomauto_interfaces/tomauto_interfaces/msg/detail/drive_camera__rosidl_typesupport_introspection_cpp.hpp
[0.802s] -- Up-to-date: /home/daniel/projects/tomauto_robot/install/tomauto_interfaces/include/tomauto_interfaces/tomauto_interfaces/msg/detail/drive_camera__type_support.cpp
[0.802s] -- Up-to-date: /home/daniel/projects/tomauto_robot/install/tomauto_interfaces/lib/libtomauto_interfaces__rosidl_typesupport_introspection_cpp.so
[0.802s] -- Up-to-date: /home/daniel/projects/tomauto_robot/install/tomauto_interfaces/lib/libtomauto_interfaces__rosidl_typesupport_cpp.so
[0.802s] -- Up-to-date: /home/daniel/projects/tomauto_robot/install/tomauto_interfaces/share/tomauto_interfaces/environment/pythonpath.sh
[0.802s] -- Up-to-date: /home/daniel/projects/tomauto_robot/install/tomauto_interfaces/share/tomauto_interfaces/environment/pythonpath.dsv
[0.802s] -- Up-to-date: /home/daniel/projects/tomauto_robot/install/tomauto_interfaces/lib/python3.12/site-packages/tomauto_interfaces-0.0.0-py3.12.egg-info
[0.802s] -- Installing: /home/daniel/projects/tomauto_robot/install/tomauto_interfaces/lib/python3.12/site-packages/tomauto_interfaces-0.0.0-py3.12.egg-info/dependency_links.txt
[0.802s] -- Installing: /home/daniel/projects/tomauto_robot/install/tomauto_interfaces/lib/python3.12/site-packages/tomauto_interfaces-0.0.0-py3.12.egg-info/top_level.txt
[0.802s] -- Installing: /home/daniel/projects/tomauto_robot/install/tomauto_interfaces/lib/python3.12/site-packages/tomauto_interfaces-0.0.0-py3.12.egg-info/PKG-INFO
[0.802s] -- Installing: /home/daniel/projects/tomauto_robot/install/tomauto_interfaces/lib/python3.12/site-packages/tomauto_interfaces-0.0.0-py3.12.egg-info/SOURCES.txt
[0.803s] -- Up-to-date: /home/daniel/projects/tomauto_robot/install/tomauto_interfaces/lib/python3.12/site-packages/tomauto_interfaces
[0.803s] -- Up-to-date: /home/daniel/projects/tomauto_robot/install/tomauto_interfaces/lib/python3.12/site-packages/tomauto_interfaces/tomauto_interfaces_s__rosidl_typesupport_fastrtps_c.so
[0.803s] -- Up-to-date: /home/daniel/projects/tomauto_robot/install/tomauto_interfaces/lib/python3.12/site-packages/tomauto_interfaces/_tomauto_interfaces_s.ep.rosidl_typesupport_c.c
[0.803s] -- Up-to-date: /home/daniel/projects/tomauto_robot/install/tomauto_interfaces/lib/python3.12/site-packages/tomauto_interfaces/__init__.py
[0.803s] -- Up-to-date: /home/daniel/projects/tomauto_robot/install/tomauto_interfaces/lib/python3.12/site-packages/tomauto_interfaces/tomauto_interfaces_s__rosidl_typesupport_c.so
[0.803s] -- Up-to-date: /home/daniel/projects/tomauto_robot/install/tomauto_interfaces/lib/python3.12/site-packages/tomauto_interfaces/msg
[0.803s] -- Up-to-date: /home/daniel/projects/tomauto_robot/install/tomauto_interfaces/lib/python3.12/site-packages/tomauto_interfaces/msg/_drive_camera_s.c
[0.803s] -- Up-to-date: /home/daniel/projects/tomauto_robot/install/tomauto_interfaces/lib/python3.12/site-packages/tomauto_interfaces/msg/__init__.py
[0.803s] -- Up-to-date: /home/daniel/projects/tomauto_robot/install/tomauto_interfaces/lib/python3.12/site-packages/tomauto_interfaces/msg/_drive_camera.py
[0.803s] -- Up-to-date: /home/daniel/projects/tomauto_robot/install/tomauto_interfaces/lib/python3.12/site-packages/tomauto_interfaces/tomauto_interfaces_s__rosidl_typesupport_introspection_c.so
[0.803s] -- Up-to-date: /home/daniel/projects/tomauto_robot/install/tomauto_interfaces/lib/python3.12/site-packages/tomauto_interfaces/_tomauto_interfaces_s.ep.rosidl_typesupport_introspection_c.c
[0.804s] -- Up-to-date: /home/daniel/projects/tomauto_robot/install/tomauto_interfaces/lib/python3.12/site-packages/tomauto_interfaces/_tomauto_interfaces_s.ep.rosidl_typesupport_fastrtps_c.c
[0.859s] Listing '/home/daniel/projects/tomauto_robot/install/tomauto_interfaces/lib/python3.12/site-packages/tomauto_interfaces'...
[0.859s] Listing '/home/daniel/projects/tomauto_robot/install/tomauto_interfaces/lib/python3.12/site-packages/tomauto_interfaces/msg'...
[0.867s] -- Up-to-date: /home/daniel/projects/tomauto_robot/install/tomauto_interfaces/lib/python3.12/site-packages/tomauto_interfaces/tomauto_interfaces_s__rosidl_typesupport_fastrtps_c.so
[0.868s] -- Up-to-date: /home/daniel/projects/tomauto_robot/install/tomauto_interfaces/lib/python3.12/site-packages/tomauto_interfaces/tomauto_interfaces_s__rosidl_typesupport_introspection_c.so
[0.868s] -- Up-to-date: /home/daniel/projects/tomauto_robot/install/tomauto_interfaces/lib/python3.12/site-packages/tomauto_interfaces/tomauto_interfaces_s__rosidl_typesupport_c.so
[0.868s] -- Up-to-date: /home/daniel/projects/tomauto_robot/install/tomauto_interfaces/lib/libtomauto_interfaces__rosidl_generator_py.so
[0.868s] -- Up-to-date: /home/daniel/projects/tomauto_robot/install/tomauto_interfaces/share/tomauto_interfaces/msg/DriveCamera.idl
[0.868s] -- Up-to-date: /home/daniel/projects/tomauto_robot/install/tomauto_interfaces/share/tomauto_interfaces/msg/DriveCamera.msg
[0.868s] -- Up-to-date: /home/daniel/projects/tomauto_robot/install/tomauto_interfaces/share/ament_index/resource_index/package_run_dependencies/tomauto_interfaces
[0.869s] -- Up-to-date: /home/daniel/projects/tomauto_robot/install/tomauto_interfaces/share/ament_index/resource_index/parent_prefix_path/tomauto_interfaces
[0.869s] -- Up-to-date: /home/daniel/projects/tomauto_robot/install/tomauto_interfaces/share/tomauto_interfaces/environment/ament_prefix_path.sh
[0.869s] -- Up-to-date: /home/daniel/projects/tomauto_robot/install/tomauto_interfaces/share/tomauto_interfaces/environment/ament_prefix_path.dsv
[0.869s] -- Up-to-date: /home/daniel/projects/tomauto_robot/install/tomauto_interfaces/share/tomauto_interfaces/environment/path.sh
[0.869s] -- Up-to-date: /home/daniel/projects/tomauto_robot/install/tomauto_interfaces/share/tomauto_interfaces/environment/path.dsv
[0.869s] -- Up-to-date: /home/daniel/projects/tomauto_robot/install/tomauto_interfaces/share/tomauto_interfaces/local_setup.bash
[0.869s] -- Up-to-date: /home/daniel/projects/tomauto_robot/install/tomauto_interfaces/share/tomauto_interfaces/local_setup.sh
[0.869s] -- Up-to-date: /home/daniel/projects/tomauto_robot/install/tomauto_interfaces/share/tomauto_interfaces/local_setup.zsh
[0.869s] -- Up-to-date: /home/daniel/projects/tomauto_robot/install/tomauto_interfaces/share/tomauto_interfaces/local_setup.dsv
[0.870s] -- Installing: /home/daniel/projects/tomauto_robot/install/tomauto_interfaces/share/tomauto_interfaces/package.dsv
[0.870s] -- Up-to-date: /home/daniel/projects/tomauto_robot/install/tomauto_interfaces/share/ament_index/resource_index/packages/tomauto_interfaces
[0.870s] -- Up-to-date: /home/daniel/projects/tomauto_robot/install/tomauto_interfaces/share/tomauto_interfaces/cmake/export_tomauto_interfaces__rosidl_generator_cExport.cmake
[0.870s] -- Up-to-date: /home/daniel/projects/tomauto_robot/install/tomauto_interfaces/share/tomauto_interfaces/cmake/export_tomauto_interfaces__rosidl_generator_cExport-noconfig.cmake
[0.870s] -- Up-to-date: /home/daniel/projects/tomauto_robot/install/tomauto_interfaces/share/tomauto_interfaces/cmake/export_tomauto_interfaces__rosidl_typesupport_fastrtps_cExport.cmake
[0.870s] -- Up-to-date: /home/daniel/projects/tomauto_robot/install/tomauto_interfaces/share/tomauto_interfaces/cmake/export_tomauto_interfaces__rosidl_typesupport_fastrtps_cExport-noconfig.cmake
[0.870s] -- Up-to-date: /home/daniel/projects/tomauto_robot/install/tomauto_interfaces/share/tomauto_interfaces/cmake/tomauto_interfaces__rosidl_typesupport_introspection_cExport.cmake
[0.870s] -- Up-to-date: /home/daniel/projects/tomauto_robot/install/tomauto_interfaces/share/tomauto_interfaces/cmake/tomauto_interfaces__rosidl_typesupport_introspection_cExport-noconfig.cmake
[0.870s] -- Up-to-date: /home/daniel/projects/tomauto_robot/install/tomauto_interfaces/share/tomauto_interfaces/cmake/tomauto_interfaces__rosidl_typesupport_cExport.cmake
[0.870s] -- Up-to-date: /home/daniel/projects/tomauto_robot/install/tomauto_interfaces/share/tomauto_interfaces/cmake/tomauto_interfaces__rosidl_typesupport_cExport-noconfig.cmake
[0.870s] -- Up-to-date: /home/daniel/projects/tomauto_robot/install/tomauto_interfaces/share/tomauto_interfaces/cmake/export_tomauto_interfaces__rosidl_generator_cppExport.cmake
[0.870s] -- Up-to-date: /home/daniel/projects/tomauto_robot/install/tomauto_interfaces/share/tomauto_interfaces/cmake/export_tomauto_interfaces__rosidl_typesupport_fastrtps_cppExport.cmake
[0.870s] -- Up-to-date: /home/daniel/projects/tomauto_robot/install/tomauto_interfaces/share/tomauto_interfaces/cmake/export_tomauto_interfaces__rosidl_typesupport_fastrtps_cppExport-noconfig.cmake
[0.870s] -- Up-to-date: /home/daniel/projects/tomauto_robot/install/tomauto_interfaces/share/tomauto_interfaces/cmake/tomauto_interfaces__rosidl_typesupport_introspection_cppExport.cmake
[0.870s] -- Up-to-date: /home/daniel/projects/tomauto_robot/install/tomauto_interfaces/share/tomauto_interfaces/cmake/tomauto_interfaces__rosidl_typesupport_introspection_cppExport-noconfig.cmake
[0.870s] -- Up-to-date: /home/daniel/projects/tomauto_robot/install/tomauto_interfaces/share/tomauto_interfaces/cmake/tomauto_interfaces__rosidl_typesupport_cppExport.cmake
[0.871s] -- Up-to-date: /home/daniel/projects/tomauto_robot/install/tomauto_interfaces/share/tomauto_interfaces/cmake/tomauto_interfaces__rosidl_typesupport_cppExport-noconfig.cmake
[0.871s] -- Up-to-date: /home/daniel/projects/tomauto_robot/install/tomauto_interfaces/share/tomauto_interfaces/cmake/export_tomauto_interfaces__rosidl_generator_pyExport.cmake
[0.871s] -- Up-to-date: /home/daniel/projects/tomauto_robot/install/tomauto_interfaces/share/tomauto_interfaces/cmake/export_tomauto_interfaces__rosidl_generator_pyExport-noconfig.cmake
[0.871s] -- Up-to-date: /home/daniel/projects/tomauto_robot/install/tomauto_interfaces/share/tomauto_interfaces/cmake/rosidl_cmake-extras.cmake
[0.871s] -- Up-to-date: /home/daniel/projects/tomauto_robot/install/tomauto_interfaces/share/tomauto_interfaces/cmake/ament_cmake_export_include_directories-extras.cmake
[0.871s] -- Up-to-date: /home/daniel/projects/tomauto_robot/install/tomauto_interfaces/share/tomauto_interfaces/cmake/ament_cmake_export_libraries-extras.cmake
[0.871s] -- Up-to-date: /home/daniel/projects/tomauto_robot/install/tomauto_interfaces/share/tomauto_interfaces/cmake/ament_cmake_export_targets-extras.cmake
[0.871s] -- Up-to-date: /home/daniel/projects/tomauto_robot/install/tomauto_interfaces/share/tomauto_interfaces/cmake/rosidl_cmake_export_typesupport_targets-extras.cmake
[0.871s] -- Up-to-date: /home/daniel/projects/tomauto_robot/install/tomauto_interfaces/share/tomauto_interfaces/cmake/ament_cmake_export_dependencies-extras.cmake
[0.871s] -- Up-to-date: /home/daniel/projects/tomauto_robot/install/tomauto_interfaces/share/tomauto_interfaces/cmake/rosidl_cmake_export_typesupport_libraries-extras.cmake
[0.871s] -- Up-to-date: /home/daniel/projects/tomauto_robot/install/tomauto_interfaces/share/tomauto_interfaces/cmake/tomauto_interfacesConfig.cmake
[0.871s] -- Up-to-date: /home/daniel/projects/tomauto_robot/install/tomauto_interfaces/share/tomauto_interfaces/cmake/tomauto_interfacesConfig-version.cmake
[0.871s] -- Up-to-date: /home/daniel/projects/tomauto_robot/install/tomauto_interfaces/share/tomauto_interfaces/package.xml
[0.874s] Invoked command in '/home/daniel/projects/tomauto_robot/build/tomauto_interfaces' returned '0': CMAKE_PREFIX_PATH=${CMAKE_PREFIX_PATH}:/home/daniel/projects/tomauto_robot/install/dm:/home/daniel/projects/tomauto_robot/src/install/dm:/home/daniel/projects/ros/install/my_py_pkg:/opt/ros/jazzy DEBUGINFOD_URLS=https://debuginfod.ubuntu.com /usr/bin/cmake --install /home/daniel/projects/tomauto_robot/build/tomauto_interfaces
