[0.092s] DEBUG:colcon:Command line arguments: ['/usr/bin/colcon', 'build', '--packages-select', 'dm', 'controller', 'tomauto_interfaces']
[0.092s] DEBUG:colcon:Parsed command line arguments: Namespace(log_base=None, log_level=None, verb_name='build', build_base='build', install_base='install', merge_install=False, symlink_install=False, test_result_base=None, continue_on_error=False, executor='parallel', parallel_workers=8, event_handlers=None, ignore_user_meta=False, metas=['./colcon.meta'], base_paths=['.'], packages_ignore=None, packages_ignore_regex=None, paths=None, packages_up_to=None, packages_up_to_regex=None, packages_above=None, packages_above_and_dependencies=None, packages_above_depth=None, packages_select_by_dep=None, packages_skip_by_dep=None, packages_skip_up_to=None, packages_select_build_failed=False, packages_skip_build_finished=False, packages_select_test_failures=False, packages_skip_test_passed=False, packages_select=['dm', 'controller', 'tomauto_interfaces'], packages_skip=None, packages_select_regex=None, packages_skip_regex=None, packages_start=None, packages_end=None, allow_overriding=[], cmake_args=None, cmake_target=None, cmake_target_skip_unavailable=False, cmake_clean_cache=False, cmake_clean_first=False, cmake_force_configure=False, ament_cmake_args=None, catkin_cmake_args=None, catkin_skip_building_tests=False, mixin_files=None, mixin=None, verb_parser=<colcon_mixin.mixin.mixin_argument.MixinArgumentDecorator object at 0x748b84591dc0>, verb_extension=<colcon_core.verb.build.BuildVerb object at 0x748b84591a60>, main=<bound method BuildVerb.main of <colcon_core.verb.build.BuildVerb object at 0x748b84591a60>>, mixin_verb=('build',))
[0.126s] Level 1:colcon.colcon_core.package_discovery:discover_packages(colcon_meta) check parameters
[0.126s] Level 1:colcon.colcon_core.package_discovery:discover_packages(recursive) check parameters
[0.126s] Level 1:colcon.colcon_core.package_discovery:discover_packages(ignore) check parameters
[0.126s] Level 1:colcon.colcon_core.package_discovery:discover_packages(path) check parameters
[0.126s] Level 1:colcon.colcon_core.package_discovery:discover_packages(colcon_meta) discover
[0.126s] Level 1:colcon.colcon_core.package_discovery:discover_packages(recursive) discover
[0.126s] INFO:colcon.colcon_core.package_discovery:Crawling recursively for packages in '/home/daniel/projects/tomauto_robot'
[0.126s] Level 1:colcon.colcon_core.package_identification:_identify(.) by extensions ['ignore', 'ignore_ament_install']
[0.127s] Level 1:colcon.colcon_core.package_identification:_identify(.) by extension 'ignore'
[0.127s] Level 1:colcon.colcon_core.package_identification:_identify(.) by extension 'ignore_ament_install'
[0.127s] Level 1:colcon.colcon_core.package_identification:_identify(.) by extensions ['colcon_pkg']
[0.127s] Level 1:colcon.colcon_core.package_identification:_identify(.) by extension 'colcon_pkg'
[0.127s] Level 1:colcon.colcon_core.package_identification:_identify(.) by extensions ['colcon_meta']
[0.127s] Level 1:colcon.colcon_core.package_identification:_identify(.) by extension 'colcon_meta'
[0.127s] Level 1:colcon.colcon_core.package_identification:_identify(.) by extensions ['ros']
[0.127s] Level 1:colcon.colcon_core.package_identification:_identify(.) by extension 'ros'
[0.160s] Level 1:colcon.colcon_core.package_identification:_identify(.) by extensions ['cmake', 'python']
[0.160s] Level 1:colcon.colcon_core.package_identification:_identify(.) by extension 'cmake'
[0.160s] Level 1:colcon.colcon_core.package_identification:_identify(.) by extension 'python'
[0.160s] Level 1:colcon.colcon_core.package_identification:_identify(.) by extensions ['python_setup_py']
[0.161s] Level 1:colcon.colcon_core.package_identification:_identify(.) by extension 'python_setup_py'
[0.161s] Level 1:colcon.colcon_core.package_identification:_identify(build) by extensions ['ignore', 'ignore_ament_install']
[0.161s] Level 1:colcon.colcon_core.package_identification:_identify(build) by extension 'ignore'
[0.161s] Level 1:colcon.colcon_core.package_identification:_identify(build) ignored
[0.161s] Level 1:colcon.colcon_core.package_identification:_identify(install) by extensions ['ignore', 'ignore_ament_install']
[0.161s] Level 1:colcon.colcon_core.package_identification:_identify(install) by extension 'ignore'
[0.161s] Level 1:colcon.colcon_core.package_identification:_identify(install) ignored
[0.161s] Level 1:colcon.colcon_core.package_identification:_identify(log) by extensions ['ignore', 'ignore_ament_install']
[0.161s] Level 1:colcon.colcon_core.package_identification:_identify(log) by extension 'ignore'
[0.161s] Level 1:colcon.colcon_core.package_identification:_identify(log) ignored
[0.161s] Level 1:colcon.colcon_core.package_identification:_identify(src) by extensions ['ignore', 'ignore_ament_install']
[0.161s] Level 1:colcon.colcon_core.package_identification:_identify(src) by extension 'ignore'
[0.161s] Level 1:colcon.colcon_core.package_identification:_identify(src) by extension 'ignore_ament_install'
[0.161s] Level 1:colcon.colcon_core.package_identification:_identify(src) by extensions ['colcon_pkg']
[0.162s] Level 1:colcon.colcon_core.package_identification:_identify(src) by extension 'colcon_pkg'
[0.162s] Level 1:colcon.colcon_core.package_identification:_identify(src) by extensions ['colcon_meta']
[0.162s] Level 1:colcon.colcon_core.package_identification:_identify(src) by extension 'colcon_meta'
[0.162s] Level 1:colcon.colcon_core.package_identification:_identify(src) by extensions ['ros']
[0.162s] Level 1:colcon.colcon_core.package_identification:_identify(src) by extension 'ros'
[0.162s] Level 1:colcon.colcon_core.package_identification:_identify(src) by extensions ['cmake', 'python']
[0.162s] Level 1:colcon.colcon_core.package_identification:_identify(src) by extension 'cmake'
[0.162s] Level 1:colcon.colcon_core.package_identification:_identify(src) by extension 'python'
[0.162s] Level 1:colcon.colcon_core.package_identification:_identify(src) by extensions ['python_setup_py']
[0.162s] Level 1:colcon.colcon_core.package_identification:_identify(src) by extension 'python_setup_py'
[0.162s] Level 1:colcon.colcon_core.package_identification:_identify(src/build) by extensions ['ignore', 'ignore_ament_install']
[0.162s] Level 1:colcon.colcon_core.package_identification:_identify(src/build) by extension 'ignore'
[0.162s] Level 1:colcon.colcon_core.package_identification:_identify(src/build) ignored
[0.162s] Level 1:colcon.colcon_core.package_identification:_identify(src/controller) by extensions ['ignore', 'ignore_ament_install']
[0.162s] Level 1:colcon.colcon_core.package_identification:_identify(src/controller) by extension 'ignore'
[0.162s] Level 1:colcon.colcon_core.package_identification:_identify(src/controller) by extension 'ignore_ament_install'
[0.162s] Level 1:colcon.colcon_core.package_identification:_identify(src/controller) by extensions ['colcon_pkg']
[0.162s] Level 1:colcon.colcon_core.package_identification:_identify(src/controller) by extension 'colcon_pkg'
[0.162s] Level 1:colcon.colcon_core.package_identification:_identify(src/controller) by extensions ['colcon_meta']
[0.162s] Level 1:colcon.colcon_core.package_identification:_identify(src/controller) by extension 'colcon_meta'
[0.162s] Level 1:colcon.colcon_core.package_identification:_identify(src/controller) by extensions ['ros']
[0.162s] Level 1:colcon.colcon_core.package_identification:_identify(src/controller) by extension 'ros'
[0.164s] DEBUG:colcon.colcon_core.package_identification:Package 'src/controller' with type 'ros.ament_python' and name 'controller'
[0.165s] Level 1:colcon.colcon_core.package_identification:_identify(src/dm) by extensions ['ignore', 'ignore_ament_install']
[0.165s] Level 1:colcon.colcon_core.package_identification:_identify(src/dm) by extension 'ignore'
[0.165s] Level 1:colcon.colcon_core.package_identification:_identify(src/dm) by extension 'ignore_ament_install'
[0.165s] Level 1:colcon.colcon_core.package_identification:_identify(src/dm) by extensions ['colcon_pkg']
[0.165s] Level 1:colcon.colcon_core.package_identification:_identify(src/dm) by extension 'colcon_pkg'
[0.165s] Level 1:colcon.colcon_core.package_identification:_identify(src/dm) by extensions ['colcon_meta']
[0.165s] Level 1:colcon.colcon_core.package_identification:_identify(src/dm) by extension 'colcon_meta'
[0.165s] Level 1:colcon.colcon_core.package_identification:_identify(src/dm) by extensions ['ros']
[0.165s] Level 1:colcon.colcon_core.package_identification:_identify(src/dm) by extension 'ros'
[0.165s] DEBUG:colcon.colcon_core.package_identification:Package 'src/dm' with type 'ros.ament_python' and name 'dm'
[0.165s] Level 1:colcon.colcon_core.package_identification:_identify(src/install) by extensions ['ignore', 'ignore_ament_install']
[0.166s] Level 1:colcon.colcon_core.package_identification:_identify(src/install) by extension 'ignore'
[0.166s] Level 1:colcon.colcon_core.package_identification:_identify(src/install) ignored
[0.166s] Level 1:colcon.colcon_core.package_identification:_identify(src/log) by extensions ['ignore', 'ignore_ament_install']
[0.166s] Level 1:colcon.colcon_core.package_identification:_identify(src/log) by extension 'ignore'
[0.166s] Level 1:colcon.colcon_core.package_identification:_identify(src/log) ignored
[0.166s] Level 1:colcon.colcon_core.package_identification:_identify(src/test) by extensions ['ignore', 'ignore_ament_install']
[0.166s] Level 1:colcon.colcon_core.package_identification:_identify(src/test) by extension 'ignore'
[0.166s] Level 1:colcon.colcon_core.package_identification:_identify(src/test) by extension 'ignore_ament_install'
[0.166s] Level 1:colcon.colcon_core.package_identification:_identify(src/test) by extensions ['colcon_pkg']
[0.166s] Level 1:colcon.colcon_core.package_identification:_identify(src/test) by extension 'colcon_pkg'
[0.166s] Level 1:colcon.colcon_core.package_identification:_identify(src/test) by extensions ['colcon_meta']
[0.166s] Level 1:colcon.colcon_core.package_identification:_identify(src/test) by extension 'colcon_meta'
[0.166s] Level 1:colcon.colcon_core.package_identification:_identify(src/test) by extensions ['ros']
[0.166s] Level 1:colcon.colcon_core.package_identification:_identify(src/test) by extension 'ros'
[0.166s] Level 1:colcon.colcon_core.package_identification:_identify(src/test) by extensions ['cmake', 'python']
[0.166s] Level 1:colcon.colcon_core.package_identification:_identify(src/test) by extension 'cmake'
[0.166s] Level 1:colcon.colcon_core.package_identification:_identify(src/test) by extension 'python'
[0.166s] Level 1:colcon.colcon_core.package_identification:_identify(src/test) by extensions ['python_setup_py']
[0.166s] Level 1:colcon.colcon_core.package_identification:_identify(src/test) by extension 'python_setup_py'
[0.166s] Level 1:colcon.colcon_core.package_identification:_identify(src/test/integration) by extensions ['ignore', 'ignore_ament_install']
[0.166s] Level 1:colcon.colcon_core.package_identification:_identify(src/test/integration) by extension 'ignore'
[0.166s] Level 1:colcon.colcon_core.package_identification:_identify(src/test/integration) by extension 'ignore_ament_install'
[0.166s] Level 1:colcon.colcon_core.package_identification:_identify(src/test/integration) by extensions ['colcon_pkg']
[0.166s] Level 1:colcon.colcon_core.package_identification:_identify(src/test/integration) by extension 'colcon_pkg'
[0.166s] Level 1:colcon.colcon_core.package_identification:_identify(src/test/integration) by extensions ['colcon_meta']
[0.166s] Level 1:colcon.colcon_core.package_identification:_identify(src/test/integration) by extension 'colcon_meta'
[0.166s] Level 1:colcon.colcon_core.package_identification:_identify(src/test/integration) by extensions ['ros']
[0.167s] Level 1:colcon.colcon_core.package_identification:_identify(src/test/integration) by extension 'ros'
[0.167s] Level 1:colcon.colcon_core.package_identification:_identify(src/test/integration) by extensions ['cmake', 'python']
[0.167s] Level 1:colcon.colcon_core.package_identification:_identify(src/test/integration) by extension 'cmake'
[0.167s] Level 1:colcon.colcon_core.package_identification:_identify(src/test/integration) by extension 'python'
[0.167s] Level 1:colcon.colcon_core.package_identification:_identify(src/test/integration) by extensions ['python_setup_py']
[0.167s] Level 1:colcon.colcon_core.package_identification:_identify(src/test/integration) by extension 'python_setup_py'
[0.167s] Level 1:colcon.colcon_core.package_identification:_identify(src/test/unit) by extensions ['ignore', 'ignore_ament_install']
[0.167s] Level 1:colcon.colcon_core.package_identification:_identify(src/test/unit) by extension 'ignore'
[0.167s] Level 1:colcon.colcon_core.package_identification:_identify(src/test/unit) by extension 'ignore_ament_install'
[0.167s] Level 1:colcon.colcon_core.package_identification:_identify(src/test/unit) by extensions ['colcon_pkg']
[0.167s] Level 1:colcon.colcon_core.package_identification:_identify(src/test/unit) by extension 'colcon_pkg'
[0.167s] Level 1:colcon.colcon_core.package_identification:_identify(src/test/unit) by extensions ['colcon_meta']
[0.167s] Level 1:colcon.colcon_core.package_identification:_identify(src/test/unit) by extension 'colcon_meta'
[0.167s] Level 1:colcon.colcon_core.package_identification:_identify(src/test/unit) by extensions ['ros']
[0.167s] Level 1:colcon.colcon_core.package_identification:_identify(src/test/unit) by extension 'ros'
[0.167s] Level 1:colcon.colcon_core.package_identification:_identify(src/test/unit) by extensions ['cmake', 'python']
[0.167s] Level 1:colcon.colcon_core.package_identification:_identify(src/test/unit) by extension 'cmake'
[0.167s] Level 1:colcon.colcon_core.package_identification:_identify(src/test/unit) by extension 'python'
[0.167s] Level 1:colcon.colcon_core.package_identification:_identify(src/test/unit) by extensions ['python_setup_py']
[0.167s] Level 1:colcon.colcon_core.package_identification:_identify(src/test/unit) by extension 'python_setup_py'
[0.167s] Level 1:colcon.colcon_core.package_identification:_identify(src/tomauto_interfaces) by extensions ['ignore', 'ignore_ament_install']
[0.167s] Level 1:colcon.colcon_core.package_identification:_identify(src/tomauto_interfaces) by extension 'ignore'
[0.167s] Level 1:colcon.colcon_core.package_identification:_identify(src/tomauto_interfaces) by extension 'ignore_ament_install'
[0.167s] Level 1:colcon.colcon_core.package_identification:_identify(src/tomauto_interfaces) by extensions ['colcon_pkg']
[0.167s] Level 1:colcon.colcon_core.package_identification:_identify(src/tomauto_interfaces) by extension 'colcon_pkg'
[0.167s] Level 1:colcon.colcon_core.package_identification:_identify(src/tomauto_interfaces) by extensions ['colcon_meta']
[0.167s] Level 1:colcon.colcon_core.package_identification:_identify(src/tomauto_interfaces) by extension 'colcon_meta'
[0.167s] Level 1:colcon.colcon_core.package_identification:_identify(src/tomauto_interfaces) by extensions ['ros']
[0.167s] Level 1:colcon.colcon_core.package_identification:_identify(src/tomauto_interfaces) by extension 'ros'
[0.168s] DEBUG:colcon.colcon_core.package_identification:Package 'src/tomauto_interfaces' with type 'ros.ament_cmake' and name 'tomauto_interfaces'
[0.168s] Level 1:colcon.colcon_core.package_discovery:discover_packages(recursive) using defaults
[0.168s] Level 1:colcon.colcon_core.package_discovery:discover_packages(ignore) discover
[0.168s] Level 1:colcon.colcon_core.package_discovery:discover_packages(ignore) using defaults
[0.168s] Level 1:colcon.colcon_core.package_discovery:discover_packages(path) discover
[0.168s] Level 1:colcon.colcon_core.package_discovery:discover_packages(path) using defaults
[0.184s] Level 1:colcon.colcon_core.package_discovery:discover_packages(prefix_path) check parameters
[0.184s] Level 1:colcon.colcon_core.package_discovery:discover_packages(prefix_path) discover
[0.186s] DEBUG:colcon.colcon_installed_package_information.package_discovery:Found 3 installed packages in /home/daniel/projects/tomauto_robot/install
[0.186s] DEBUG:colcon.colcon_installed_package_information.package_discovery:Found 2 installed packages in /home/daniel/projects/ros/install
[0.186s] DEBUG:colcon.colcon_installed_package_information.package_discovery:Found 1 installed packages in /home/daniel/projects/tomauto_robot/src/install
[0.187s] DEBUG:colcon.colcon_installed_package_information.package_discovery:Found 285 installed packages in /opt/ros/jazzy
[0.188s] Level 1:colcon.colcon_core.package_discovery:discover_packages(prefix_path) using defaults
[0.219s] Level 5:colcon.colcon_core.verb:set package 'controller' build argument 'cmake_args' from command line to 'None'
[0.219s] Level 5:colcon.colcon_core.verb:set package 'controller' build argument 'cmake_target' from command line to 'None'
[0.219s] Level 5:colcon.colcon_core.verb:set package 'controller' build argument 'cmake_target_skip_unavailable' from command line to 'False'
[0.219s] Level 5:colcon.colcon_core.verb:set package 'controller' build argument 'cmake_clean_cache' from command line to 'False'
[0.219s] Level 5:colcon.colcon_core.verb:set package 'controller' build argument 'cmake_clean_first' from command line to 'False'
[0.219s] Level 5:colcon.colcon_core.verb:set package 'controller' build argument 'cmake_force_configure' from command line to 'False'
[0.219s] Level 5:colcon.colcon_core.verb:set package 'controller' build argument 'ament_cmake_args' from command line to 'None'
[0.219s] Level 5:colcon.colcon_core.verb:set package 'controller' build argument 'catkin_cmake_args' from command line to 'None'
[0.219s] Level 5:colcon.colcon_core.verb:set package 'controller' build argument 'catkin_skip_building_tests' from command line to 'False'
[0.219s] DEBUG:colcon.colcon_core.verb:Building package 'controller' with the following arguments: {'ament_cmake_args': None, 'build_base': '/home/daniel/projects/tomauto_robot/build/controller', 'catkin_cmake_args': None, 'catkin_skip_building_tests': False, 'cmake_args': None, 'cmake_clean_cache': False, 'cmake_clean_first': False, 'cmake_force_configure': False, 'cmake_target': None, 'cmake_target_skip_unavailable': False, 'install_base': '/home/daniel/projects/tomauto_robot/install/controller', 'merge_install': False, 'path': '/home/daniel/projects/tomauto_robot/src/controller', 'symlink_install': False, 'test_result_base': None}
[0.219s] Level 5:colcon.colcon_core.verb:set package 'dm' build argument 'cmake_args' from command line to 'None'
[0.219s] Level 5:colcon.colcon_core.verb:set package 'dm' build argument 'cmake_target' from command line to 'None'
[0.219s] Level 5:colcon.colcon_core.verb:set package 'dm' build argument 'cmake_target_skip_unavailable' from command line to 'False'
[0.219s] Level 5:colcon.colcon_core.verb:set package 'dm' build argument 'cmake_clean_cache' from command line to 'False'
[0.219s] Level 5:colcon.colcon_core.verb:set package 'dm' build argument 'cmake_clean_first' from command line to 'False'
[0.219s] Level 5:colcon.colcon_core.verb:set package 'dm' build argument 'cmake_force_configure' from command line to 'False'
[0.219s] Level 5:colcon.colcon_core.verb:set package 'dm' build argument 'ament_cmake_args' from command line to 'None'
[0.219s] Level 5:colcon.colcon_core.verb:set package 'dm' build argument 'catkin_cmake_args' from command line to 'None'
[0.219s] Level 5:colcon.colcon_core.verb:set package 'dm' build argument 'catkin_skip_building_tests' from command line to 'False'
[0.219s] DEBUG:colcon.colcon_core.verb:Building package 'dm' with the following arguments: {'ament_cmake_args': None, 'build_base': '/home/daniel/projects/tomauto_robot/build/dm', 'catkin_cmake_args': None, 'catkin_skip_building_tests': False, 'cmake_args': None, 'cmake_clean_cache': False, 'cmake_clean_first': False, 'cmake_force_configure': False, 'cmake_target': None, 'cmake_target_skip_unavailable': False, 'install_base': '/home/daniel/projects/tomauto_robot/install/dm', 'merge_install': False, 'path': '/home/daniel/projects/tomauto_robot/src/dm', 'symlink_install': False, 'test_result_base': None}
[0.219s] Level 5:colcon.colcon_core.verb:set package 'tomauto_interfaces' build argument 'cmake_args' from command line to 'None'
[0.219s] Level 5:colcon.colcon_core.verb:set package 'tomauto_interfaces' build argument 'cmake_target' from command line to 'None'
[0.219s] Level 5:colcon.colcon_core.verb:set package 'tomauto_interfaces' build argument 'cmake_target_skip_unavailable' from command line to 'False'
[0.219s] Level 5:colcon.colcon_core.verb:set package 'tomauto_interfaces' build argument 'cmake_clean_cache' from command line to 'False'
[0.219s] Level 5:colcon.colcon_core.verb:set package 'tomauto_interfaces' build argument 'cmake_clean_first' from command line to 'False'
[0.219s] Level 5:colcon.colcon_core.verb:set package 'tomauto_interfaces' build argument 'cmake_force_configure' from command line to 'False'
[0.219s] Level 5:colcon.colcon_core.verb:set package 'tomauto_interfaces' build argument 'ament_cmake_args' from command line to 'None'
[0.219s] Level 5:colcon.colcon_core.verb:set package 'tomauto_interfaces' build argument 'catkin_cmake_args' from command line to 'None'
[0.220s] Level 5:colcon.colcon_core.verb:set package 'tomauto_interfaces' build argument 'catkin_skip_building_tests' from command line to 'False'
[0.220s] DEBUG:colcon.colcon_core.verb:Building package 'tomauto_interfaces' with the following arguments: {'ament_cmake_args': None, 'build_base': '/home/daniel/projects/tomauto_robot/build/tomauto_interfaces', 'catkin_cmake_args': None, 'catkin_skip_building_tests': False, 'cmake_args': None, 'cmake_clean_cache': False, 'cmake_clean_first': False, 'cmake_force_configure': False, 'cmake_target': None, 'cmake_target_skip_unavailable': False, 'install_base': '/home/daniel/projects/tomauto_robot/install/tomauto_interfaces', 'merge_install': False, 'path': '/home/daniel/projects/tomauto_robot/src/tomauto_interfaces', 'symlink_install': False, 'test_result_base': None}
[0.220s] INFO:colcon.colcon_core.executor:Executing jobs using 'parallel' executor
[0.220s] DEBUG:colcon.colcon_parallel_executor.executor.parallel:run_until_complete
[0.221s] INFO:colcon.colcon_ros.task.ament_python.build:Building ROS package in '/home/daniel/projects/tomauto_robot/src/controller' with build type 'ament_python'
[0.221s] Level 1:colcon.colcon_core.shell:create_environment_hook('controller', 'ament_prefix_path')
[0.223s] INFO:colcon.colcon_core.plugin_system:Skipping extension 'colcon_core.shell.bat': Not used on non-Windows systems
[0.223s] INFO:colcon.colcon_core.shell:Creating environment hook '/home/daniel/projects/tomauto_robot/install/controller/share/controller/hook/ament_prefix_path.ps1'
[0.223s] INFO:colcon.colcon_core.shell:Creating environment descriptor '/home/daniel/projects/tomauto_robot/install/controller/share/controller/hook/ament_prefix_path.dsv'
[0.224s] INFO:colcon.colcon_core.shell:Creating environment hook '/home/daniel/projects/tomauto_robot/install/controller/share/controller/hook/ament_prefix_path.sh'
[0.224s] INFO:colcon.colcon_core.shell:Skip shell extension 'powershell' for command environment: Not usable outside of PowerShell
[0.224s] DEBUG:colcon.colcon_core.shell:Skip shell extension 'dsv' for command environment
[0.227s] INFO:colcon.colcon_ros.task.ament_python.build:Building ROS package in '/home/daniel/projects/tomauto_robot/src/dm' with build type 'ament_python'
[0.227s] Level 1:colcon.colcon_core.shell:create_environment_hook('dm', 'ament_prefix_path')
[0.228s] INFO:colcon.colcon_core.shell:Creating environment hook '/home/daniel/projects/tomauto_robot/install/dm/share/dm/hook/ament_prefix_path.ps1'
[0.228s] INFO:colcon.colcon_core.shell:Creating environment descriptor '/home/daniel/projects/tomauto_robot/install/dm/share/dm/hook/ament_prefix_path.dsv'
[0.228s] INFO:colcon.colcon_core.shell:Creating environment hook '/home/daniel/projects/tomauto_robot/install/dm/share/dm/hook/ament_prefix_path.sh'
[0.229s] INFO:colcon.colcon_core.shell:Skip shell extension 'powershell' for command environment: Not usable outside of PowerShell
[0.229s] DEBUG:colcon.colcon_core.shell:Skip shell extension 'dsv' for command environment
[0.231s] INFO:colcon.colcon_ros.task.ament_cmake.build:Building ROS package in '/home/daniel/projects/tomauto_robot/src/tomauto_interfaces' with build type 'ament_cmake'
[0.232s] INFO:colcon.colcon_cmake.task.cmake.build:Building CMake package in '/home/daniel/projects/tomauto_robot/src/tomauto_interfaces'
[0.232s] INFO:colcon.colcon_core.shell:Skip shell extension 'powershell' for command environment: Not usable outside of PowerShell
[0.232s] DEBUG:colcon.colcon_core.shell:Skip shell extension 'dsv' for command environment
[0.434s] INFO:colcon.colcon_core.task.python.build:Building Python package in '/home/daniel/projects/tomauto_robot/src/controller'
[0.434s] INFO:colcon.colcon_core.shell:Skip shell extension 'powershell' for command environment: Not usable outside of PowerShell
[0.434s] DEBUG:colcon.colcon_core.shell:Skip shell extension 'dsv' for command environment
[0.615s] INFO:colcon.colcon_core.task.python.build:Building Python package in '/home/daniel/projects/tomauto_robot/src/dm'
[0.615s] INFO:colcon.colcon_core.shell:Skip shell extension 'powershell' for command environment: Not usable outside of PowerShell
[0.615s] DEBUG:colcon.colcon_core.shell:Skip shell extension 'dsv' for command environment
[0.622s] DEBUG:colcon.colcon_core.event_handler.log_command:Invoking command in '/home/daniel/projects/tomauto_robot/build/tomauto_interfaces': CMAKE_PREFIX_PATH=${CMAKE_PREFIX_PATH}:/home/daniel/projects/tomauto_robot/install/dm:/home/daniel/projects/tomauto_robot/src/install/dm:/home/daniel/projects/ros/install/my_py_pkg:/opt/ros/jazzy DEBUGINFOD_URLS=https://debuginfod.ubuntu.com /usr/bin/cmake --build /home/daniel/projects/tomauto_robot/build/tomauto_interfaces -- -j8 -l8
[1.152s] DEBUG:colcon.colcon_core.event_handler.log_command:Invoking command in '/home/daniel/projects/tomauto_robot/src/controller': DEBUGINFOD_URLS=https://debuginfod.ubuntu.com PYTHONPATH=/home/daniel/projects/tomauto_robot/build/controller/prefix_override:/usr/lib/python3/dist-packages/colcon_core/task/python/colcon_distutils_commands:/home/daniel/projects/tomauto_robot/install/controller/lib/python3.12/site-packages:${PYTHONPATH} /usr/bin/python3 -W ignore:setup.py install is deprecated -W ignore:easy_install command is deprecated setup.py egg_info --egg-base ../../build/controller build --build-base /home/daniel/projects/tomauto_robot/build/controller/build install --record /home/daniel/projects/tomauto_robot/build/controller/install.log --single-version-externally-managed install_data
[1.176s] DEBUG:colcon.colcon_core.event_handler.log_command:Invoking command in '/home/daniel/projects/tomauto_robot/src/dm': DEBUGINFOD_URLS=https://debuginfod.ubuntu.com PYTHONPATH=/home/daniel/projects/tomauto_robot/build/dm/prefix_override:/usr/lib/python3/dist-packages/colcon_core/task/python/colcon_distutils_commands:/home/daniel/projects/tomauto_robot/install/dm/lib/python3.12/site-packages:${PYTHONPATH} /usr/bin/python3 -W ignore:setup.py install is deprecated -W ignore:easy_install command is deprecated setup.py egg_info --egg-base ../../build/dm build --build-base /home/daniel/projects/tomauto_robot/build/dm/build install --record /home/daniel/projects/tomauto_robot/build/dm/install.log --single-version-externally-managed install_data
[1.598s] DEBUG:colcon.colcon_core.event_handler.log_command:Invoked command in '/home/daniel/projects/tomauto_robot/src/controller' returned '0': DEBUGINFOD_URLS=https://debuginfod.ubuntu.com PYTHONPATH=/home/daniel/projects/tomauto_robot/build/controller/prefix_override:/usr/lib/python3/dist-packages/colcon_core/task/python/colcon_distutils_commands:/home/daniel/projects/tomauto_robot/install/controller/lib/python3.12/site-packages:${PYTHONPATH} /usr/bin/python3 -W ignore:setup.py install is deprecated -W ignore:easy_install command is deprecated setup.py egg_info --egg-base ../../build/controller build --build-base /home/daniel/projects/tomauto_robot/build/controller/build install --record /home/daniel/projects/tomauto_robot/build/controller/install.log --single-version-externally-managed install_data
[1.601s] Level 1:colcon.colcon_core.environment:checking '/home/daniel/projects/tomauto_robot/install/controller' for CMake module files
[1.602s] Level 1:colcon.colcon_core.environment:checking '/home/daniel/projects/tomauto_robot/install/controller' for CMake config files
[1.603s] Level 1:colcon.colcon_core.environment:checking '/home/daniel/projects/tomauto_robot/install/controller/lib'
[1.603s] Level 1:colcon.colcon_core.environment:checking '/home/daniel/projects/tomauto_robot/install/controller/bin'
[1.603s] Level 1:colcon.colcon_core.environment:checking '/home/daniel/projects/tomauto_robot/install/controller/lib/pkgconfig/controller.pc'
[1.603s] Level 1:colcon.colcon_core.environment:checking '/home/daniel/projects/tomauto_robot/install/controller/lib/python3.12/site-packages'
[1.604s] Level 1:colcon.colcon_core.shell:create_environment_hook('controller', 'pythonpath')
[1.604s] INFO:colcon.colcon_core.shell:Creating environment hook '/home/daniel/projects/tomauto_robot/install/controller/share/controller/hook/pythonpath.ps1'
[1.605s] INFO:colcon.colcon_core.shell:Creating environment descriptor '/home/daniel/projects/tomauto_robot/install/controller/share/controller/hook/pythonpath.dsv'
[1.607s] INFO:colcon.colcon_core.shell:Creating environment hook '/home/daniel/projects/tomauto_robot/install/controller/share/controller/hook/pythonpath.sh'
[1.609s] Level 1:colcon.colcon_core.environment:checking '/home/daniel/projects/tomauto_robot/install/controller/bin'
[1.609s] Level 1:colcon.colcon_core.environment:create_environment_scripts_only(controller)
[1.609s] INFO:colcon.colcon_core.shell:Creating package script '/home/daniel/projects/tomauto_robot/install/controller/share/controller/package.ps1'
[1.611s] INFO:colcon.colcon_core.shell:Creating package descriptor '/home/daniel/projects/tomauto_robot/install/controller/share/controller/package.dsv'
[1.612s] INFO:colcon.colcon_core.shell:Creating package script '/home/daniel/projects/tomauto_robot/install/controller/share/controller/package.sh'
[1.614s] INFO:colcon.colcon_core.shell:Creating package script '/home/daniel/projects/tomauto_robot/install/controller/share/controller/package.bash'
[1.615s] INFO:colcon.colcon_core.shell:Creating package script '/home/daniel/projects/tomauto_robot/install/controller/share/controller/package.zsh'
[1.616s] Level 1:colcon.colcon_core.environment:create_file_with_runtime_dependencies(/home/daniel/projects/tomauto_robot/install/controller/share/colcon-core/packages/controller)
[1.654s] Level 1:colcon.colcon_core.environment:checking '/home/daniel/projects/tomauto_robot/install/dm' for CMake module files
[1.655s] Level 1:colcon.colcon_core.environment:checking '/home/daniel/projects/tomauto_robot/install/dm' for CMake config files
[1.655s] Level 1:colcon.colcon_core.environment:checking '/home/daniel/projects/tomauto_robot/install/dm/lib'
[1.655s] Level 1:colcon.colcon_core.environment:checking '/home/daniel/projects/tomauto_robot/install/dm/bin'
[1.655s] Level 1:colcon.colcon_core.environment:checking '/home/daniel/projects/tomauto_robot/install/dm/lib/pkgconfig/dm.pc'
[1.655s] Level 1:colcon.colcon_core.environment:checking '/home/daniel/projects/tomauto_robot/install/dm/lib/python3.12/site-packages'
[1.656s] Level 1:colcon.colcon_core.shell:create_environment_hook('dm', 'pythonpath')
[1.656s] INFO:colcon.colcon_core.shell:Creating environment hook '/home/daniel/projects/tomauto_robot/install/dm/share/dm/hook/pythonpath.ps1'
[1.656s] INFO:colcon.colcon_core.shell:Creating environment descriptor '/home/daniel/projects/tomauto_robot/install/dm/share/dm/hook/pythonpath.dsv'
[1.656s] DEBUG:colcon.colcon_core.event_handler.log_command:Invoked command in '/home/daniel/projects/tomauto_robot/src/dm' returned '0': DEBUGINFOD_URLS=https://debuginfod.ubuntu.com PYTHONPATH=/home/daniel/projects/tomauto_robot/build/dm/prefix_override:/usr/lib/python3/dist-packages/colcon_core/task/python/colcon_distutils_commands:/home/daniel/projects/tomauto_robot/install/dm/lib/python3.12/site-packages:${PYTHONPATH} /usr/bin/python3 -W ignore:setup.py install is deprecated -W ignore:easy_install command is deprecated setup.py egg_info --egg-base ../../build/dm build --build-base /home/daniel/projects/tomauto_robot/build/dm/build install --record /home/daniel/projects/tomauto_robot/build/dm/install.log --single-version-externally-managed install_data
[1.657s] INFO:colcon.colcon_core.shell:Creating environment hook '/home/daniel/projects/tomauto_robot/install/dm/share/dm/hook/pythonpath.sh'
[1.657s] Level 1:colcon.colcon_core.environment:checking '/home/daniel/projects/tomauto_robot/install/dm/bin'
[1.657s] Level 1:colcon.colcon_core.environment:create_environment_scripts_only(dm)
[1.658s] INFO:colcon.colcon_core.shell:Creating package script '/home/daniel/projects/tomauto_robot/install/dm/share/dm/package.ps1'
[1.658s] INFO:colcon.colcon_core.shell:Creating package descriptor '/home/daniel/projects/tomauto_robot/install/dm/share/dm/package.dsv'
[1.659s] INFO:colcon.colcon_core.shell:Creating package script '/home/daniel/projects/tomauto_robot/install/dm/share/dm/package.sh'
[1.660s] INFO:colcon.colcon_core.shell:Creating package script '/home/daniel/projects/tomauto_robot/install/dm/share/dm/package.bash'
[1.661s] INFO:colcon.colcon_core.shell:Creating package script '/home/daniel/projects/tomauto_robot/install/dm/share/dm/package.zsh'
[1.662s] Level 1:colcon.colcon_core.environment:create_file_with_runtime_dependencies(/home/daniel/projects/tomauto_robot/install/dm/share/colcon-core/packages/dm)
[3.154s] DEBUG:colcon.colcon_core.event_handler.log_command:Invoked command in '/home/daniel/projects/tomauto_robot/build/tomauto_interfaces' returned '0': CMAKE_PREFIX_PATH=${CMAKE_PREFIX_PATH}:/home/daniel/projects/tomauto_robot/install/dm:/home/daniel/projects/tomauto_robot/src/install/dm:/home/daniel/projects/ros/install/my_py_pkg:/opt/ros/jazzy DEBUGINFOD_URLS=https://debuginfod.ubuntu.com /usr/bin/cmake --build /home/daniel/projects/tomauto_robot/build/tomauto_interfaces -- -j8 -l8
[3.170s] DEBUG:colcon.colcon_core.event_handler.log_command:Invoking command in '/home/daniel/projects/tomauto_robot/build/tomauto_interfaces': CMAKE_PREFIX_PATH=${CMAKE_PREFIX_PATH}:/home/daniel/projects/tomauto_robot/install/dm:/home/daniel/projects/tomauto_robot/src/install/dm:/home/daniel/projects/ros/install/my_py_pkg:/opt/ros/jazzy DEBUGINFOD_URLS=https://debuginfod.ubuntu.com /usr/bin/cmake --install /home/daniel/projects/tomauto_robot/build/tomauto_interfaces
[3.260s] Level 1:colcon.colcon_core.environment:create_environment_scripts_only(tomauto_interfaces)
[3.260s] DEBUG:colcon.colcon_core.event_handler.log_command:Invoked command in '/home/daniel/projects/tomauto_robot/build/tomauto_interfaces' returned '0': CMAKE_PREFIX_PATH=${CMAKE_PREFIX_PATH}:/home/daniel/projects/tomauto_robot/install/dm:/home/daniel/projects/tomauto_robot/src/install/dm:/home/daniel/projects/ros/install/my_py_pkg:/opt/ros/jazzy DEBUGINFOD_URLS=https://debuginfod.ubuntu.com /usr/bin/cmake --install /home/daniel/projects/tomauto_robot/build/tomauto_interfaces
[3.260s] Level 1:colcon.colcon_core.environment:checking '/home/daniel/projects/tomauto_robot/install/tomauto_interfaces' for CMake module files
[3.261s] Level 1:colcon.colcon_core.environment:checking '/home/daniel/projects/tomauto_robot/install/tomauto_interfaces' for CMake config files
[3.261s] Level 1:colcon.colcon_core.shell:create_environment_hook('tomauto_interfaces', 'cmake_prefix_path')
[3.261s] INFO:colcon.colcon_core.shell:Creating environment hook '/home/daniel/projects/tomauto_robot/install/tomauto_interfaces/share/tomauto_interfaces/hook/cmake_prefix_path.ps1'
[3.262s] INFO:colcon.colcon_core.shell:Creating environment descriptor '/home/daniel/projects/tomauto_robot/install/tomauto_interfaces/share/tomauto_interfaces/hook/cmake_prefix_path.dsv'
[3.262s] INFO:colcon.colcon_core.shell:Creating environment hook '/home/daniel/projects/tomauto_robot/install/tomauto_interfaces/share/tomauto_interfaces/hook/cmake_prefix_path.sh'
[3.262s] Level 1:colcon.colcon_core.environment:checking '/home/daniel/projects/tomauto_robot/install/tomauto_interfaces/lib'
[3.262s] Level 1:colcon.colcon_core.shell:create_environment_hook('tomauto_interfaces', 'ld_library_path_lib')
[3.263s] INFO:colcon.colcon_core.shell:Creating environment hook '/home/daniel/projects/tomauto_robot/install/tomauto_interfaces/share/tomauto_interfaces/hook/ld_library_path_lib.ps1'
[3.263s] INFO:colcon.colcon_core.shell:Creating environment descriptor '/home/daniel/projects/tomauto_robot/install/tomauto_interfaces/share/tomauto_interfaces/hook/ld_library_path_lib.dsv'
[3.263s] INFO:colcon.colcon_core.shell:Creating environment hook '/home/daniel/projects/tomauto_robot/install/tomauto_interfaces/share/tomauto_interfaces/hook/ld_library_path_lib.sh'
[3.263s] Level 1:colcon.colcon_core.environment:checking '/home/daniel/projects/tomauto_robot/install/tomauto_interfaces/bin'
[3.264s] Level 1:colcon.colcon_core.environment:checking '/home/daniel/projects/tomauto_robot/install/tomauto_interfaces/lib/pkgconfig/tomauto_interfaces.pc'
[3.264s] Level 1:colcon.colcon_core.environment:checking '/home/daniel/projects/tomauto_robot/install/tomauto_interfaces/lib/python3.12/site-packages'
[3.264s] Level 1:colcon.colcon_core.shell:create_environment_hook('tomauto_interfaces', 'pythonpath')
[3.264s] INFO:colcon.colcon_core.shell:Creating environment hook '/home/daniel/projects/tomauto_robot/install/tomauto_interfaces/share/tomauto_interfaces/hook/pythonpath.ps1'
[3.264s] INFO:colcon.colcon_core.shell:Creating environment descriptor '/home/daniel/projects/tomauto_robot/install/tomauto_interfaces/share/tomauto_interfaces/hook/pythonpath.dsv'
[3.265s] INFO:colcon.colcon_core.shell:Creating environment hook '/home/daniel/projects/tomauto_robot/install/tomauto_interfaces/share/tomauto_interfaces/hook/pythonpath.sh'
[3.265s] Level 1:colcon.colcon_core.environment:checking '/home/daniel/projects/tomauto_robot/install/tomauto_interfaces/bin'
[3.265s] INFO:colcon.colcon_core.shell:Creating package script '/home/daniel/projects/tomauto_robot/install/tomauto_interfaces/share/tomauto_interfaces/package.ps1'
[3.266s] INFO:colcon.colcon_core.shell:Creating package descriptor '/home/daniel/projects/tomauto_robot/install/tomauto_interfaces/share/tomauto_interfaces/package.dsv'
[3.266s] INFO:colcon.colcon_core.shell:Creating package script '/home/daniel/projects/tomauto_robot/install/tomauto_interfaces/share/tomauto_interfaces/package.sh'
[3.267s] INFO:colcon.colcon_core.shell:Creating package script '/home/daniel/projects/tomauto_robot/install/tomauto_interfaces/share/tomauto_interfaces/package.bash'
[3.267s] INFO:colcon.colcon_core.shell:Creating package script '/home/daniel/projects/tomauto_robot/install/tomauto_interfaces/share/tomauto_interfaces/package.zsh'
[3.268s] Level 1:colcon.colcon_core.environment:create_file_with_runtime_dependencies(/home/daniel/projects/tomauto_robot/install/tomauto_interfaces/share/colcon-core/packages/tomauto_interfaces)
[3.268s] Level 1:colcon.colcon_core.environment:create_environment_scripts_only(tomauto_interfaces)
[3.268s] Level 1:colcon.colcon_core.environment:checking '/home/daniel/projects/tomauto_robot/install/tomauto_interfaces' for CMake module files
[3.269s] Level 1:colcon.colcon_core.environment:checking '/home/daniel/projects/tomauto_robot/install/tomauto_interfaces' for CMake config files
[3.269s] Level 1:colcon.colcon_core.shell:create_environment_hook('tomauto_interfaces', 'cmake_prefix_path')
[3.270s] INFO:colcon.colcon_core.shell:Creating environment hook '/home/daniel/projects/tomauto_robot/install/tomauto_interfaces/share/tomauto_interfaces/hook/cmake_prefix_path.ps1'
[3.270s] INFO:colcon.colcon_core.shell:Creating environment descriptor '/home/daniel/projects/tomauto_robot/install/tomauto_interfaces/share/tomauto_interfaces/hook/cmake_prefix_path.dsv'
[3.270s] INFO:colcon.colcon_core.shell:Creating environment hook '/home/daniel/projects/tomauto_robot/install/tomauto_interfaces/share/tomauto_interfaces/hook/cmake_prefix_path.sh'
[3.271s] Level 1:colcon.colcon_core.environment:checking '/home/daniel/projects/tomauto_robot/install/tomauto_interfaces/lib'
[3.271s] Level 1:colcon.colcon_core.shell:create_environment_hook('tomauto_interfaces', 'ld_library_path_lib')
[3.271s] INFO:colcon.colcon_core.shell:Creating environment hook '/home/daniel/projects/tomauto_robot/install/tomauto_interfaces/share/tomauto_interfaces/hook/ld_library_path_lib.ps1'
[3.272s] INFO:colcon.colcon_core.shell:Creating environment descriptor '/home/daniel/projects/tomauto_robot/install/tomauto_interfaces/share/tomauto_interfaces/hook/ld_library_path_lib.dsv'
[3.272s] INFO:colcon.colcon_core.shell:Creating environment hook '/home/daniel/projects/tomauto_robot/install/tomauto_interfaces/share/tomauto_interfaces/hook/ld_library_path_lib.sh'
[3.273s] Level 1:colcon.colcon_core.environment:checking '/home/daniel/projects/tomauto_robot/install/tomauto_interfaces/bin'
[3.273s] Level 1:colcon.colcon_core.environment:checking '/home/daniel/projects/tomauto_robot/install/tomauto_interfaces/lib/pkgconfig/tomauto_interfaces.pc'
[3.273s] Level 1:colcon.colcon_core.environment:checking '/home/daniel/projects/tomauto_robot/install/tomauto_interfaces/lib/python3.12/site-packages'
[3.273s] Level 1:colcon.colcon_core.shell:create_environment_hook('tomauto_interfaces', 'pythonpath')
[3.274s] INFO:colcon.colcon_core.shell:Creating environment hook '/home/daniel/projects/tomauto_robot/install/tomauto_interfaces/share/tomauto_interfaces/hook/pythonpath.ps1'
[3.274s] INFO:colcon.colcon_core.shell:Creating environment descriptor '/home/daniel/projects/tomauto_robot/install/tomauto_interfaces/share/tomauto_interfaces/hook/pythonpath.dsv'
[3.274s] INFO:colcon.colcon_core.shell:Creating environment hook '/home/daniel/projects/tomauto_robot/install/tomauto_interfaces/share/tomauto_interfaces/hook/pythonpath.sh'
[3.275s] Level 1:colcon.colcon_core.environment:checking '/home/daniel/projects/tomauto_robot/install/tomauto_interfaces/bin'
[3.275s] INFO:colcon.colcon_core.shell:Creating package script '/home/daniel/projects/tomauto_robot/install/tomauto_interfaces/share/tomauto_interfaces/package.ps1'
[3.276s] INFO:colcon.colcon_core.shell:Creating package descriptor '/home/daniel/projects/tomauto_robot/install/tomauto_interfaces/share/tomauto_interfaces/package.dsv'
[3.277s] INFO:colcon.colcon_core.shell:Creating package script '/home/daniel/projects/tomauto_robot/install/tomauto_interfaces/share/tomauto_interfaces/package.sh'
[3.278s] INFO:colcon.colcon_core.shell:Creating package script '/home/daniel/projects/tomauto_robot/install/tomauto_interfaces/share/tomauto_interfaces/package.bash'
[3.278s] INFO:colcon.colcon_core.shell:Creating package script '/home/daniel/projects/tomauto_robot/install/tomauto_interfaces/share/tomauto_interfaces/package.zsh'
[3.278s] Level 1:colcon.colcon_core.environment:create_file_with_runtime_dependencies(/home/daniel/projects/tomauto_robot/install/tomauto_interfaces/share/colcon-core/packages/tomauto_interfaces)
[3.279s] DEBUG:colcon.colcon_parallel_executor.executor.parallel:closing loop
[3.279s] DEBUG:colcon.colcon_parallel_executor.executor.parallel:loop closed
[3.279s] DEBUG:colcon.colcon_parallel_executor.executor.parallel:run_until_complete finished with '0'
[3.279s] DEBUG:colcon.colcon_core.event_reactor:joining thread
[3.289s] INFO:colcon.colcon_core.plugin_system:Skipping extension 'colcon_notification.desktop_notification.terminal_notifier': Not used on non-Darwin systems
[3.290s] INFO:colcon.colcon_core.plugin_system:Skipping extension 'colcon_notification.desktop_notification.win32': Not used on non-Windows systems
[3.290s] INFO:colcon.colcon_notification.desktop_notification:Sending desktop notification using 'notify2'
[3.325s] DEBUG:colcon.colcon_core.event_reactor:joined thread
[3.325s] INFO:colcon.colcon_core.shell:Creating prefix script '/home/daniel/projects/tomauto_robot/install/local_setup.ps1'
[3.327s] INFO:colcon.colcon_core.shell:Creating prefix util module '/home/daniel/projects/tomauto_robot/install/_local_setup_util_ps1.py'
[3.328s] INFO:colcon.colcon_core.shell:Creating prefix chain script '/home/daniel/projects/tomauto_robot/install/setup.ps1'
[3.329s] INFO:colcon.colcon_core.shell:Creating prefix script '/home/daniel/projects/tomauto_robot/install/local_setup.sh'
[3.330s] INFO:colcon.colcon_core.shell:Creating prefix util module '/home/daniel/projects/tomauto_robot/install/_local_setup_util_sh.py'
[3.331s] INFO:colcon.colcon_core.shell:Creating prefix chain script '/home/daniel/projects/tomauto_robot/install/setup.sh'
[3.332s] INFO:colcon.colcon_core.shell:Creating prefix script '/home/daniel/projects/tomauto_robot/install/local_setup.bash'
[3.333s] INFO:colcon.colcon_core.shell:Creating prefix chain script '/home/daniel/projects/tomauto_robot/install/setup.bash'
[3.335s] INFO:colcon.colcon_core.shell:Creating prefix script '/home/daniel/projects/tomauto_robot/install/local_setup.zsh'
[3.335s] INFO:colcon.colcon_core.shell:Creating prefix chain script '/home/daniel/projects/tomauto_robot/install/setup.zsh'
