[  2%] [34m[1mGenerating type hashes for ROS interfaces[0m
[  2%] Built target ament_cmake_python_copy_tomauto_interfaces
[  2%] Built target tomauto_interfaces__rosidl_generator_type_description
[  5%] [34m[1mGenerating C code for ROS interfaces[0m
running egg_info
[  8%] [34m[1mGenerating C++ code for ROS interfaces[0m
writing tomauto_interfaces.egg-info/PKG-INFO
writing dependency_links to tomauto_interfaces.egg-info/dependency_links.txt
writing top-level names to tomauto_interfaces.egg-info/top_level.txt
reading manifest file 'tomauto_interfaces.egg-info/SOURCES.txt'
writing manifest file 'tomauto_interfaces.egg-info/SOURCES.txt'
[  8%] Built target ament_cmake_python_build_tomauto_interfaces_egg
[  8%] Built target tomauto_interfaces__cpp
[ 11%] [32mBuilding C object CMakeFiles/tomauto_interfaces__rosidl_generator_c.dir/rosidl_generator_c/tomauto_interfaces/msg/detail/drive_camera__description.c.o[0m
[ 14%] [32mBuilding C object CMakeFiles/tomauto_interfaces__rosidl_generator_c.dir/rosidl_generator_c/tomauto_interfaces/msg/detail/drive_camera__type_support.c.o[0m
[ 17%] [32mBuilding C object CMakeFiles/tomauto_interfaces__rosidl_generator_c.dir/rosidl_generator_c/tomauto_interfaces/msg/detail/drive_camera__functions.c.o[0m
[ 20%] [32m[1mLinking C shared library libtomauto_interfaces__rosidl_generator_c.so[0m
[ 20%] Built target tomauto_interfaces__rosidl_generator_c
[ 26%] [34m[1mGenerating C++ type support for eProsima Fast-RTPS[0m
[ 26%] [34m[1mGenerating C introspection for ROS interfaces[0m
[ 32%] [34m[1mGenerating C type support for eProsima Fast-RTPS[0m
[ 32%] [34m[1mGenerating C++ type support dispatch for ROS interfaces[0m
[ 35%] [34m[1mGenerating C++ introspection for ROS interfaces[0m
[ 38%] [34m[1mGenerating C type support dispatch for ROS interfaces[0m
[ 41%] [32mBuilding CXX object CMakeFiles/tomauto_interfaces__rosidl_typesupport_introspection_cpp.dir/rosidl_typesupport_introspection_cpp/tomauto_interfaces/msg/detail/drive_camera__type_support.cpp.o[0m
[ 44%] [32mBuilding C object CMakeFiles/tomauto_interfaces__rosidl_typesupport_introspection_c.dir/rosidl_typesupport_introspection_c/tomauto_interfaces/msg/detail/drive_camera__type_support.c.o[0m
[ 47%] [32mBuilding CXX object CMakeFiles/tomauto_interfaces__rosidl_typesupport_c.dir/rosidl_typesupport_c/tomauto_interfaces/msg/drive_camera__type_support.cpp.o[0m
[ 50%] [32mBuilding CXX object CMakeFiles/tomauto_interfaces__rosidl_typesupport_cpp.dir/rosidl_typesupport_cpp/tomauto_interfaces/msg/drive_camera__type_support.cpp.o[0m
[ 52%] [32mBuilding CXX object CMakeFiles/tomauto_interfaces__rosidl_typesupport_fastrtps_cpp.dir/rosidl_typesupport_fastrtps_cpp/tomauto_interfaces/msg/detail/dds_fastrtps/drive_camera__type_support.cpp.o[0m
[ 55%] [32mBuilding CXX object CMakeFiles/tomauto_interfaces__rosidl_typesupport_fastrtps_c.dir/rosidl_typesupport_fastrtps_c/tomauto_interfaces/msg/detail/drive_camera__type_support_c.cpp.o[0m
[ 58%] [32m[1mLinking C shared library libtomauto_interfaces__rosidl_typesupport_introspection_c.so[0m
[ 61%] [32m[1mLinking CXX shared library libtomauto_interfaces__rosidl_typesupport_c.so[0m
[ 61%] Built target tomauto_interfaces__rosidl_typesupport_introspection_c
[ 61%] Built target tomauto_interfaces__rosidl_typesupport_c
[ 64%] [32m[1mLinking CXX shared library libtomauto_interfaces__rosidl_typesupport_introspection_cpp.so[0m
[ 67%] [32m[1mLinking CXX shared library libtomauto_interfaces__rosidl_typesupport_cpp.so[0m
[ 67%] Built target tomauto_interfaces__rosidl_typesupport_introspection_cpp
[ 67%] Built target tomauto_interfaces__rosidl_typesupport_cpp
[ 70%] [32m[1mLinking CXX shared library libtomauto_interfaces__rosidl_typesupport_fastrtps_c.so[0m
[ 73%] [32m[1mLinking CXX shared library libtomauto_interfaces__rosidl_typesupport_fastrtps_cpp.so[0m
[ 73%] Built target tomauto_interfaces__rosidl_typesupport_fastrtps_c
[ 73%] Built target tomauto_interfaces__rosidl_typesupport_fastrtps_cpp
[ 73%] Built target tomauto_interfaces
[ 76%] [34m[1mGenerating Python code for ROS interfaces[0m
[ 76%] Built target tomauto_interfaces__py
[ 79%] [32mBuilding C object CMakeFiles/tomauto_interfaces__rosidl_generator_py.dir/rosidl_generator_py/tomauto_interfaces/msg/_drive_camera_s.c.o[0m
[ 82%] [32m[1mLinking C shared library libtomauto_interfaces__rosidl_generator_py.so[0m
[ 82%] Built target tomauto_interfaces__rosidl_generator_py
[ 85%] [32mBuilding C object CMakeFiles/tomauto_interfaces_s__rosidl_typesupport_c.dir/rosidl_generator_py/tomauto_interfaces/_tomauto_interfaces_s.ep.rosidl_typesupport_c.c.o[0m
[ 88%] [32mBuilding C object CMakeFiles/tomauto_interfaces_s__rosidl_typesupport_introspection_c.dir/rosidl_generator_py/tomauto_interfaces/_tomauto_interfaces_s.ep.rosidl_typesupport_introspection_c.c.o[0m
[ 91%] [32mBuilding C object CMakeFiles/tomauto_interfaces_s__rosidl_typesupport_fastrtps_c.dir/rosidl_generator_py/tomauto_interfaces/_tomauto_interfaces_s.ep.rosidl_typesupport_fastrtps_c.c.o[0m
[ 94%] [32m[1mLinking C shared module rosidl_generator_py/tomauto_interfaces/tomauto_interfaces_s__rosidl_typesupport_introspection_c.so[0m
[ 97%] [32m[1mLinking C shared module rosidl_generator_py/tomauto_interfaces/tomauto_interfaces_s__rosidl_typesupport_c.so[0m
[100%] [32m[1mLinking C shared module rosidl_generator_py/tomauto_interfaces/tomauto_interfaces_s__rosidl_typesupport_fastrtps_c.so[0m
[100%] Built target tomauto_interfaces_s__rosidl_typesupport_introspection_c
[100%] Built target tomauto_interfaces_s__rosidl_typesupport_c
[100%] Built target tomauto_interfaces_s__rosidl_typesupport_fastrtps_c
-- Install configuration: ""
-- Installing: /home/daniel/projects/tomauto_robot/install/tomauto_interfaces/share/ament_index/resource_index/rosidl_interfaces/tomauto_interfaces
-- Installing: /home/daniel/projects/tomauto_robot/install/tomauto_interfaces/share/tomauto_interfaces/msg/DriveCamera.json
-- Installing: /home/daniel/projects/tomauto_robot/install/tomauto_interfaces/include/tomauto_interfaces/tomauto_interfaces
-- Installing: /home/daniel/projects/tomauto_robot/install/tomauto_interfaces/include/tomauto_interfaces/tomauto_interfaces/msg
-- Installing: /home/daniel/projects/tomauto_robot/install/tomauto_interfaces/include/tomauto_interfaces/tomauto_interfaces/msg/rosidl_generator_c__visibility_control.h
-- Installing: /home/daniel/projects/tomauto_robot/install/tomauto_interfaces/include/tomauto_interfaces/tomauto_interfaces/msg/drive_camera.h
-- Installing: /home/daniel/projects/tomauto_robot/install/tomauto_interfaces/include/tomauto_interfaces/tomauto_interfaces/msg/detail
-- Installing: /home/daniel/projects/tomauto_robot/install/tomauto_interfaces/include/tomauto_interfaces/tomauto_interfaces/msg/detail/drive_camera__functions.h
-- Installing: /home/daniel/projects/tomauto_robot/install/tomauto_interfaces/include/tomauto_interfaces/tomauto_interfaces/msg/detail/drive_camera__description.c
-- Installing: /home/daniel/projects/tomauto_robot/install/tomauto_interfaces/include/tomauto_interfaces/tomauto_interfaces/msg/detail/drive_camera__functions.c
-- Installing: /home/daniel/projects/tomauto_robot/install/tomauto_interfaces/include/tomauto_interfaces/tomauto_interfaces/msg/detail/drive_camera__type_support.c
-- Installing: /home/daniel/projects/tomauto_robot/install/tomauto_interfaces/include/tomauto_interfaces/tomauto_interfaces/msg/detail/drive_camera__struct.h
-- Installing: /home/daniel/projects/tomauto_robot/install/tomauto_interfaces/include/tomauto_interfaces/tomauto_interfaces/msg/detail/drive_camera__type_support.h
-- Installing: /home/daniel/projects/tomauto_robot/install/tomauto_interfaces/share/tomauto_interfaces/environment/library_path.sh
-- Installing: /home/daniel/projects/tomauto_robot/install/tomauto_interfaces/share/tomauto_interfaces/environment/library_path.dsv
-- Installing: /home/daniel/projects/tomauto_robot/install/tomauto_interfaces/lib/libtomauto_interfaces__rosidl_generator_c.so
-- Set non-toolchain portion of runtime path of "/home/daniel/projects/tomauto_robot/install/tomauto_interfaces/lib/libtomauto_interfaces__rosidl_generator_c.so" to ""
-- Up-to-date: /home/daniel/projects/tomauto_robot/install/tomauto_interfaces/include/tomauto_interfaces/tomauto_interfaces
-- Up-to-date: /home/daniel/projects/tomauto_robot/install/tomauto_interfaces/include/tomauto_interfaces/tomauto_interfaces/msg
-- Installing: /home/daniel/projects/tomauto_robot/install/tomauto_interfaces/include/tomauto_interfaces/tomauto_interfaces/msg/rosidl_typesupport_fastrtps_c__visibility_control.h
-- Up-to-date: /home/daniel/projects/tomauto_robot/install/tomauto_interfaces/include/tomauto_interfaces/tomauto_interfaces/msg/detail
-- Installing: /home/daniel/projects/tomauto_robot/install/tomauto_interfaces/include/tomauto_interfaces/tomauto_interfaces/msg/detail/drive_camera__rosidl_typesupport_fastrtps_c.h
-- Installing: /home/daniel/projects/tomauto_robot/install/tomauto_interfaces/lib/libtomauto_interfaces__rosidl_typesupport_fastrtps_c.so
-- Set non-toolchain portion of runtime path of "/home/daniel/projects/tomauto_robot/install/tomauto_interfaces/lib/libtomauto_interfaces__rosidl_typesupport_fastrtps_c.so" to ""
-- Up-to-date: /home/daniel/projects/tomauto_robot/install/tomauto_interfaces/include/tomauto_interfaces/tomauto_interfaces
-- Up-to-date: /home/daniel/projects/tomauto_robot/install/tomauto_interfaces/include/tomauto_interfaces/tomauto_interfaces/msg
-- Installing: /home/daniel/projects/tomauto_robot/install/tomauto_interfaces/include/tomauto_interfaces/tomauto_interfaces/msg/rosidl_typesupport_introspection_c__visibility_control.h
-- Up-to-date: /home/daniel/projects/tomauto_robot/install/tomauto_interfaces/include/tomauto_interfaces/tomauto_interfaces/msg/detail
-- Installing: /home/daniel/projects/tomauto_robot/install/tomauto_interfaces/include/tomauto_interfaces/tomauto_interfaces/msg/detail/drive_camera__rosidl_typesupport_introspection_c.h
-- Up-to-date: /home/daniel/projects/tomauto_robot/install/tomauto_interfaces/include/tomauto_interfaces/tomauto_interfaces/msg/detail/drive_camera__type_support.c
-- Installing: /home/daniel/projects/tomauto_robot/install/tomauto_interfaces/lib/libtomauto_interfaces__rosidl_typesupport_introspection_c.so
-- Set non-toolchain portion of runtime path of "/home/daniel/projects/tomauto_robot/install/tomauto_interfaces/lib/libtomauto_interfaces__rosidl_typesupport_introspection_c.so" to ""
-- Installing: /home/daniel/projects/tomauto_robot/install/tomauto_interfaces/lib/libtomauto_interfaces__rosidl_typesupport_c.so
-- Set non-toolchain portion of runtime path of "/home/daniel/projects/tomauto_robot/install/tomauto_interfaces/lib/libtomauto_interfaces__rosidl_typesupport_c.so" to ""
-- Up-to-date: /home/daniel/projects/tomauto_robot/install/tomauto_interfaces/include/tomauto_interfaces/tomauto_interfaces
-- Up-to-date: /home/daniel/projects/tomauto_robot/install/tomauto_interfaces/include/tomauto_interfaces/tomauto_interfaces/msg
-- Installing: /home/daniel/projects/tomauto_robot/install/tomauto_interfaces/include/tomauto_interfaces/tomauto_interfaces/msg/rosidl_generator_cpp__visibility_control.hpp
-- Up-to-date: /home/daniel/projects/tomauto_robot/install/tomauto_interfaces/include/tomauto_interfaces/tomauto_interfaces/msg/detail
-- Installing: /home/daniel/projects/tomauto_robot/install/tomauto_interfaces/include/tomauto_interfaces/tomauto_interfaces/msg/detail/drive_camera__struct.hpp
-- Installing: /home/daniel/projects/tomauto_robot/install/tomauto_interfaces/include/tomauto_interfaces/tomauto_interfaces/msg/detail/drive_camera__traits.hpp
-- Installing: /home/daniel/projects/tomauto_robot/install/tomauto_interfaces/include/tomauto_interfaces/tomauto_interfaces/msg/detail/drive_camera__builder.hpp
-- Installing: /home/daniel/projects/tomauto_robot/install/tomauto_interfaces/include/tomauto_interfaces/tomauto_interfaces/msg/detail/drive_camera__type_support.hpp
-- Installing: /home/daniel/projects/tomauto_robot/install/tomauto_interfaces/include/tomauto_interfaces/tomauto_interfaces/msg/drive_camera.hpp
-- Up-to-date: /home/daniel/projects/tomauto_robot/install/tomauto_interfaces/include/tomauto_interfaces/tomauto_interfaces
-- Up-to-date: /home/daniel/projects/tomauto_robot/install/tomauto_interfaces/include/tomauto_interfaces/tomauto_interfaces/msg
-- Up-to-date: /home/daniel/projects/tomauto_robot/install/tomauto_interfaces/include/tomauto_interfaces/tomauto_interfaces/msg/detail
-- Installing: /home/daniel/projects/tomauto_robot/install/tomauto_interfaces/include/tomauto_interfaces/tomauto_interfaces/msg/detail/drive_camera__rosidl_typesupport_fastrtps_cpp.hpp
-- Installing: /home/daniel/projects/tomauto_robot/install/tomauto_interfaces/include/tomauto_interfaces/tomauto_interfaces/msg/detail/dds_fastrtps
-- Installing: /home/daniel/projects/tomauto_robot/install/tomauto_interfaces/include/tomauto_interfaces/tomauto_interfaces/msg/rosidl_typesupport_fastrtps_cpp__visibility_control.h
-- Installing: /home/daniel/projects/tomauto_robot/install/tomauto_interfaces/lib/libtomauto_interfaces__rosidl_typesupport_fastrtps_cpp.so
-- Set non-toolchain portion of runtime path of "/home/daniel/projects/tomauto_robot/install/tomauto_interfaces/lib/libtomauto_interfaces__rosidl_typesupport_fastrtps_cpp.so" to ""
-- Up-to-date: /home/daniel/projects/tomauto_robot/install/tomauto_interfaces/include/tomauto_interfaces/tomauto_interfaces
-- Up-to-date: /home/daniel/projects/tomauto_robot/install/tomauto_interfaces/include/tomauto_interfaces/tomauto_interfaces/msg
-- Up-to-date: /home/daniel/projects/tomauto_robot/install/tomauto_interfaces/include/tomauto_interfaces/tomauto_interfaces/msg/detail
-- Installing: /home/daniel/projects/tomauto_robot/install/tomauto_interfaces/include/tomauto_interfaces/tomauto_interfaces/msg/detail/drive_camera__rosidl_typesupport_introspection_cpp.hpp
-- Installing: /home/daniel/projects/tomauto_robot/install/tomauto_interfaces/include/tomauto_interfaces/tomauto_interfaces/msg/detail/drive_camera__type_support.cpp
-- Installing: /home/daniel/projects/tomauto_robot/install/tomauto_interfaces/lib/libtomauto_interfaces__rosidl_typesupport_introspection_cpp.so
-- Set non-toolchain portion of runtime path of "/home/daniel/projects/tomauto_robot/install/tomauto_interfaces/lib/libtomauto_interfaces__rosidl_typesupport_introspection_cpp.so" to ""
-- Installing: /home/daniel/projects/tomauto_robot/install/tomauto_interfaces/lib/libtomauto_interfaces__rosidl_typesupport_cpp.so
-- Set non-toolchain portion of runtime path of "/home/daniel/projects/tomauto_robot/install/tomauto_interfaces/lib/libtomauto_interfaces__rosidl_typesupport_cpp.so" to ""
-- Installing: /home/daniel/projects/tomauto_robot/install/tomauto_interfaces/share/tomauto_interfaces/environment/pythonpath.sh
-- Installing: /home/daniel/projects/tomauto_robot/install/tomauto_interfaces/share/tomauto_interfaces/environment/pythonpath.dsv
-- Installing: /home/daniel/projects/tomauto_robot/install/tomauto_interfaces/lib/python3.12/site-packages/tomauto_interfaces-0.0.0-py3.12.egg-info
-- Installing: /home/daniel/projects/tomauto_robot/install/tomauto_interfaces/lib/python3.12/site-packages/tomauto_interfaces-0.0.0-py3.12.egg-info/dependency_links.txt
-- Installing: /home/daniel/projects/tomauto_robot/install/tomauto_interfaces/lib/python3.12/site-packages/tomauto_interfaces-0.0.0-py3.12.egg-info/top_level.txt
-- Installing: /home/daniel/projects/tomauto_robot/install/tomauto_interfaces/lib/python3.12/site-packages/tomauto_interfaces-0.0.0-py3.12.egg-info/PKG-INFO
-- Installing: /home/daniel/projects/tomauto_robot/install/tomauto_interfaces/lib/python3.12/site-packages/tomauto_interfaces-0.0.0-py3.12.egg-info/SOURCES.txt
-- Installing: /home/daniel/projects/tomauto_robot/install/tomauto_interfaces/lib/python3.12/site-packages/tomauto_interfaces
-- Installing: /home/daniel/projects/tomauto_robot/install/tomauto_interfaces/lib/python3.12/site-packages/tomauto_interfaces/tomauto_interfaces_s__rosidl_typesupport_fastrtps_c.so
-- Installing: /home/daniel/projects/tomauto_robot/install/tomauto_interfaces/lib/python3.12/site-packages/tomauto_interfaces/_tomauto_interfaces_s.ep.rosidl_typesupport_c.c
-- Installing: /home/daniel/projects/tomauto_robot/install/tomauto_interfaces/lib/python3.12/site-packages/tomauto_interfaces/__init__.py
-- Installing: /home/daniel/projects/tomauto_robot/install/tomauto_interfaces/lib/python3.12/site-packages/tomauto_interfaces/tomauto_interfaces_s__rosidl_typesupport_c.so
-- Installing: /home/daniel/projects/tomauto_robot/install/tomauto_interfaces/lib/python3.12/site-packages/tomauto_interfaces/msg
-- Installing: /home/daniel/projects/tomauto_robot/install/tomauto_interfaces/lib/python3.12/site-packages/tomauto_interfaces/msg/_drive_camera_s.c
-- Installing: /home/daniel/projects/tomauto_robot/install/tomauto_interfaces/lib/python3.12/site-packages/tomauto_interfaces/msg/__init__.py
-- Installing: /home/daniel/projects/tomauto_robot/install/tomauto_interfaces/lib/python3.12/site-packages/tomauto_interfaces/msg/_drive_camera.py
-- Installing: /home/daniel/projects/tomauto_robot/install/tomauto_interfaces/lib/python3.12/site-packages/tomauto_interfaces/tomauto_interfaces_s__rosidl_typesupport_introspection_c.so
-- Installing: /home/daniel/projects/tomauto_robot/install/tomauto_interfaces/lib/python3.12/site-packages/tomauto_interfaces/_tomauto_interfaces_s.ep.rosidl_typesupport_introspection_c.c
-- Installing: /home/daniel/projects/tomauto_robot/install/tomauto_interfaces/lib/python3.12/site-packages/tomauto_interfaces/_tomauto_interfaces_s.ep.rosidl_typesupport_fastrtps_c.c
Listing '/home/daniel/projects/tomauto_robot/install/tomauto_interfaces/lib/python3.12/site-packages/tomauto_interfaces'...
Compiling '/home/daniel/projects/tomauto_robot/install/tomauto_interfaces/lib/python3.12/site-packages/tomauto_interfaces/__init__.py'...
Listing '/home/daniel/projects/tomauto_robot/install/tomauto_interfaces/lib/python3.12/site-packages/tomauto_interfaces/msg'...
Compiling '/home/daniel/projects/tomauto_robot/install/tomauto_interfaces/lib/python3.12/site-packages/tomauto_interfaces/msg/__init__.py'...
Compiling '/home/daniel/projects/tomauto_robot/install/tomauto_interfaces/lib/python3.12/site-packages/tomauto_interfaces/msg/_drive_camera.py'...
-- Installing: /home/daniel/projects/tomauto_robot/install/tomauto_interfaces/lib/python3.12/site-packages/tomauto_interfaces/tomauto_interfaces_s__rosidl_typesupport_fastrtps_c.so
-- Set non-toolchain portion of runtime path of "/home/daniel/projects/tomauto_robot/install/tomauto_interfaces/lib/python3.12/site-packages/tomauto_interfaces/tomauto_interfaces_s__rosidl_typesupport_fastrtps_c.so" to ""
-- Installing: /home/daniel/projects/tomauto_robot/install/tomauto_interfaces/lib/python3.12/site-packages/tomauto_interfaces/tomauto_interfaces_s__rosidl_typesupport_introspection_c.so
-- Set non-toolchain portion of runtime path of "/home/daniel/projects/tomauto_robot/install/tomauto_interfaces/lib/python3.12/site-packages/tomauto_interfaces/tomauto_interfaces_s__rosidl_typesupport_introspection_c.so" to ""
-- Installing: /home/daniel/projects/tomauto_robot/install/tomauto_interfaces/lib/python3.12/site-packages/tomauto_interfaces/tomauto_interfaces_s__rosidl_typesupport_c.so
-- Set non-toolchain portion of runtime path of "/home/daniel/projects/tomauto_robot/install/tomauto_interfaces/lib/python3.12/site-packages/tomauto_interfaces/tomauto_interfaces_s__rosidl_typesupport_c.so" to ""
-- Installing: /home/daniel/projects/tomauto_robot/install/tomauto_interfaces/lib/libtomauto_interfaces__rosidl_generator_py.so
-- Set non-toolchain portion of runtime path of "/home/daniel/projects/tomauto_robot/install/tomauto_interfaces/lib/libtomauto_interfaces__rosidl_generator_py.so" to ""
-- Installing: /home/daniel/projects/tomauto_robot/install/tomauto_interfaces/share/tomauto_interfaces/msg/DriveCamera.idl
-- Installing: /home/daniel/projects/tomauto_robot/install/tomauto_interfaces/share/tomauto_interfaces/msg/DriveCamera.msg
-- Installing: /home/daniel/projects/tomauto_robot/install/tomauto_interfaces/share/ament_index/resource_index/package_run_dependencies/tomauto_interfaces
-- Installing: /home/daniel/projects/tomauto_robot/install/tomauto_interfaces/share/ament_index/resource_index/parent_prefix_path/tomauto_interfaces
-- Installing: /home/daniel/projects/tomauto_robot/install/tomauto_interfaces/share/tomauto_interfaces/environment/ament_prefix_path.sh
-- Installing: /home/daniel/projects/tomauto_robot/install/tomauto_interfaces/share/tomauto_interfaces/environment/ament_prefix_path.dsv
-- Installing: /home/daniel/projects/tomauto_robot/install/tomauto_interfaces/share/tomauto_interfaces/environment/path.sh
-- Installing: /home/daniel/projects/tomauto_robot/install/tomauto_interfaces/share/tomauto_interfaces/environment/path.dsv
-- Installing: /home/daniel/projects/tomauto_robot/install/tomauto_interfaces/share/tomauto_interfaces/local_setup.bash
-- Installing: /home/daniel/projects/tomauto_robot/install/tomauto_interfaces/share/tomauto_interfaces/local_setup.sh
-- Installing: /home/daniel/projects/tomauto_robot/install/tomauto_interfaces/share/tomauto_interfaces/local_setup.zsh
-- Installing: /home/daniel/projects/tomauto_robot/install/tomauto_interfaces/share/tomauto_interfaces/local_setup.dsv
-- Up-to-date: /home/daniel/projects/tomauto_robot/install/tomauto_interfaces/share/tomauto_interfaces/package.dsv
-- Installing: /home/daniel/projects/tomauto_robot/install/tomauto_interfaces/share/ament_index/resource_index/packages/tomauto_interfaces
-- Installing: /home/daniel/projects/tomauto_robot/install/tomauto_interfaces/share/tomauto_interfaces/cmake/export_tomauto_interfaces__rosidl_generator_cExport.cmake
-- Installing: /home/daniel/projects/tomauto_robot/install/tomauto_interfaces/share/tomauto_interfaces/cmake/export_tomauto_interfaces__rosidl_generator_cExport-noconfig.cmake
-- Installing: /home/daniel/projects/tomauto_robot/install/tomauto_interfaces/share/tomauto_interfaces/cmake/export_tomauto_interfaces__rosidl_typesupport_fastrtps_cExport.cmake
-- Installing: /home/daniel/projects/tomauto_robot/install/tomauto_interfaces/share/tomauto_interfaces/cmake/export_tomauto_interfaces__rosidl_typesupport_fastrtps_cExport-noconfig.cmake
-- Installing: /home/daniel/projects/tomauto_robot/install/tomauto_interfaces/share/tomauto_interfaces/cmake/tomauto_interfaces__rosidl_typesupport_introspection_cExport.cmake
-- Installing: /home/daniel/projects/tomauto_robot/install/tomauto_interfaces/share/tomauto_interfaces/cmake/tomauto_interfaces__rosidl_typesupport_introspection_cExport-noconfig.cmake
-- Installing: /home/daniel/projects/tomauto_robot/install/tomauto_interfaces/share/tomauto_interfaces/cmake/tomauto_interfaces__rosidl_typesupport_cExport.cmake
-- Installing: /home/daniel/projects/tomauto_robot/install/tomauto_interfaces/share/tomauto_interfaces/cmake/tomauto_interfaces__rosidl_typesupport_cExport-noconfig.cmake
-- Installing: /home/daniel/projects/tomauto_robot/install/tomauto_interfaces/share/tomauto_interfaces/cmake/export_tomauto_interfaces__rosidl_generator_cppExport.cmake
-- Installing: /home/daniel/projects/tomauto_robot/install/tomauto_interfaces/share/tomauto_interfaces/cmake/export_tomauto_interfaces__rosidl_typesupport_fastrtps_cppExport.cmake
-- Installing: /home/daniel/projects/tomauto_robot/install/tomauto_interfaces/share/tomauto_interfaces/cmake/export_tomauto_interfaces__rosidl_typesupport_fastrtps_cppExport-noconfig.cmake
-- Installing: /home/daniel/projects/tomauto_robot/install/tomauto_interfaces/share/tomauto_interfaces/cmake/tomauto_interfaces__rosidl_typesupport_introspection_cppExport.cmake
-- Installing: /home/daniel/projects/tomauto_robot/install/tomauto_interfaces/share/tomauto_interfaces/cmake/tomauto_interfaces__rosidl_typesupport_introspection_cppExport-noconfig.cmake
-- Installing: /home/daniel/projects/tomauto_robot/install/tomauto_interfaces/share/tomauto_interfaces/cmake/tomauto_interfaces__rosidl_typesupport_cppExport.cmake
-- Installing: /home/daniel/projects/tomauto_robot/install/tomauto_interfaces/share/tomauto_interfaces/cmake/tomauto_interfaces__rosidl_typesupport_cppExport-noconfig.cmake
-- Installing: /home/daniel/projects/tomauto_robot/install/tomauto_interfaces/share/tomauto_interfaces/cmake/export_tomauto_interfaces__rosidl_generator_pyExport.cmake
-- Installing: /home/daniel/projects/tomauto_robot/install/tomauto_interfaces/share/tomauto_interfaces/cmake/export_tomauto_interfaces__rosidl_generator_pyExport-noconfig.cmake
-- Installing: /home/daniel/projects/tomauto_robot/install/tomauto_interfaces/share/tomauto_interfaces/cmake/rosidl_cmake-extras.cmake
-- Installing: /home/daniel/projects/tomauto_robot/install/tomauto_interfaces/share/tomauto_interfaces/cmake/ament_cmake_export_include_directories-extras.cmake
-- Installing: /home/daniel/projects/tomauto_robot/install/tomauto_interfaces/share/tomauto_interfaces/cmake/ament_cmake_export_libraries-extras.cmake
-- Installing: /home/daniel/projects/tomauto_robot/install/tomauto_interfaces/share/tomauto_interfaces/cmake/ament_cmake_export_targets-extras.cmake
-- Installing: /home/daniel/projects/tomauto_robot/install/tomauto_interfaces/share/tomauto_interfaces/cmake/rosidl_cmake_export_typesupport_targets-extras.cmake
-- Installing: /home/daniel/projects/tomauto_robot/install/tomauto_interfaces/share/tomauto_interfaces/cmake/ament_cmake_export_dependencies-extras.cmake
-- Installing: /home/daniel/projects/tomauto_robot/install/tomauto_interfaces/share/tomauto_interfaces/cmake/rosidl_cmake_export_typesupport_libraries-extras.cmake
-- Installing: /home/daniel/projects/tomauto_robot/install/tomauto_interfaces/share/tomauto_interfaces/cmake/tomauto_interfacesConfig.cmake
-- Installing: /home/daniel/projects/tomauto_robot/install/tomauto_interfaces/share/tomauto_interfaces/cmake/tomauto_interfacesConfig-version.cmake
-- Installing: /home/daniel/projects/tomauto_robot/install/tomauto_interfaces/share/tomauto_interfaces/package.xml
