[0.391s] Invoking command in '/home/daniel/projects/tomauto_robot/build/tomauto_interfaces': CMAKE_PREFIX_PATH=${CMAKE_PREFIX_PATH}:/home/daniel/projects/tomauto_robot/install/dm:/home/daniel/projects/tomauto_robot/src/install/dm:/home/daniel/projects/ros/install/my_py_pkg:/opt/ros/jazzy DEBUGINFOD_URLS=https://debuginfod.ubuntu.com /usr/bin/cmake --build /home/daniel/projects/tomauto_robot/build/tomauto_interfaces -- -j8 -l8
[0.463s] [  2%] [34m[1mGenerating type hashes for ROS interfaces[0m
[0.472s] [  2%] Built target ament_cmake_python_copy_tomauto_interfaces
[0.666s] [  2%] Built target tomauto_interfaces__rosidl_generator_type_description
[0.680s] [  5%] [34m[1mGenerating C code for ROS interfaces[0m
[0.690s] running egg_info
[0.695s] [  8%] [34m[1mGenerating C++ code for ROS interfaces[0m
[0.700s] writing tomauto_interfaces.egg-info/PKG-INFO
[0.700s] writing dependency_links to tomauto_interfaces.egg-info/dependency_links.txt
[0.700s] writing top-level names to tomauto_interfaces.egg-info/top_level.txt
[0.729s] reading manifest file 'tomauto_interfaces.egg-info/SOURCES.txt'
[0.729s] writing manifest file 'tomauto_interfaces.egg-info/SOURCES.txt'
[0.756s] [  8%] Built target ament_cmake_python_build_tomauto_interfaces_egg
[0.940s] [  8%] Built target tomauto_interfaces__cpp
[0.964s] [ 11%] [32mBuilding C object CMakeFiles/tomauto_interfaces__rosidl_generator_c.dir/rosidl_generator_c/tomauto_interfaces/msg/detail/drive_camera__description.c.o[0m
[0.965s] [ 14%] [32mBuilding C object CMakeFiles/tomauto_interfaces__rosidl_generator_c.dir/rosidl_generator_c/tomauto_interfaces/msg/detail/drive_camera__type_support.c.o[0m
[0.970s] [ 17%] [32mBuilding C object CMakeFiles/tomauto_interfaces__rosidl_generator_c.dir/rosidl_generator_c/tomauto_interfaces/msg/detail/drive_camera__functions.c.o[0m
[1.021s] [ 20%] [32m[1mLinking C shared library libtomauto_interfaces__rosidl_generator_c.so[0m
[1.077s] [ 20%] Built target tomauto_interfaces__rosidl_generator_c
[1.088s] [ 26%] [34m[1mGenerating C++ type support for eProsima Fast-RTPS[0m
[1.089s] [ 26%] [34m[1mGenerating C introspection for ROS interfaces[0m
[1.093s] [ 32%] [34m[1mGenerating C type support for eProsima Fast-RTPS[0m
[1.093s] [ 32%] [34m[1mGenerating C++ type support dispatch for ROS interfaces[0m
[1.093s] [ 35%] [34m[1mGenerating C++ introspection for ROS interfaces[0m
[1.095s] [ 38%] [34m[1mGenerating C type support dispatch for ROS interfaces[0m
[1.378s] [ 41%] [32mBuilding CXX object CMakeFiles/tomauto_interfaces__rosidl_typesupport_introspection_cpp.dir/rosidl_typesupport_introspection_cpp/tomauto_interfaces/msg/detail/drive_camera__type_support.cpp.o[0m
[1.395s] [ 44%] [32mBuilding C object CMakeFiles/tomauto_interfaces__rosidl_typesupport_introspection_c.dir/rosidl_typesupport_introspection_c/tomauto_interfaces/msg/detail/drive_camera__type_support.c.o[0m
[1.398s] [ 47%] [32mBuilding CXX object CMakeFiles/tomauto_interfaces__rosidl_typesupport_c.dir/rosidl_typesupport_c/tomauto_interfaces/msg/drive_camera__type_support.cpp.o[0m
[1.414s] [ 50%] [32mBuilding CXX object CMakeFiles/tomauto_interfaces__rosidl_typesupport_cpp.dir/rosidl_typesupport_cpp/tomauto_interfaces/msg/drive_camera__type_support.cpp.o[0m
[1.420s] [ 52%] [32mBuilding CXX object CMakeFiles/tomauto_interfaces__rosidl_typesupport_fastrtps_cpp.dir/rosidl_typesupport_fastrtps_cpp/tomauto_interfaces/msg/detail/dds_fastrtps/drive_camera__type_support.cpp.o[0m
[1.434s] [ 55%] [32mBuilding CXX object CMakeFiles/tomauto_interfaces__rosidl_typesupport_fastrtps_c.dir/rosidl_typesupport_fastrtps_c/tomauto_interfaces/msg/detail/drive_camera__type_support_c.cpp.o[0m
[1.446s] [ 58%] [32m[1mLinking C shared library libtomauto_interfaces__rosidl_typesupport_introspection_c.so[0m
[1.462s] [ 61%] [32m[1mLinking CXX shared library libtomauto_interfaces__rosidl_typesupport_c.so[0m
[1.474s] [ 61%] Built target tomauto_interfaces__rosidl_typesupport_introspection_c
[1.503s] [ 61%] Built target tomauto_interfaces__rosidl_typesupport_c
[1.663s] [ 64%] [32m[1mLinking CXX shared library libtomauto_interfaces__rosidl_typesupport_introspection_cpp.so[0m
[1.703s] [ 67%] [32m[1mLinking CXX shared library libtomauto_interfaces__rosidl_typesupport_cpp.so[0m
[1.761s] [ 67%] Built target tomauto_interfaces__rosidl_typesupport_introspection_cpp
[1.765s] [ 67%] Built target tomauto_interfaces__rosidl_typesupport_cpp
[1.797s] [ 70%] [32m[1mLinking CXX shared library libtomauto_interfaces__rosidl_typesupport_fastrtps_c.so[0m
[1.819s] [ 73%] [32m[1mLinking CXX shared library libtomauto_interfaces__rosidl_typesupport_fastrtps_cpp.so[0m
[1.887s] [ 73%] Built target tomauto_interfaces__rosidl_typesupport_fastrtps_c
[1.949s] [ 73%] Built target tomauto_interfaces__rosidl_typesupport_fastrtps_cpp
[1.986s] [ 73%] Built target tomauto_interfaces
[2.029s] [ 76%] [34m[1mGenerating Python code for ROS interfaces[0m
[2.350s] [ 76%] Built target tomauto_interfaces__py
[2.392s] [ 79%] [32mBuilding C object CMakeFiles/tomauto_interfaces__rosidl_generator_py.dir/rosidl_generator_py/tomauto_interfaces/msg/_drive_camera_s.c.o[0m
[2.611s] [ 82%] [32m[1mLinking C shared library libtomauto_interfaces__rosidl_generator_py.so[0m
[2.691s] [ 82%] Built target tomauto_interfaces__rosidl_generator_py
[2.728s] [ 85%] [32mBuilding C object CMakeFiles/tomauto_interfaces_s__rosidl_typesupport_c.dir/rosidl_generator_py/tomauto_interfaces/_tomauto_interfaces_s.ep.rosidl_typesupport_c.c.o[0m
[2.728s] [ 88%] [32mBuilding C object CMakeFiles/tomauto_interfaces_s__rosidl_typesupport_introspection_c.dir/rosidl_generator_py/tomauto_interfaces/_tomauto_interfaces_s.ep.rosidl_typesupport_introspection_c.c.o[0m
[2.733s] [ 91%] [32mBuilding C object CMakeFiles/tomauto_interfaces_s__rosidl_typesupport_fastrtps_c.dir/rosidl_generator_py/tomauto_interfaces/_tomauto_interfaces_s.ep.rosidl_typesupport_fastrtps_c.c.o[0m
[2.846s] [ 94%] [32m[1mLinking C shared module rosidl_generator_py/tomauto_interfaces/tomauto_interfaces_s__rosidl_typesupport_introspection_c.so[0m
[2.849s] [ 97%] [32m[1mLinking C shared module rosidl_generator_py/tomauto_interfaces/tomauto_interfaces_s__rosidl_typesupport_c.so[0m
[2.859s] [100%] [32m[1mLinking C shared module rosidl_generator_py/tomauto_interfaces/tomauto_interfaces_s__rosidl_typesupport_fastrtps_c.so[0m
[2.875s] [100%] Built target tomauto_interfaces_s__rosidl_typesupport_introspection_c
[2.893s] [100%] Built target tomauto_interfaces_s__rosidl_typesupport_c
[2.902s] [100%] Built target tomauto_interfaces_s__rosidl_typesupport_fastrtps_c
[2.923s] Invoked command in '/home/daniel/projects/tomauto_robot/build/tomauto_interfaces' returned '0': CMAKE_PREFIX_PATH=${CMAKE_PREFIX_PATH}:/home/daniel/projects/tomauto_robot/install/dm:/home/daniel/projects/tomauto_robot/src/install/dm:/home/daniel/projects/ros/install/my_py_pkg:/opt/ros/jazzy DEBUGINFOD_URLS=https://debuginfod.ubuntu.com /usr/bin/cmake --build /home/daniel/projects/tomauto_robot/build/tomauto_interfaces -- -j8 -l8
[2.938s] Invoking command in '/home/daniel/projects/tomauto_robot/build/tomauto_interfaces': CMAKE_PREFIX_PATH=${CMAKE_PREFIX_PATH}:/home/daniel/projects/tomauto_robot/install/dm:/home/daniel/projects/tomauto_robot/src/install/dm:/home/daniel/projects/ros/install/my_py_pkg:/opt/ros/jazzy DEBUGINFOD_URLS=https://debuginfod.ubuntu.com /usr/bin/cmake --install /home/daniel/projects/tomauto_robot/build/tomauto_interfaces
[2.957s] -- Install configuration: ""
[2.957s] -- Installing: /home/daniel/projects/tomauto_robot/install/tomauto_interfaces/share/ament_index/resource_index/rosidl_interfaces/tomauto_interfaces
[2.957s] -- Installing: /home/daniel/projects/tomauto_robot/install/tomauto_interfaces/share/tomauto_interfaces/msg/DriveCamera.json
[2.958s] -- Installing: /home/daniel/projects/tomauto_robot/install/tomauto_interfaces/include/tomauto_interfaces/tomauto_interfaces
[2.958s] -- Installing: /home/daniel/projects/tomauto_robot/install/tomauto_interfaces/include/tomauto_interfaces/tomauto_interfaces/msg
[2.959s] -- Installing: /home/daniel/projects/tomauto_robot/install/tomauto_interfaces/include/tomauto_interfaces/tomauto_interfaces/msg/rosidl_generator_c__visibility_control.h
[2.959s] -- Installing: /home/daniel/projects/tomauto_robot/install/tomauto_interfaces/include/tomauto_interfaces/tomauto_interfaces/msg/drive_camera.h
[2.959s] -- Installing: /home/daniel/projects/tomauto_robot/install/tomauto_interfaces/include/tomauto_interfaces/tomauto_interfaces/msg/detail
[2.959s] -- Installing: /home/daniel/projects/tomauto_robot/install/tomauto_interfaces/include/tomauto_interfaces/tomauto_interfaces/msg/detail/drive_camera__functions.h
[2.959s] -- Installing: /home/daniel/projects/tomauto_robot/install/tomauto_interfaces/include/tomauto_interfaces/tomauto_interfaces/msg/detail/drive_camera__description.c
[2.959s] -- Installing: /home/daniel/projects/tomauto_robot/install/tomauto_interfaces/include/tomauto_interfaces/tomauto_interfaces/msg/detail/drive_camera__functions.c
[2.960s] -- Installing: /home/daniel/projects/tomauto_robot/install/tomauto_interfaces/include/tomauto_interfaces/tomauto_interfaces/msg/detail/drive_camera__type_support.c
[2.960s] -- Installing: /home/daniel/projects/tomauto_robot/install/tomauto_interfaces/include/tomauto_interfaces/tomauto_interfaces/msg/detail/drive_camera__struct.h
[2.960s] -- Installing: /home/daniel/projects/tomauto_robot/install/tomauto_interfaces/include/tomauto_interfaces/tomauto_interfaces/msg/detail/drive_camera__type_support.h
[2.960s] -- Installing: /home/daniel/projects/tomauto_robot/install/tomauto_interfaces/share/tomauto_interfaces/environment/library_path.sh
[2.960s] -- Installing: /home/daniel/projects/tomauto_robot/install/tomauto_interfaces/share/tomauto_interfaces/environment/library_path.dsv
[2.960s] -- Installing: /home/daniel/projects/tomauto_robot/install/tomauto_interfaces/lib/libtomauto_interfaces__rosidl_generator_c.so
[2.961s] -- Set non-toolchain portion of runtime path of "/home/daniel/projects/tomauto_robot/install/tomauto_interfaces/lib/libtomauto_interfaces__rosidl_generator_c.so" to ""
[2.961s] -- Up-to-date: /home/daniel/projects/tomauto_robot/install/tomauto_interfaces/include/tomauto_interfaces/tomauto_interfaces
[2.961s] -- Up-to-date: /home/daniel/projects/tomauto_robot/install/tomauto_interfaces/include/tomauto_interfaces/tomauto_interfaces/msg
[2.961s] -- Installing: /home/daniel/projects/tomauto_robot/install/tomauto_interfaces/include/tomauto_interfaces/tomauto_interfaces/msg/rosidl_typesupport_fastrtps_c__visibility_control.h
[2.961s] -- Up-to-date: /home/daniel/projects/tomauto_robot/install/tomauto_interfaces/include/tomauto_interfaces/tomauto_interfaces/msg/detail
[2.961s] -- Installing: /home/daniel/projects/tomauto_robot/install/tomauto_interfaces/include/tomauto_interfaces/tomauto_interfaces/msg/detail/drive_camera__rosidl_typesupport_fastrtps_c.h
[2.961s] -- Installing: /home/daniel/projects/tomauto_robot/install/tomauto_interfaces/lib/libtomauto_interfaces__rosidl_typesupport_fastrtps_c.so
[2.962s] -- Set non-toolchain portion of runtime path of "/home/daniel/projects/tomauto_robot/install/tomauto_interfaces/lib/libtomauto_interfaces__rosidl_typesupport_fastrtps_c.so" to ""
[2.962s] -- Up-to-date: /home/daniel/projects/tomauto_robot/install/tomauto_interfaces/include/tomauto_interfaces/tomauto_interfaces
[2.962s] -- Up-to-date: /home/daniel/projects/tomauto_robot/install/tomauto_interfaces/include/tomauto_interfaces/tomauto_interfaces/msg
[2.962s] -- Installing: /home/daniel/projects/tomauto_robot/install/tomauto_interfaces/include/tomauto_interfaces/tomauto_interfaces/msg/rosidl_typesupport_introspection_c__visibility_control.h
[2.963s] -- Up-to-date: /home/daniel/projects/tomauto_robot/install/tomauto_interfaces/include/tomauto_interfaces/tomauto_interfaces/msg/detail
[2.963s] -- Installing: /home/daniel/projects/tomauto_robot/install/tomauto_interfaces/include/tomauto_interfaces/tomauto_interfaces/msg/detail/drive_camera__rosidl_typesupport_introspection_c.h
[2.963s] -- Up-to-date: /home/daniel/projects/tomauto_robot/install/tomauto_interfaces/include/tomauto_interfaces/tomauto_interfaces/msg/detail/drive_camera__type_support.c
[2.963s] -- Installing: /home/daniel/projects/tomauto_robot/install/tomauto_interfaces/lib/libtomauto_interfaces__rosidl_typesupport_introspection_c.so
[2.963s] -- Set non-toolchain portion of runtime path of "/home/daniel/projects/tomauto_robot/install/tomauto_interfaces/lib/libtomauto_interfaces__rosidl_typesupport_introspection_c.so" to ""
[2.963s] -- Installing: /home/daniel/projects/tomauto_robot/install/tomauto_interfaces/lib/libtomauto_interfaces__rosidl_typesupport_c.so
[2.963s] -- Set non-toolchain portion of runtime path of "/home/daniel/projects/tomauto_robot/install/tomauto_interfaces/lib/libtomauto_interfaces__rosidl_typesupport_c.so" to ""
[2.963s] -- Up-to-date: /home/daniel/projects/tomauto_robot/install/tomauto_interfaces/include/tomauto_interfaces/tomauto_interfaces
[2.963s] -- Up-to-date: /home/daniel/projects/tomauto_robot/install/tomauto_interfaces/include/tomauto_interfaces/tomauto_interfaces/msg
[2.964s] -- Installing: /home/daniel/projects/tomauto_robot/install/tomauto_interfaces/include/tomauto_interfaces/tomauto_interfaces/msg/rosidl_generator_cpp__visibility_control.hpp
[2.964s] -- Up-to-date: /home/daniel/projects/tomauto_robot/install/tomauto_interfaces/include/tomauto_interfaces/tomauto_interfaces/msg/detail
[2.964s] -- Installing: /home/daniel/projects/tomauto_robot/install/tomauto_interfaces/include/tomauto_interfaces/tomauto_interfaces/msg/detail/drive_camera__struct.hpp
[2.964s] -- Installing: /home/daniel/projects/tomauto_robot/install/tomauto_interfaces/include/tomauto_interfaces/tomauto_interfaces/msg/detail/drive_camera__traits.hpp
[2.964s] -- Installing: /home/daniel/projects/tomauto_robot/install/tomauto_interfaces/include/tomauto_interfaces/tomauto_interfaces/msg/detail/drive_camera__builder.hpp
[2.964s] -- Installing: /home/daniel/projects/tomauto_robot/install/tomauto_interfaces/include/tomauto_interfaces/tomauto_interfaces/msg/detail/drive_camera__type_support.hpp
[2.964s] -- Installing: /home/daniel/projects/tomauto_robot/install/tomauto_interfaces/include/tomauto_interfaces/tomauto_interfaces/msg/drive_camera.hpp
[2.964s] -- Up-to-date: /home/daniel/projects/tomauto_robot/install/tomauto_interfaces/include/tomauto_interfaces/tomauto_interfaces
[2.964s] -- Up-to-date: /home/daniel/projects/tomauto_robot/install/tomauto_interfaces/include/tomauto_interfaces/tomauto_interfaces/msg
[2.964s] -- Up-to-date: /home/daniel/projects/tomauto_robot/install/tomauto_interfaces/include/tomauto_interfaces/tomauto_interfaces/msg/detail
[2.964s] -- Installing: /home/daniel/projects/tomauto_robot/install/tomauto_interfaces/include/tomauto_interfaces/tomauto_interfaces/msg/detail/drive_camera__rosidl_typesupport_fastrtps_cpp.hpp
[2.965s] -- Installing: /home/daniel/projects/tomauto_robot/install/tomauto_interfaces/include/tomauto_interfaces/tomauto_interfaces/msg/detail/dds_fastrtps
[2.965s] -- Installing: /home/daniel/projects/tomauto_robot/install/tomauto_interfaces/include/tomauto_interfaces/tomauto_interfaces/msg/rosidl_typesupport_fastrtps_cpp__visibility_control.h
[2.965s] -- Installing: /home/daniel/projects/tomauto_robot/install/tomauto_interfaces/lib/libtomauto_interfaces__rosidl_typesupport_fastrtps_cpp.so
[2.965s] -- Set non-toolchain portion of runtime path of "/home/daniel/projects/tomauto_robot/install/tomauto_interfaces/lib/libtomauto_interfaces__rosidl_typesupport_fastrtps_cpp.so" to ""
[2.965s] -- Up-to-date: /home/daniel/projects/tomauto_robot/install/tomauto_interfaces/include/tomauto_interfaces/tomauto_interfaces
[2.965s] -- Up-to-date: /home/daniel/projects/tomauto_robot/install/tomauto_interfaces/include/tomauto_interfaces/tomauto_interfaces/msg
[2.965s] -- Up-to-date: /home/daniel/projects/tomauto_robot/install/tomauto_interfaces/include/tomauto_interfaces/tomauto_interfaces/msg/detail
[2.965s] -- Installing: /home/daniel/projects/tomauto_robot/install/tomauto_interfaces/include/tomauto_interfaces/tomauto_interfaces/msg/detail/drive_camera__rosidl_typesupport_introspection_cpp.hpp
[2.965s] -- Installing: /home/daniel/projects/tomauto_robot/install/tomauto_interfaces/include/tomauto_interfaces/tomauto_interfaces/msg/detail/drive_camera__type_support.cpp
[2.965s] -- Installing: /home/daniel/projects/tomauto_robot/install/tomauto_interfaces/lib/libtomauto_interfaces__rosidl_typesupport_introspection_cpp.so
[2.966s] -- Set non-toolchain portion of runtime path of "/home/daniel/projects/tomauto_robot/install/tomauto_interfaces/lib/libtomauto_interfaces__rosidl_typesupport_introspection_cpp.so" to ""
[2.966s] -- Installing: /home/daniel/projects/tomauto_robot/install/tomauto_interfaces/lib/libtomauto_interfaces__rosidl_typesupport_cpp.so
[2.966s] -- Set non-toolchain portion of runtime path of "/home/daniel/projects/tomauto_robot/install/tomauto_interfaces/lib/libtomauto_interfaces__rosidl_typesupport_cpp.so" to ""
[2.966s] -- Installing: /home/daniel/projects/tomauto_robot/install/tomauto_interfaces/share/tomauto_interfaces/environment/pythonpath.sh
[2.966s] -- Installing: /home/daniel/projects/tomauto_robot/install/tomauto_interfaces/share/tomauto_interfaces/environment/pythonpath.dsv
[2.966s] -- Installing: /home/daniel/projects/tomauto_robot/install/tomauto_interfaces/lib/python3.12/site-packages/tomauto_interfaces-0.0.0-py3.12.egg-info
[2.967s] -- Installing: /home/daniel/projects/tomauto_robot/install/tomauto_interfaces/lib/python3.12/site-packages/tomauto_interfaces-0.0.0-py3.12.egg-info/dependency_links.txt
[2.967s] -- Installing: /home/daniel/projects/tomauto_robot/install/tomauto_interfaces/lib/python3.12/site-packages/tomauto_interfaces-0.0.0-py3.12.egg-info/top_level.txt
[2.968s] -- Installing: /home/daniel/projects/tomauto_robot/install/tomauto_interfaces/lib/python3.12/site-packages/tomauto_interfaces-0.0.0-py3.12.egg-info/PKG-INFO
[2.968s] -- Installing: /home/daniel/projects/tomauto_robot/install/tomauto_interfaces/lib/python3.12/site-packages/tomauto_interfaces-0.0.0-py3.12.egg-info/SOURCES.txt
[2.968s] -- Installing: /home/daniel/projects/tomauto_robot/install/tomauto_interfaces/lib/python3.12/site-packages/tomauto_interfaces
[2.968s] -- Installing: /home/daniel/projects/tomauto_robot/install/tomauto_interfaces/lib/python3.12/site-packages/tomauto_interfaces/tomauto_interfaces_s__rosidl_typesupport_fastrtps_c.so
[2.968s] -- Installing: /home/daniel/projects/tomauto_robot/install/tomauto_interfaces/lib/python3.12/site-packages/tomauto_interfaces/_tomauto_interfaces_s.ep.rosidl_typesupport_c.c
[2.968s] -- Installing: /home/daniel/projects/tomauto_robot/install/tomauto_interfaces/lib/python3.12/site-packages/tomauto_interfaces/__init__.py
[2.968s] -- Installing: /home/daniel/projects/tomauto_robot/install/tomauto_interfaces/lib/python3.12/site-packages/tomauto_interfaces/tomauto_interfaces_s__rosidl_typesupport_c.so
[2.969s] -- Installing: /home/daniel/projects/tomauto_robot/install/tomauto_interfaces/lib/python3.12/site-packages/tomauto_interfaces/msg
[2.969s] -- Installing: /home/daniel/projects/tomauto_robot/install/tomauto_interfaces/lib/python3.12/site-packages/tomauto_interfaces/msg/_drive_camera_s.c
[2.969s] -- Installing: /home/daniel/projects/tomauto_robot/install/tomauto_interfaces/lib/python3.12/site-packages/tomauto_interfaces/msg/__init__.py
[2.969s] -- Installing: /home/daniel/projects/tomauto_robot/install/tomauto_interfaces/lib/python3.12/site-packages/tomauto_interfaces/msg/_drive_camera.py
[2.969s] -- Installing: /home/daniel/projects/tomauto_robot/install/tomauto_interfaces/lib/python3.12/site-packages/tomauto_interfaces/tomauto_interfaces_s__rosidl_typesupport_introspection_c.so
[2.969s] -- Installing: /home/daniel/projects/tomauto_robot/install/tomauto_interfaces/lib/python3.12/site-packages/tomauto_interfaces/_tomauto_interfaces_s.ep.rosidl_typesupport_introspection_c.c
[2.969s] -- Installing: /home/daniel/projects/tomauto_robot/install/tomauto_interfaces/lib/python3.12/site-packages/tomauto_interfaces/_tomauto_interfaces_s.ep.rosidl_typesupport_fastrtps_c.c
[3.016s] Listing '/home/daniel/projects/tomauto_robot/install/tomauto_interfaces/lib/python3.12/site-packages/tomauto_interfaces'...
[3.016s] Compiling '/home/daniel/projects/tomauto_robot/install/tomauto_interfaces/lib/python3.12/site-packages/tomauto_interfaces/__init__.py'...
[3.016s] Listing '/home/daniel/projects/tomauto_robot/install/tomauto_interfaces/lib/python3.12/site-packages/tomauto_interfaces/msg'...
[3.016s] Compiling '/home/daniel/projects/tomauto_robot/install/tomauto_interfaces/lib/python3.12/site-packages/tomauto_interfaces/msg/__init__.py'...
[3.016s] Compiling '/home/daniel/projects/tomauto_robot/install/tomauto_interfaces/lib/python3.12/site-packages/tomauto_interfaces/msg/_drive_camera.py'...
[3.021s] -- Installing: /home/daniel/projects/tomauto_robot/install/tomauto_interfaces/lib/python3.12/site-packages/tomauto_interfaces/tomauto_interfaces_s__rosidl_typesupport_fastrtps_c.so
[3.021s] -- Set non-toolchain portion of runtime path of "/home/daniel/projects/tomauto_robot/install/tomauto_interfaces/lib/python3.12/site-packages/tomauto_interfaces/tomauto_interfaces_s__rosidl_typesupport_fastrtps_c.so" to ""
[3.021s] -- Installing: /home/daniel/projects/tomauto_robot/install/tomauto_interfaces/lib/python3.12/site-packages/tomauto_interfaces/tomauto_interfaces_s__rosidl_typesupport_introspection_c.so
[3.021s] -- Set non-toolchain portion of runtime path of "/home/daniel/projects/tomauto_robot/install/tomauto_interfaces/lib/python3.12/site-packages/tomauto_interfaces/tomauto_interfaces_s__rosidl_typesupport_introspection_c.so" to ""
[3.021s] -- Installing: /home/daniel/projects/tomauto_robot/install/tomauto_interfaces/lib/python3.12/site-packages/tomauto_interfaces/tomauto_interfaces_s__rosidl_typesupport_c.so
[3.022s] -- Set non-toolchain portion of runtime path of "/home/daniel/projects/tomauto_robot/install/tomauto_interfaces/lib/python3.12/site-packages/tomauto_interfaces/tomauto_interfaces_s__rosidl_typesupport_c.so" to ""
[3.022s] -- Installing: /home/daniel/projects/tomauto_robot/install/tomauto_interfaces/lib/libtomauto_interfaces__rosidl_generator_py.so
[3.022s] -- Set non-toolchain portion of runtime path of "/home/daniel/projects/tomauto_robot/install/tomauto_interfaces/lib/libtomauto_interfaces__rosidl_generator_py.so" to ""
[3.022s] -- Installing: /home/daniel/projects/tomauto_robot/install/tomauto_interfaces/share/tomauto_interfaces/msg/DriveCamera.idl
[3.022s] -- Installing: /home/daniel/projects/tomauto_robot/install/tomauto_interfaces/share/tomauto_interfaces/msg/DriveCamera.msg
[3.022s] -- Installing: /home/daniel/projects/tomauto_robot/install/tomauto_interfaces/share/ament_index/resource_index/package_run_dependencies/tomauto_interfaces
[3.022s] -- Installing: /home/daniel/projects/tomauto_robot/install/tomauto_interfaces/share/ament_index/resource_index/parent_prefix_path/tomauto_interfaces
[3.022s] -- Installing: /home/daniel/projects/tomauto_robot/install/tomauto_interfaces/share/tomauto_interfaces/environment/ament_prefix_path.sh
[3.022s] -- Installing: /home/daniel/projects/tomauto_robot/install/tomauto_interfaces/share/tomauto_interfaces/environment/ament_prefix_path.dsv
[3.023s] -- Installing: /home/daniel/projects/tomauto_robot/install/tomauto_interfaces/share/tomauto_interfaces/environment/path.sh
[3.023s] -- Installing: /home/daniel/projects/tomauto_robot/install/tomauto_interfaces/share/tomauto_interfaces/environment/path.dsv
[3.023s] -- Installing: /home/daniel/projects/tomauto_robot/install/tomauto_interfaces/share/tomauto_interfaces/local_setup.bash
[3.023s] -- Installing: /home/daniel/projects/tomauto_robot/install/tomauto_interfaces/share/tomauto_interfaces/local_setup.sh
[3.023s] -- Installing: /home/daniel/projects/tomauto_robot/install/tomauto_interfaces/share/tomauto_interfaces/local_setup.zsh
[3.023s] -- Installing: /home/daniel/projects/tomauto_robot/install/tomauto_interfaces/share/tomauto_interfaces/local_setup.dsv
[3.023s] -- Up-to-date: /home/daniel/projects/tomauto_robot/install/tomauto_interfaces/share/tomauto_interfaces/package.dsv
[3.023s] -- Installing: /home/daniel/projects/tomauto_robot/install/tomauto_interfaces/share/ament_index/resource_index/packages/tomauto_interfaces
[3.023s] -- Installing: /home/daniel/projects/tomauto_robot/install/tomauto_interfaces/share/tomauto_interfaces/cmake/export_tomauto_interfaces__rosidl_generator_cExport.cmake
[3.023s] -- Installing: /home/daniel/projects/tomauto_robot/install/tomauto_interfaces/share/tomauto_interfaces/cmake/export_tomauto_interfaces__rosidl_generator_cExport-noconfig.cmake
[3.023s] -- Installing: /home/daniel/projects/tomauto_robot/install/tomauto_interfaces/share/tomauto_interfaces/cmake/export_tomauto_interfaces__rosidl_typesupport_fastrtps_cExport.cmake
[3.023s] -- Installing: /home/daniel/projects/tomauto_robot/install/tomauto_interfaces/share/tomauto_interfaces/cmake/export_tomauto_interfaces__rosidl_typesupport_fastrtps_cExport-noconfig.cmake
[3.024s] -- Installing: /home/daniel/projects/tomauto_robot/install/tomauto_interfaces/share/tomauto_interfaces/cmake/tomauto_interfaces__rosidl_typesupport_introspection_cExport.cmake
[3.024s] -- Installing: /home/daniel/projects/tomauto_robot/install/tomauto_interfaces/share/tomauto_interfaces/cmake/tomauto_interfaces__rosidl_typesupport_introspection_cExport-noconfig.cmake
[3.024s] -- Installing: /home/daniel/projects/tomauto_robot/install/tomauto_interfaces/share/tomauto_interfaces/cmake/tomauto_interfaces__rosidl_typesupport_cExport.cmake
[3.024s] -- Installing: /home/daniel/projects/tomauto_robot/install/tomauto_interfaces/share/tomauto_interfaces/cmake/tomauto_interfaces__rosidl_typesupport_cExport-noconfig.cmake
[3.024s] -- Installing: /home/daniel/projects/tomauto_robot/install/tomauto_interfaces/share/tomauto_interfaces/cmake/export_tomauto_interfaces__rosidl_generator_cppExport.cmake
[3.024s] -- Installing: /home/daniel/projects/tomauto_robot/install/tomauto_interfaces/share/tomauto_interfaces/cmake/export_tomauto_interfaces__rosidl_typesupport_fastrtps_cppExport.cmake
[3.024s] -- Installing: /home/daniel/projects/tomauto_robot/install/tomauto_interfaces/share/tomauto_interfaces/cmake/export_tomauto_interfaces__rosidl_typesupport_fastrtps_cppExport-noconfig.cmake
[3.024s] -- Installing: /home/daniel/projects/tomauto_robot/install/tomauto_interfaces/share/tomauto_interfaces/cmake/tomauto_interfaces__rosidl_typesupport_introspection_cppExport.cmake
[3.024s] -- Installing: /home/daniel/projects/tomauto_robot/install/tomauto_interfaces/share/tomauto_interfaces/cmake/tomauto_interfaces__rosidl_typesupport_introspection_cppExport-noconfig.cmake
[3.024s] -- Installing: /home/daniel/projects/tomauto_robot/install/tomauto_interfaces/share/tomauto_interfaces/cmake/tomauto_interfaces__rosidl_typesupport_cppExport.cmake
[3.025s] -- Installing: /home/daniel/projects/tomauto_robot/install/tomauto_interfaces/share/tomauto_interfaces/cmake/tomauto_interfaces__rosidl_typesupport_cppExport-noconfig.cmake
[3.025s] -- Installing: /home/daniel/projects/tomauto_robot/install/tomauto_interfaces/share/tomauto_interfaces/cmake/export_tomauto_interfaces__rosidl_generator_pyExport.cmake
[3.025s] -- Installing: /home/daniel/projects/tomauto_robot/install/tomauto_interfaces/share/tomauto_interfaces/cmake/export_tomauto_interfaces__rosidl_generator_pyExport-noconfig.cmake
[3.025s] -- Installing: /home/daniel/projects/tomauto_robot/install/tomauto_interfaces/share/tomauto_interfaces/cmake/rosidl_cmake-extras.cmake
[3.025s] -- Installing: /home/daniel/projects/tomauto_robot/install/tomauto_interfaces/share/tomauto_interfaces/cmake/ament_cmake_export_include_directories-extras.cmake
[3.025s] -- Installing: /home/daniel/projects/tomauto_robot/install/tomauto_interfaces/share/tomauto_interfaces/cmake/ament_cmake_export_libraries-extras.cmake
[3.025s] -- Installing: /home/daniel/projects/tomauto_robot/install/tomauto_interfaces/share/tomauto_interfaces/cmake/ament_cmake_export_targets-extras.cmake
[3.025s] -- Installing: /home/daniel/projects/tomauto_robot/install/tomauto_interfaces/share/tomauto_interfaces/cmake/rosidl_cmake_export_typesupport_targets-extras.cmake
[3.025s] -- Installing: /home/daniel/projects/tomauto_robot/install/tomauto_interfaces/share/tomauto_interfaces/cmake/ament_cmake_export_dependencies-extras.cmake
[3.025s] -- Installing: /home/daniel/projects/tomauto_robot/install/tomauto_interfaces/share/tomauto_interfaces/cmake/rosidl_cmake_export_typesupport_libraries-extras.cmake
[3.025s] -- Installing: /home/daniel/projects/tomauto_robot/install/tomauto_interfaces/share/tomauto_interfaces/cmake/tomauto_interfacesConfig.cmake
[3.025s] -- Installing: /home/daniel/projects/tomauto_robot/install/tomauto_interfaces/share/tomauto_interfaces/cmake/tomauto_interfacesConfig-version.cmake
[3.025s] -- Installing: /home/daniel/projects/tomauto_robot/install/tomauto_interfaces/share/tomauto_interfaces/package.xml
[3.028s] Invoked command in '/home/daniel/projects/tomauto_robot/build/tomauto_interfaces' returned '0': CMAKE_PREFIX_PATH=${CMAKE_PREFIX_PATH}:/home/daniel/projects/tomauto_robot/install/dm:/home/daniel/projects/tomauto_robot/src/install/dm:/home/daniel/projects/ros/install/my_py_pkg:/opt/ros/jazzy DEBUGINFOD_URLS=https://debuginfod.ubuntu.com /usr/bin/cmake --install /home/daniel/projects/tomauto_robot/build/tomauto_interfaces
