running egg_info
creating ../build/dm/dm.egg-info
writing ../build/dm/dm.egg-info/PKG-INFO
writing dependency_links to ../build/dm/dm.egg-info/dependency_links.txt
writing entry points to ../build/dm/dm.egg-info/entry_points.txt
writing requirements to ../build/dm/dm.egg-info/requires.txt
writing top-level names to ../build/dm/dm.egg-info/top_level.txt
writing manifest file '../build/dm/dm.egg-info/SOURCES.txt'
reading manifest file '../build/dm/dm.egg-info/SOURCES.txt'
writing manifest file '../build/dm/dm.egg-info/SOURCES.txt'
running build
running build_py
creating /home/daniel/projects/tomauto_robot/src/build/dm/build
creating /home/daniel/projects/tomauto_robot/src/build/dm/build/lib
creating /home/daniel/projects/tomauto_robot/src/build/dm/build/lib/dm
copying dm/__init__.py -> /home/daniel/projects/tomauto_robot/src/build/dm/build/lib/dm
copying dm/absract_dc_motor.py -> /home/daniel/projects/tomauto_robot/src/build/dm/build/lib/dm
copying dm/mock_dc_motors.py -> /home/daniel/projects/tomauto_robot/src/build/dm/build/lib/dm
running install
running install_lib
creating /home/daniel/projects/tomauto_robot/src/install/dm/lib/python3.12/site-packages/dm
copying /home/daniel/projects/tomauto_robot/src/build/dm/build/lib/dm/__init__.py -> /home/daniel/projects/tomauto_robot/src/install/dm/lib/python3.12/site-packages/dm
copying /home/daniel/projects/tomauto_robot/src/build/dm/build/lib/dm/absract_dc_motor.py -> /home/daniel/projects/tomauto_robot/src/install/dm/lib/python3.12/site-packages/dm
copying /home/daniel/projects/tomauto_robot/src/build/dm/build/lib/dm/mock_dc_motors.py -> /home/daniel/projects/tomauto_robot/src/install/dm/lib/python3.12/site-packages/dm
byte-compiling /home/daniel/projects/tomauto_robot/src/install/dm/lib/python3.12/site-packages/dm/__init__.py to __init__.cpython-312.pyc
byte-compiling /home/daniel/projects/tomauto_robot/src/install/dm/lib/python3.12/site-packages/dm/absract_dc_motor.py to absract_dc_motor.cpython-312.pyc
byte-compiling /home/daniel/projects/tomauto_robot/src/install/dm/lib/python3.12/site-packages/dm/mock_dc_motors.py to mock_dc_motors.cpython-312.pyc
running install_data
creating /home/daniel/projects/tomauto_robot/src/install/dm/share/ament_index
creating /home/daniel/projects/tomauto_robot/src/install/dm/share/ament_index/resource_index
creating /home/daniel/projects/tomauto_robot/src/install/dm/share/ament_index/resource_index/packages
copying resource/dm -> /home/daniel/projects/tomauto_robot/src/install/dm/share/ament_index/resource_index/packages
copying package.xml -> /home/daniel/projects/tomauto_robot/src/install/dm/share/dm
running install_egg_info
Copying ../build/dm/dm.egg-info to /home/daniel/projects/tomauto_robot/src/install/dm/lib/python3.12/site-packages/dm-0.0.0-py3.12.egg-info
running install_scripts
Installing mock_dc_motors script to /home/daniel/projects/tomauto_robot/src/install/dm/lib/dm
writing list of installed files to '/home/daniel/projects/tomauto_robot/src/build/dm/install.log'
