[0.343s] Invoking command in '/home/daniel/projects/tomauto_robot/src/dm': DEBUGINFOD_URLS=https://debuginfod.ubuntu.com PYTHONPATH=/home/daniel/projects/tomauto_robot/build/dm/prefix_override:/usr/lib/python3/dist-packages/colcon_core/task/python/colcon_distutils_commands:/home/daniel/projects/tomauto_robot/install/dm/lib/python3.12/site-packages:${PYTHONPATH} /usr/bin/python3 -W ignore:setup.py install is deprecated -W ignore:easy_install command is deprecated setup.py egg_info --egg-base ../../build/dm build --build-base /home/daniel/projects/tomauto_robot/build/dm/build install --record /home/daniel/projects/tomauto_robot/build/dm/install.log --single-version-externally-managed install_data
[0.463s] running egg_info
[0.463s] creating ../../build/dm/dm.egg-info
[0.469s] writing ../../build/dm/dm.egg-info/PKG-INFO
[0.469s] writing dependency_links to ../../build/dm/dm.egg-info/dependency_links.txt
[0.469s] writing entry points to ../../build/dm/dm.egg-info/entry_points.txt
[0.469s] writing requirements to ../../build/dm/dm.egg-info/requires.txt
[0.469s] writing top-level names to ../../build/dm/dm.egg-info/top_level.txt
[0.469s] writing manifest file '../../build/dm/dm.egg-info/SOURCES.txt'
[0.483s] reading manifest file '../../build/dm/dm.egg-info/SOURCES.txt'
[0.483s] writing manifest file '../../build/dm/dm.egg-info/SOURCES.txt'
[0.483s] running build
[0.483s] running build_py
[0.483s] creating /home/daniel/projects/tomauto_robot/build/dm/build
[0.483s] creating /home/daniel/projects/tomauto_robot/build/dm/build/lib
[0.483s] creating /home/daniel/projects/tomauto_robot/build/dm/build/lib/dm
[0.483s] copying dm/__init__.py -> /home/daniel/projects/tomauto_robot/build/dm/build/lib/dm
[0.483s] copying dm/absract_dc_motor.py -> /home/daniel/projects/tomauto_robot/build/dm/build/lib/dm
[0.483s] copying dm/mock_dc_motors.py -> /home/daniel/projects/tomauto_robot/build/dm/build/lib/dm
[0.484s] running install
[0.486s] running install_lib
[0.493s] creating /home/daniel/projects/tomauto_robot/install/dm/lib/python3.12/site-packages/dm
[0.493s] copying /home/daniel/projects/tomauto_robot/build/dm/build/lib/dm/__init__.py -> /home/daniel/projects/tomauto_robot/install/dm/lib/python3.12/site-packages/dm
[0.493s] copying /home/daniel/projects/tomauto_robot/build/dm/build/lib/dm/absract_dc_motor.py -> /home/daniel/projects/tomauto_robot/install/dm/lib/python3.12/site-packages/dm
[0.493s] copying /home/daniel/projects/tomauto_robot/build/dm/build/lib/dm/mock_dc_motors.py -> /home/daniel/projects/tomauto_robot/install/dm/lib/python3.12/site-packages/dm
[0.493s] byte-compiling /home/daniel/projects/tomauto_robot/install/dm/lib/python3.12/site-packages/dm/__init__.py to __init__.cpython-312.pyc
[0.493s] byte-compiling /home/daniel/projects/tomauto_robot/install/dm/lib/python3.12/site-packages/dm/absract_dc_motor.py to absract_dc_motor.cpython-312.pyc
[0.493s] byte-compiling /home/daniel/projects/tomauto_robot/install/dm/lib/python3.12/site-packages/dm/mock_dc_motors.py to mock_dc_motors.cpython-312.pyc
[0.494s] running install_data
[0.494s] creating /home/daniel/projects/tomauto_robot/install/dm/share/ament_index
[0.494s] creating /home/daniel/projects/tomauto_robot/install/dm/share/ament_index/resource_index
[0.494s] creating /home/daniel/projects/tomauto_robot/install/dm/share/ament_index/resource_index/packages
[0.494s] copying resource/dm -> /home/daniel/projects/tomauto_robot/install/dm/share/ament_index/resource_index/packages
[0.494s] copying package.xml -> /home/daniel/projects/tomauto_robot/install/dm/share/dm
[0.494s] running install_egg_info
[0.501s] Copying ../../build/dm/dm.egg-info to /home/daniel/projects/tomauto_robot/install/dm/lib/python3.12/site-packages/dm-0.0.0-py3.12.egg-info
[0.501s] running install_scripts
[0.552s] Installing mock_dc_motors script to /home/daniel/projects/tomauto_robot/install/dm/lib/dm
[0.553s] writing list of installed files to '/home/daniel/projects/tomauto_robot/build/dm/install.log'
[0.565s] Invoked command in '/home/daniel/projects/tomauto_robot/src/dm' returned '0': DEBUGINFOD_URLS=https://debuginfod.ubuntu.com PYTHONPATH=/home/daniel/projects/tomauto_robot/build/dm/prefix_override:/usr/lib/python3/dist-packages/colcon_core/task/python/colcon_distutils_commands:/home/daniel/projects/tomauto_robot/install/dm/lib/python3.12/site-packages:${PYTHONPATH} /usr/bin/python3 -W ignore:setup.py install is deprecated -W ignore:easy_install command is deprecated setup.py egg_info --egg-base ../../build/dm build --build-base /home/daniel/projects/tomauto_robot/build/dm/build install --record /home/daniel/projects/tomauto_robot/build/dm/install.log --single-version-externally-managed install_data
