[0.361s] Invoking command in '/home/daniel/projects/tomauto_robot/src/dm': DEBUGINFOD_URLS=https://debuginfod.ubuntu.com PYTHONPATH=/home/daniel/projects/tomauto_robot/build/dm/prefix_override:/usr/lib/python3/dist-packages/colcon_core/task/python/colcon_distutils_commands:/home/daniel/projects/tomauto_robot/install/dm/lib/python3.12/site-packages:${PYTHONPATH} /usr/bin/python3 -W ignore:setup.py install is deprecated -W ignore:easy_install command is deprecated setup.py egg_info --egg-base ../../build/dm build --build-base /home/daniel/projects/tomauto_robot/build/dm/build install --record /home/daniel/projects/tomauto_robot/build/dm/install.log --single-version-externally-managed install_data
[0.478s] running egg_info
[0.484s] writing ../../build/dm/dm.egg-info/PKG-INFO
[0.484s] writing dependency_links to ../../build/dm/dm.egg-info/dependency_links.txt
[0.484s] writing entry points to ../../build/dm/dm.egg-info/entry_points.txt
[0.484s] writing requirements to ../../build/dm/dm.egg-info/requires.txt
[0.485s] writing top-level names to ../../build/dm/dm.egg-info/top_level.txt
[0.498s] reading manifest file '../../build/dm/dm.egg-info/SOURCES.txt'
[0.498s] writing manifest file '../../build/dm/dm.egg-info/SOURCES.txt'
[0.498s] running build
[0.498s] running build_py
[0.498s] copying dm/mock_dc_motors.py -> /home/daniel/projects/tomauto_robot/build/dm/build/lib/dm
[0.499s] running install
[0.501s] running install_lib
[0.508s] copying /home/daniel/projects/tomauto_robot/build/dm/build/lib/dm/mock_dc_motors.py -> /home/daniel/projects/tomauto_robot/install/dm/lib/python3.12/site-packages/dm
[0.508s] byte-compiling /home/daniel/projects/tomauto_robot/install/dm/lib/python3.12/site-packages/dm/mock_dc_motors.py to mock_dc_motors.cpython-312.pyc
[0.508s] running install_data
[0.508s] running install_egg_info
[0.516s] removing '/home/daniel/projects/tomauto_robot/install/dm/lib/python3.12/site-packages/dm-0.0.0-py3.12.egg-info' (and everything under it)
[0.516s] Copying ../../build/dm/dm.egg-info to /home/daniel/projects/tomauto_robot/install/dm/lib/python3.12/site-packages/dm-0.0.0-py3.12.egg-info
[0.516s] running install_scripts
[0.566s] Installing mock_dc_motors script to /home/daniel/projects/tomauto_robot/install/dm/lib/dm
[0.566s] writing list of installed files to '/home/daniel/projects/tomauto_robot/build/dm/install.log'
[0.578s] Invoked command in '/home/daniel/projects/tomauto_robot/src/dm' returned '0': DEBUGINFOD_URLS=https://debuginfod.ubuntu.com PYTHONPATH=/home/daniel/projects/tomauto_robot/build/dm/prefix_override:/usr/lib/python3/dist-packages/colcon_core/task/python/colcon_distutils_commands:/home/daniel/projects/tomauto_robot/install/dm/lib/python3.12/site-packages:${PYTHONPATH} /usr/bin/python3 -W ignore:setup.py install is deprecated -W ignore:easy_install command is deprecated setup.py egg_info --egg-base ../../build/dm build --build-base /home/daniel/projects/tomauto_robot/build/dm/build install --record /home/daniel/projects/tomauto_robot/build/dm/install.log --single-version-externally-managed install_data
