[0.417s] Invoking command in '/home/daniel/projects/tomauto_robot/build/tomauto_interfaces': CMAKE_PREFIX_PATH=${CMAKE_PREFIX_PATH}:/home/daniel/projects/tomauto_robot/install/dm:/home/daniel/projects/tomauto_robot/src/install/dm:/home/daniel/projects/ros/install/my_py_pkg:/opt/ros/jazzy DEBUGINFOD_URLS=https://debuginfod.ubuntu.com /usr/bin/cmake /home/daniel/projects/tomauto_robot/src/tomauto_interfaces -DCMAKE_INSTALL_PREFIX=/home/daniel/projects/tomauto_robot/install/tomauto_interfaces
[0.438s] -- Found ament_cmake: 2.5.4 (/opt/ros/jazzy/share/ament_cmake/cmake)
[0.699s] -- Found rosidl_default_generators: 1.6.0 (/opt/ros/jazzy/share/rosidl_default_generators/cmake)
[0.703s] -- Using all available rosidl_typesupport_c: rosidl_typesupport_fastrtps_c;rosidl_typesupport_introspection_c
[0.749s] -- Using all available rosidl_typesupport_cpp: rosidl_typesupport_fastrtps_cpp;rosidl_typesupport_introspection_cpp
[0.785s] -- Found rosidl_adapter: 4.6.6 (/opt/ros/jazzy/share/rosidl_adapter/cmake)
[1.006s] -- Configuring incomplete, errors occurred!
[1.007s] [31mCMake Error at /opt/ros/jazzy/share/rosidl_adapter/cmake/rosidl_adapt_interfaces.cmake:57 (message):
[1.007s]   execute_process(/home/daniel/projects/tomauto_robot/.venv/bin/python3 -m
[1.007s]   rosidl_adapter --package-name my_robot_interfaces --arguments-file
[1.007s]   /home/daniel/projects/tomauto_robot/build/tomauto_interfaces/rosidl_adapter__arguments__my_robot_interfaces.json
[1.007s]   --output-dir
[1.007s]   /home/daniel/projects/tomauto_robot/build/tomauto_interfaces/rosidl_adapter/my_robot_interfaces
[1.007s]   --output-file
[1.007s]   /home/daniel/projects/tomauto_robot/build/tomauto_interfaces/rosidl_adapter/my_robot_interfaces.idls)
[1.007s]   returned error code 1:
[1.007s] 
[1.007s]   Traceback (most recent call last):
[1.007s] 
[1.007s]     File "<frozen runpy>", line 198, in _run_module_as_main
[1.007s]     File "<frozen runpy>", line 88, in _run_code
[1.007s]     File "/opt/ros/jazzy/lib/python3.12/site-packages/rosidl_adapter/__main__.py", line 19, in <module>
[1.007s]       sys.exit(main())
[1.007s]                ^^^^^^
[1.008s]     File "/opt/ros/jazzy/lib/python3.12/site-packages/rosidl_adapter/main.py", line 53, in main
[1.008s]       abs_idl_file = convert_to_idl(
[1.008s]                      ^^^^^^^^^^^^^^^
[1.008s]     File "/opt/ros/jazzy/lib/python3.12/site-packages/rosidl_adapter/__init__.py", line 18, in convert_to_idl
[1.008s]       from rosidl_adapter.msg import convert_msg_to_idl
[1.008s]     File "/opt/ros/jazzy/lib/python3.12/site-packages/rosidl_adapter/msg/__init__.py", line 16, in <module>
[1.008s]       from rosidl_adapter.resource import expand_template
[1.008s]     File "/opt/ros/jazzy/lib/python3.12/site-packages/rosidl_adapter/resource/__init__.py", line 19, in <module>
[1.008s]       import em
[1.008s] 
[1.008s]   ModuleNotFoundError: No module named 'em'
[1.008s] 
[1.008s] Call Stack (most recent call first):
[1.008s]   /opt/ros/jazzy/share/rosidl_cmake/cmake/rosidl_generate_interfaces.cmake:132 (rosidl_adapt_interfaces)
[1.008s]   CMakeLists.txt:12 (rosidl_generate_interfaces)
[1.008s] 
[1.008s] [0m
[1.015s] Invoked command in '/home/daniel/projects/tomauto_robot/build/tomauto_interfaces' returned '1': CMAKE_PREFIX_PATH=${CMAKE_PREFIX_PATH}:/home/daniel/projects/tomauto_robot/install/dm:/home/daniel/projects/tomauto_robot/src/install/dm:/home/daniel/projects/ros/install/my_py_pkg:/opt/ros/jazzy DEBUGINFOD_URLS=https://debuginfod.ubuntu.com /usr/bin/cmake /home/daniel/projects/tomauto_robot/src/tomauto_interfaces -DCMAKE_INSTALL_PREFIX=/home/daniel/projects/tomauto_robot/install/tomauto_interfaces
