[0.366s] Invoking command in '/home/daniel/projects/tomauto_robot/src/dm': DEBUGINFOD_URLS=https://debuginfod.ubuntu.com PS1=(venv) \[\e]0;\u@\h: \w\a\]${debian_chroot:+($debian_chroot)}\[\033[01;32m\]\u@\h\[\033[00m\]:\[\033[01;34m\]\w\[\033[00m\]\$ PYTHONPATH=/home/daniel/projects/tomauto_robot/build/dm/prefix_override:/usr/lib/python3/dist-packages/colcon_core/task/python/colcon_distutils_commands:/home/daniel/projects/tomauto_robot/install/dm/lib/python3.12/site-packages:${PYTHONPATH} VIRTUAL_ENV_PROMPT=(venv) /usr/bin/python3 -W ignore:setup.py install is deprecated -W ignore:easy_install command is deprecated setup.py egg_info --egg-base ../../build/dm build --build-base /home/daniel/projects/tomauto_robot/build/dm/build install --record /home/daniel/projects/tomauto_robot/build/dm/install.log --single-version-externally-managed install_data
[0.486s] running egg_info
[0.493s] writing ../../build/dm/dm.egg-info/PKG-INFO
[0.493s] writing dependency_links to ../../build/dm/dm.egg-info/dependency_links.txt
[0.493s] writing entry points to ../../build/dm/dm.egg-info/entry_points.txt
[0.493s] writing requirements to ../../build/dm/dm.egg-info/requires.txt
[0.494s] writing top-level names to ../../build/dm/dm.egg-info/top_level.txt
[0.508s] reading manifest file '../../build/dm/dm.egg-info/SOURCES.txt'
[0.508s] writing manifest file '../../build/dm/dm.egg-info/SOURCES.txt'
[0.508s] running build
[0.508s] running build_py
[0.509s] running install
[0.511s] running install_lib
[0.519s] running install_data
[0.519s] copying package.xml -> /home/daniel/projects/tomauto_robot/install/dm/share/dm
[0.520s] running install_egg_info
[0.527s] removing '/home/daniel/projects/tomauto_robot/install/dm/lib/python3.12/site-packages/dm-0.0.0-py3.12.egg-info' (and everything under it)
[0.527s] Copying ../../build/dm/dm.egg-info to /home/daniel/projects/tomauto_robot/install/dm/lib/python3.12/site-packages/dm-0.0.0-py3.12.egg-info
[0.528s] running install_scripts
[0.580s] Installing mock_dc_motors script to /home/daniel/projects/tomauto_robot/install/dm/lib/dm
[0.581s] writing list of installed files to '/home/daniel/projects/tomauto_robot/build/dm/install.log'
[0.593s] Invoked command in '/home/daniel/projects/tomauto_robot/src/dm' returned '0': DEBUGINFOD_URLS=https://debuginfod.ubuntu.com PS1=(venv) \[\e]0;\u@\h: \w\a\]${debian_chroot:+($debian_chroot)}\[\033[01;32m\]\u@\h\[\033[00m\]:\[\033[01;34m\]\w\[\033[00m\]\$ PYTHONPATH=/home/daniel/projects/tomauto_robot/build/dm/prefix_override:/usr/lib/python3/dist-packages/colcon_core/task/python/colcon_distutils_commands:/home/daniel/projects/tomauto_robot/install/dm/lib/python3.12/site-packages:${PYTHONPATH} VIRTUAL_ENV_PROMPT=(venv) /usr/bin/python3 -W ignore:setup.py install is deprecated -W ignore:easy_install command is deprecated setup.py egg_info --egg-base ../../build/dm build --build-base /home/daniel/projects/tomauto_robot/build/dm/build install --record /home/daniel/projects/tomauto_robot/build/dm/install.log --single-version-externally-managed install_data
